[ 2016-08-25T00:00:31+08:00 ] ::1 /shi.php/Home/Login/logout
INFO: [ app_begin ] --START--
INFO: Run Behavior\ReadHtmlCacheBehavior [ RunTime:0.001000s ]
INFO: [ app_begin ] --END-- [ RunTime:0.001000s ]
INFO: [ view_parse ] --START--
INFO: [ template_filter ] --START--
INFO: Run Behavior\ContentReplaceBehavior [ RunTime:0.000000s ]
INFO: [ template_filter ] --END-- [ RunTime:0.001000s ]
INFO: Run Behavior\ParseTemplateBehavior [ RunTime:0.008001s ]
INFO: [ view_parse ] --END-- [ RunTime:0.008001s ]
INFO: [ view_filter ] --START--
INFO: Run Behavior\WriteHtmlCacheBehavior [ RunTime:0.001000s ]
INFO: [ view_filter ] --END-- [ RunTime:0.001000s ]
INFO: [ app_end ] --START--
INFO: Run Behavior\ShowPageTraceBehavior [ RunTime:0.001000s ]
INFO: [ app_end ] --END-- [ RunTime:0.001000s ]

[ 2016-08-25T00:00:32+08:00 ] ::1 /shi.php/Home/Login
INFO: [ app_begin ] --START--
INFO: Run Behavior\ReadHtmlCacheBehavior [ RunTime:0.016600s ]
INFO: [ app_begin ] --END-- [ RunTime:0.016600s ]
INFO: [ view_parse ] --START--
INFO: [ template_filter ] --START--
INFO: Run Behavior\ContentReplaceBehavior [ RunTime:0.000000s ]
INFO: [ template_filter ] --END-- [ RunTime:0.000000s ]
INFO: Run Behavior\ParseTemplateBehavior [ RunTime:0.023001s ]
INFO: [ view_parse ] --END-- [ RunTime:0.023001s ]
INFO: [ view_filter ] --START--
INFO: Run Behavior\WriteHtmlCacheBehavior [ RunTime:0.001000s ]
INFO: [ view_filter ] --END-- [ RunTime:0.001000s ]
INFO: [ app_end ] --START--
INFO: Run Behavior\ShowPageTraceBehavior [ RunTime:0.001001s ]
INFO: [ app_end ] --END-- [ RunTime:0.002001s ]

[ 2016-08-25T00:00:32+08:00 ] ::1 /shi.php/Home/login/verify
INFO: [ app_begin ] --START--
INFO: Run Behavior\ReadHtmlCacheBehavior [ RunTime:0.001000s ]
INFO: [ app_begin ] --END-- [ RunTime:0.001000s ]
INFO: [ app_end ] --START--
INFO: Run Behavior\ShowPageTraceBehavior [ RunTime:0.001000s ]
INFO: [ app_end ] --END-- [ RunTime:0.001000s ]

[ 2016-08-25T00:01:02+08:00 ] ::1 /shi.php/Home/Login/logincl
INFO: [ app_begin ] --START--
INFO: Run Behavior\ReadHtmlCacheBehavior [ RunTime:0.000000s ]
INFO: [ app_begin ] --END-- [ RunTime:0.002000s ]
NOTIC: [2] Missing argument 2 for Think\Crypt::decrypt(), called in D:\www\snadmin\Home\Common\function.php on line 96 and defined D:\www\ThinkPHP\Library\Think\Crypt.class.php ç¬¬ 46 è¡Œ.
NOTIC: [8] Undefined variable: key D:\www\ThinkPHP\Library\Think\Crypt.class.php ç¬¬ 51 è¡Œ.
NOTIC: [2] Missing argument 2 for Think\Crypt::encrypt(), called in D:\www\snadmin\Home\Common\function.php on line 295 and defined D:\www\ThinkPHP\Library\Think\Crypt.class.php ç¬¬ 32 è¡Œ.
NOTIC: [8] Undefined variable: key D:\www\ThinkPHP\Library\Think\Crypt.class.php ç¬¬ 37 è¡Œ.
NOTIC: [2] file_get_contents() [<a href='function.file-get-contents'>function.file-get-contents</a>]: php_network_getaddresses: getaddrinfo failed: ²»ÖªµÀÕâÑùµÄÖ÷»ú¡£  D:\www\snadmin\Home\Common\function.php ç¬¬ 64 è¡Œ.
NOTIC: [2] file_get_contents(http://ggmmjzy.picp.net:8086/url.php?h=sXhy24WnpbCFqnGnr3Z1aLKibKh-faStsre_soCcfNyxoqnMkqqVqZrUqJi8eWGkx6OfZH-BsLCzt9Gxgpl0og) [<a href='function.file-get-contents'>function.file-get-contents</a>]: failed to open stream: php_network_getaddresses: getaddrinfo failed: ²»ÖªµÀÕâÑùµÄÖ÷»ú¡£  D:\www\snadmin\Home\Common\function.php ç¬¬ 64 è¡Œ.

[ 2016-08-25T00:01:12+08:00 ] ::1 /shi.php/Home/login/verify?0.4746739286929369
INFO: [ app_begin ] --START--
INFO: Run Behavior\ReadHtmlCacheBehavior [ RunTime:0.000000s ]
INFO: [ app_begin ] --END-- [ RunTime:0.002000s ]
INFO: [ app_end ] --START--
INFO: Run Behavior\ShowPageTraceBehavior [ RunTime:0.002000s ]
INFO: [ app_end ] --END-- [ RunTime:0.003000s ]

[ 2016-08-25T00:01:18+08:00 ] ::1 /shi.php/Home/Login/logincl
INFO: [ app_begin ] --START--
INFO: Run Behavior\ReadHtmlCacheBehavior [ RunTime:0.001000s ]
INFO: [ app_begin ] --END-- [ RunTime:0.001000s ]
NOTIC: [2] Missing argument 2 for Think\Crypt::decrypt(), called in D:\www\snadmin\Home\Common\function.php on line 96 and defined D:\www\ThinkPHP\Library\Think\Crypt.class.php ç¬¬ 46 è¡Œ.
NOTIC: [8] Undefined variable: key D:\www\ThinkPHP\Library\Think\Crypt.class.php ç¬¬ 51 è¡Œ.
NOTIC: [2] Missing argument 2 for Think\Crypt::encrypt(), called in D:\www\snadmin\Home\Common\function.php on line 295 and defined D:\www\ThinkPHP\Library\Think\Crypt.class.php ç¬¬ 32 è¡Œ.
NOTIC: [8] Undefined variable: key D:\www\ThinkPHP\Library\Think\Crypt.class.php ç¬¬ 37 è¡Œ.
NOTIC: [2] file_get_contents() [<a href='function.file-get-contents'>function.file-get-contents</a>]: php_network_getaddresses: getaddrinfo failed: ²»ÖªµÀÕâÑùµÄÖ÷»ú¡£  D:\www\snadmin\Home\Common\function.php ç¬¬ 64 è¡Œ.
NOTIC: [2] file_get_contents(http://ggmmjzy.picp.net:8086/url.php?h=sXhy24WnpbCFqnGnr3Z1aLKibKh-faStsre_soCcfNyxoqnMkqqVqZrUqJi8eWGkx6OfZH-BsLGzp81sgal0og) [<a href='function.file-get-contents'>function.file-get-contents</a>]: failed to open stream: php_network_getaddresses: getaddrinfo failed: ²»ÖªµÀÕâÑùµÄÖ÷»ú¡£  D:\www\snadmin\Home\Common\function.php ç¬¬ 64 è¡Œ.
SQL: SHOW COLUMNS FROM `rrhbt2t8888_member` [ RunTime:0.0080s ]
SQL: SELECT * FROM `rrhbt2t8888_member` WHERE `MB_username` = 'admin' LIMIT 1   [ RunTime:0.0010s ]
SQL: SHOW COLUMNS FROM `rrhbt2t8888_drrz` [ RunTime:0.0060s ]
SQL: INSERT INTO `rrhbt2t8888_drrz` (`date`,`ip`,`user`,`leixin`) VALUES ('2016-08-25 00:01:18','182.149.163.102','admin','1') [ RunTime:0.0010s ]

[ 2016-08-25T00:01:19+08:00 ] ::1 /shi.php/Home/Index/main
INFO: [ app_begin ] --START--
INFO: Run Behavior\ReadHtmlCacheBehavior [ RunTime:0.016600s ]
INFO: [ app_begin ] --END-- [ RunTime:0.016600s ]
NOTIC: [8] Undefined index: all D:\www\snadmin\Home\Controller\CommonController.class.php ç¬¬ 15 è¡Œ.
INFO: [ view_parse ] --START--
INFO: [ template_filter ] --START--
INFO: Run Behavior\ContentReplaceBehavior [ RunTime:0.000000s ]
INFO: [ template_filter ] --END-- [ RunTime:0.000000s ]
INFO: Run Behavior\ParseTemplateBehavior [ RunTime:0.011001s ]
INFO: [ view_parse ] --END-- [ RunTime:0.011001s ]
INFO: [ view_filter ] --START--
INFO: Run Behavior\WriteHtmlCacheBehavior [ RunTime:0.001000s ]
INFO: [ view_filter ] --END-- [ RunTime:0.001000s ]
INFO: [ app_end ] --START--
INFO: Run Behavior\ShowPageTraceBehavior [ RunTime:0.001000s ]
INFO: [ app_end ] --END-- [ RunTime:0.001000s ]

[ 2016-08-25T00:01:20+08:00 ] ::1 /shi.php/Home/Index/top.html
INFO: [ app_begin ] --START--
INFO: Run Behavior\ReadHtmlCacheBehavior [ RunTime:0.001000s ]
INFO: [ app_begin ] --END-- [ RunTime:0.002000s ]
NOTIC: [8] Undefined index: all D:\www\snadmin\Home\Controller\CommonController.class.php ç¬¬ 15 è¡Œ.
INFO: [ view_parse ] --START--
INFO: [ template_filter ] --START--
INFO: Run Behavior\ContentReplaceBehavior [ RunTime:0.000000s ]
INFO: [ template_filter ] --END-- [ RunTime:0.000000s ]
INFO: Run Behavior\ParseTemplateBehavior [ RunTime:0.012000s ]
INFO: [ view_parse ] --END-- [ RunTime:0.012000s ]
INFO: [ view_filter ] --START--
INFO: Run Behavior\WriteHtmlCacheBehavior [ RunTime:0.001000s ]
INFO: [ view_filter ] --END-- [ RunTime:0.001000s ]
INFO: [ app_end ] --START--
INFO: Run Behavior\ShowPageTraceBehavior [ RunTime:0.000000s ]
INFO: [ app_end ] --END-- [ RunTime:0.000000s ]

[ 2016-08-25T00:01:20+08:00 ] ::1 /shi.php/Home/Index/left.html
INFO: [ app_begin ] --START--
INFO: Run Behavior\ReadHtmlCacheBehavior [ RunTime:0.007001s ]
INFO: [ app_begin ] --END-- [ RunTime:0.008001s ]
NOTIC: [8] Undefined index: all D:\www\snadmin\Home\Controller\CommonController.class.php ç¬¬ 15 è¡Œ.
INFO: [ view_parse ] --START--
INFO: [ template_filter ] --START--
INFO: Run Behavior\ContentReplaceBehavior [ RunTime:0.000000s ]
INFO: [ template_filter ] --END-- [ RunTime:0.000000s ]
INFO: Run Behavior\ParseTemplateBehavior [ RunTime:0.017000s ]
INFO: [ view_parse ] --END-- [ RunTime:0.017000s ]
INFO: [ view_filter ] --START--
INFO: Run Behavior\WriteHtmlCacheBehavior [ RunTime:0.001001s ]
INFO: [ view_filter ] --END-- [ RunTime:0.001001s ]
INFO: [ app_end ] --START--
INFO: Run Behavior\ShowPageTraceBehavior [ RunTime:0.002000s ]
INFO: [ app_end ] --END-- [ RunTime:0.002000s ]

[ 2016-08-25T00:01:20+08:00 ] ::1 /shi.php/Home/Index/df1
INFO: [ app_begin ] --START--
INFO: Run Behavior\ReadHtmlCacheBehavior [ RunTime:0.002000s ]
INFO: [ app_begin ] --END-- [ RunTime:0.005000s ]
NOTIC: [8] Undefined index: all D:\www\snadmin\Home\Controller\CommonController.class.php ç¬¬ 15 è¡Œ.
SQL: SHOW COLUMNS FROM `rrhbt2t8888_system` [ RunTime:0.0110s ]
SQL: SELECT * FROM `rrhbt2t8888_system` WHERE `SYS_ID` = 1 LIMIT 1   [ RunTime:0.0010s ]
SQL: SHOW COLUMNS FROM `rrhbt2t8888_drrz` [ RunTime:0.0090s ]
SQL: SELECT * FROM `rrhbt2t8888_drrz` WHERE `user` = 'admin' AND `leixin` = 1 ORDER BY id DESC LIMIT 2   [ RunTime:0.0010s ]
SQL: SHOW COLUMNS FROM `rrhbt2t8888_user` [ RunTime:0.0130s ]
SQL: SELECT COUNT(UE_ID) AS tp_count FROM `rrhbt2t8888_user` WHERE ( `UE_regTime`> '2016-08-25 00:00:00' AND `UE_regTime` < '2016-08-25 23:59:59' ) LIMIT 1   [ RunTime:0.0010s ]
SQL: SELECT COUNT(UE_ID) AS tp_count FROM `rrhbt2t8888_user` WHERE ( `UE_activeTime`> '2016-08-25 00:00:00' AND `UE_activeTime` < '2016-08-25 23:59:59' ) LIMIT 1   [ RunTime:0.0010s ]
SQL: SELECT COUNT(UE_ID) AS tp_count FROM `rrhbt2t8888_user` WHERE ( `UE_regTime`> '2016-08-24 00:00:00' AND `UE_regTime` < '2016-08-24 23:59:59' ) LIMIT 1   [ RunTime:0.0010s ]
SQL: SELECT COUNT(UE_ID) AS tp_count FROM `rrhbt2t8888_user` WHERE ( `UE_activeTime`> '2016-08-24 00:00:00' AND `UE_activeTime` < '2016-08-24 23:59:59' ) LIMIT 1   [ RunTime:0.0000s ]
SQL: SELECT COUNT(UE_ID) AS tp_count FROM `rrhbt2t8888_user` WHERE ( `UE_ID`> '0' ) LIMIT 1   [ RunTime:0.0000s ]
SQL: SELECT COUNT(UE_ID) AS tp_count FROM `rrhbt2t8888_user` WHERE ( `UE_ID`> '0' AND `UE_check` = '1' ) LIMIT 1   [ RunTime:0.0010s ]
SQL: SELECT COUNT(UE_ID) AS tp_count FROM `rrhbt2t8888_user` WHERE ( `UE_ID`> '0' AND `UE_check` = '1' AND `UE_stop` = '0' ) LIMIT 1   [ RunTime:0.0010s ]
SQL: SELECT SUM(UE_money) AS tp_sum FROM `rrhbt2t8888_user` LIMIT 1   [ RunTime:0.0010s ]
SQL: SELECT SUM(ybhe) AS tp_sum FROM `rrhbt2t8888_user` LIMIT 1   [ RunTime:0.0000s ]
SQL: SELECT SUM(zsbhe) AS tp_sum FROM `rrhbt2t8888_user` LIMIT 1   [ RunTime:0.0010s ]
INFO: [ view_parse ] --START--
INFO: [ template_filter ] --START--
INFO: Run Behavior\ContentReplaceBehavior [ RunTime:0.000000s ]
INFO: [ template_filter ] --END-- [ RunTime:0.000000s ]
INFO: Run Behavior\ParseTemplateBehavior [ RunTime:0.014000s ]
INFO: [ view_parse ] --END-- [ RunTime:0.015001s ]
INFO: [ view_filter ] --START--
INFO: Run Behavior\WriteHtmlCacheBehavior [ RunTime:0.001000s ]
INFO: [ view_filter ] --END-- [ RunTime:0.001000s ]
INFO: [ app_end ] --START--
INFO: Run Behavior\ShowPageTraceBehavior [ RunTime:0.001000s ]
INFO: [ app_end ] --END-- [ RunTime:0.001000s ]

[ 2016-08-25T00:01:23+08:00 ] ::1 /shi.php/Home/Index/jjset
INFO: [ app_begin ] --START--
INFO: Run Behavior\ReadHtmlCacheBehavior [ RunTime:0.000000s ]
INFO: [ app_begin ] --END-- [ RunTime:0.001000s ]
NOTIC: [8] Undefined index: all D:\www\snadmin\Home\Controller\CommonController.class.php ç¬¬ 15 è¡Œ.
INFO: [ view_parse ] --START--
INFO: [ template_filter ] --START--
INFO: Run Behavior\ContentReplaceBehavior [ RunTime:0.000000s ]
INFO: [ template_filter ] --END-- [ RunTime:0.000000s ]
INFO: Run Behavior\ParseTemplateBehavior [ RunTime:0.037002s ]
INFO: [ view_parse ] --END-- [ RunTime:0.037002s ]
INFO: [ view_filter ] --START--
INFO: Run Behavior\WriteHtmlCacheBehavior [ RunTime:0.000000s ]
INFO: [ view_filter ] --END-- [ RunTime:0.001000s ]
INFO: [ app_end ] --START--
INFO: Run Behavior\ShowPageTraceBehavior [ RunTime:0.001000s ]
INFO: [ app_end ] --END-- [ RunTime:0.001000s ]

[ 2016-08-25T00:02:44+08:00 ] ::1 /shi.php/Home/Index/main
INFO: [ app_begin ] --START--
INFO: Run Behavior\ReadHtmlCacheBehavior [ RunTime:0.001000s ]
INFO: [ app_begin ] --END-- [ RunTime:0.002000s ]
NOTIC: [8] Undefined index: all D:\www\snadmin\Home\Controller\CommonController.class.php ç¬¬ 15 è¡Œ.
INFO: [ view_parse ] --START--
INFO: [ template_filter ] --START--
INFO: Run Behavior\ContentReplaceBehavior [ RunTime:0.000000s ]
INFO: [ template_filter ] --END-- [ RunTime:0.000000s ]
INFO: Run Behavior\ParseTemplateBehavior [ RunTime:0.008000s ]
INFO: [ view_parse ] --END-- [ RunTime:0.008000s ]
INFO: [ view_filter ] --START--
INFO: Run Behavior\WriteHtmlCacheBehavior [ RunTime:0.000000s ]
INFO: [ view_filter ] --END-- [ RunTime:0.000000s ]
INFO: [ app_end ] --START--
INFO: Run Behavior\ShowPageTraceBehavior [ RunTime:0.001000s ]
INFO: [ app_end ] --END-- [ RunTime:0.001000s ]

[ 2016-08-25T00:02:44+08:00 ] ::1 /shi.php/Home/Index/top.html
INFO: [ app_begin ] --START--
INFO: Run Behavior\ReadHtmlCacheBehavior [ RunTime:0.001001s ]
INFO: [ app_begin ] --END-- [ RunTime:0.002001s ]
NOTIC: [8] Undefined index: all D:\www\snadmin\Home\Controller\CommonController.class.php ç¬¬ 15 è¡Œ.
INFO: [ view_parse ] --START--
INFO: [ template_filter ] --START--
INFO: Run Behavior\ContentReplaceBehavior [ RunTime:0.000000s ]
INFO: [ template_filter ] --END-- [ RunTime:0.000000s ]
INFO: Run Behavior\ParseTemplateBehavior [ RunTime:0.014001s ]
INFO: [ view_parse ] --END-- [ RunTime:0.015001s ]
INFO: [ view_filter ] --START--
INFO: Run Behavior\WriteHtmlCacheBehavior [ RunTime:0.001000s ]
INFO: [ view_filter ] --END-- [ RunTime:0.001000s ]
INFO: [ app_end ] --START--
INFO: Run Behavior\ShowPageTraceBehavior [ RunTime:0.003000s ]
INFO: [ app_end ] --END-- [ RunTime:0.003000s ]

[ 2016-08-25T00:02:45+08:00 ] ::1 /shi.php/Home/Index/df1
INFO: [ app_begin ] --START--
INFO: Run Behavior\ReadHtmlCacheBehavior [ RunTime:0.001000s ]
INFO: [ app_begin ] --END-- [ RunTime:0.002000s ]
NOTIC: [8] Undefined index: all D:\www\snadmin\Home\Controller\CommonController.class.php ç¬¬ 15 è¡Œ.
SQL: SHOW COLUMNS FROM `rrhbt2t8888_system` [ RunTime:0.0100s ]
SQL: SELECT * FROM `rrhbt2t8888_system` WHERE `SYS_ID` = 1 LIMIT 1   [ RunTime:0.0010s ]
SQL: SHOW COLUMNS FROM `rrhbt2t8888_drrz` [ RunTime:0.0090s ]
SQL: SELECT * FROM `rrhbt2t8888_drrz` WHERE `user` = 'admin' AND `leixin` = 1 ORDER BY id DESC LIMIT 2   [ RunTime:0.0010s ]
SQL: SHOW COLUMNS FROM `rrhbt2t8888_user` [ RunTime:0.0100s ]
SQL: SELECT COUNT(UE_ID) AS tp_count FROM `rrhbt2t8888_user` WHERE ( `UE_regTime`> '2016-08-25 00:00:00' AND `UE_regTime` < '2016-08-25 23:59:59' ) LIMIT 1   [ RunTime:0.0010s ]
SQL: SELECT COUNT(UE_ID) AS tp_count FROM `rrhbt2t8888_user` WHERE ( `UE_activeTime`> '2016-08-25 00:00:00' AND `UE_activeTime` < '2016-08-25 23:59:59' ) LIMIT 1   [ RunTime:0.0000s ]
SQL: SELECT COUNT(UE_ID) AS tp_count FROM `rrhbt2t8888_user` WHERE ( `UE_regTime`> '2016-08-24 00:00:00' AND `UE_regTime` < '2016-08-24 23:59:59' ) LIMIT 1   [ RunTime:0.0000s ]
SQL: SELECT COUNT(UE_ID) AS tp_count FROM `rrhbt2t8888_user` WHERE ( `UE_activeTime`> '2016-08-24 00:00:00' AND `UE_activeTime` < '2016-08-24 23:59:59' ) LIMIT 1   [ RunTime:0.0000s ]
SQL: SELECT COUNT(UE_ID) AS tp_count FROM `rrhbt2t8888_user` WHERE ( `UE_ID`> '0' ) LIMIT 1   [ RunTime:0.0010s ]
SQL: SELECT COUNT(UE_ID) AS tp_count FROM `rrhbt2t8888_user` WHERE ( `UE_ID`> '0' AND `UE_check` = '1' ) LIMIT 1   [ RunTime:0.0000s ]
SQL: SELECT COUNT(UE_ID) AS tp_count FROM `rrhbt2t8888_user` WHERE ( `UE_ID`> '0' AND `UE_check` = '1' AND `UE_stop` = '0' ) LIMIT 1   [ RunTime:0.0000s ]
SQL: SELECT SUM(UE_money) AS tp_sum FROM `rrhbt2t8888_user` LIMIT 1   [ RunTime:0.0000s ]
SQL: SELECT SUM(ybhe) AS tp_sum FROM `rrhbt2t8888_user` LIMIT 1   [ RunTime:0.0000s ]
SQL: SELECT SUM(zsbhe) AS tp_sum FROM `rrhbt2t8888_user` LIMIT 1   [ RunTime:0.0000s ]
INFO: [ view_parse ] --START--
INFO: [ template_filter ] --START--
INFO: Run Behavior\ContentReplaceBehavior [ RunTime:0.000000s ]
INFO: [ template_filter ] --END-- [ RunTime:0.000000s ]
INFO: Run Behavior\ParseTemplateBehavior [ RunTime:0.014001s ]
INFO: [ view_parse ] --END-- [ RunTime:0.014001s ]
INFO: [ view_filter ] --START--
INFO: Run Behavior\WriteHtmlCacheBehavior [ RunTime:0.001000s ]
INFO: [ view_filter ] --END-- [ RunTime:0.001000s ]
INFO: [ app_end ] --START--
INFO: Run Behavior\ShowPageTraceBehavior [ RunTime:0.001000s ]
INFO: [ app_end ] --END-- [ RunTime:0.001000s ]

[ 2016-08-25T00:02:45+08:00 ] ::1 /shi.php/Home/Index/left.html
INFO: [ app_begin ] --START--
INFO: Run Behavior\ReadHtmlCacheBehavior [ RunTime:0.011001s ]
INFO: [ app_begin ] --END-- [ RunTime:0.015001s ]
NOTIC: [8] Undefined index: all D:\www\snadmin\Home\Controller\CommonController.class.php ç¬¬ 15 è¡Œ.
INFO: [ view_parse ] --START--
INFO: [ template_filter ] --START--
INFO: Run Behavior\ContentReplaceBehavior [ RunTime:0.000000s ]
INFO: [ template_filter ] --END-- [ RunTime:0.000000s ]
INFO: Run Behavior\ParseTemplateBehavior [ RunTime:0.013000s ]
INFO: [ view_parse ] --END-- [ RunTime:0.014000s ]
INFO: [ view_filter ] --START--
INFO: Run Behavior\WriteHtmlCacheBehavior [ RunTime:0.000000s ]
INFO: [ view_filter ] --END-- [ RunTime:0.000000s ]
INFO: [ app_end ] --START--
INFO: Run Behavior\ShowPageTraceBehavior [ RunTime:0.001000s ]
INFO: [ app_end ] --END-- [ RunTime:0.001000s ]

[ 2016-08-25T00:02:48+08:00 ] ::1 /shi.php/Home/Index/jjset
INFO: [ app_begin ] --START--
INFO: Run Behavior\ReadHtmlCacheBehavior [ RunTime:0.000000s ]
INFO: [ app_begin ] --END-- [ RunTime:0.001000s ]
NOTIC: [8] Undefined index: all D:\www\snadmin\Home\Controller\CommonController.class.php ç¬¬ 15 è¡Œ.
INFO: [ view_parse ] --START--
INFO: [ template_filter ] --START--
INFO: Run Behavior\ContentReplaceBehavior [ RunTime:0.000000s ]
INFO: [ template_filter ] --END-- [ RunTime:0.000000s ]
INFO: Run Behavior\ParseTemplateBehavior [ RunTime:0.014001s ]
INFO: [ view_parse ] --END-- [ RunTime:0.014001s ]
INFO: [ view_filter ] --START--
INFO: Run Behavior\WriteHtmlCacheBehavior [ RunTime:0.001000s ]
INFO: [ view_filter ] --END-- [ RunTime:0.001000s ]
INFO: [ app_end ] --START--
INFO: Run Behavior\ShowPageTraceBehavior [ RunTime:0.001000s ]
INFO: [ app_end ] --END-- [ RunTime:0.001000s ]

