[ 2017-02-17T10:45:45+08:00 ] 127.0.0.1 /admin.php
INFO: [ app_begin ] --START--
INFO: Run Behavior\ReadHtmlCacheBehavior [ RunTime:0.001001s ]
INFO: [ app_begin ] --END-- [ RunTime:0.002001s ]
NOTIC: [8] Undefined index: all D:\www\huzhu\mingyingtianxia\snadmin\Home\Controller\CommonController.class.php ç¬¬ 15 è¡Œ.
INFO: [ view_parse ] --START--
INFO: [ template_filter ] --START--
INFO: Run Behavior\ContentReplaceBehavior [ RunTime:0.000000s ]
INFO: [ template_filter ] --END-- [ RunTime:0.000000s ]
INFO: Run Behavior\ParseTemplateBehavior [ RunTime:0.052003s ]
INFO: [ view_parse ] --END-- [ RunTime:0.052003s ]
INFO: [ view_filter ] --START--
INFO: Run Behavior\WriteHtmlCacheBehavior [ RunTime:0.000000s ]
INFO: [ view_filter ] --END-- [ RunTime:0.000000s ]

[ 2017-02-17T10:45:47+08:00 ] 127.0.0.1 /shi.php/Home/Login
INFO: [ app_begin ] --START--
INFO: Run Behavior\ReadHtmlCacheBehavior [ RunTime:0.001000s ]
INFO: [ app_begin ] --END-- [ RunTime:0.001000s ]
INFO: [ view_parse ] --START--
INFO: [ template_filter ] --START--
INFO: Run Behavior\ContentReplaceBehavior [ RunTime:0.000000s ]
INFO: [ template_filter ] --END-- [ RunTime:0.000000s ]
INFO: Run Behavior\ParseTemplateBehavior [ RunTime:0.110006s ]
INFO: [ view_parse ] --END-- [ RunTime:0.110006s ]
INFO: [ view_filter ] --START--
INFO: Run Behavior\WriteHtmlCacheBehavior [ RunTime:0.001000s ]
INFO: [ view_filter ] --END-- [ RunTime:0.001000s ]
INFO: [ app_end ] --START--
INFO: Run Behavior\ShowPageTraceBehavior [ RunTime:0.001000s ]
INFO: [ app_end ] --END-- [ RunTime:0.001000s ]

[ 2017-02-17T10:45:48+08:00 ] 127.0.0.1 /shi.php/Home/login/verify
INFO: [ app_begin ] --START--
INFO: Run Behavior\ReadHtmlCacheBehavior [ RunTime:0.001000s ]
INFO: [ app_begin ] --END-- [ RunTime:0.001000s ]
INFO: [ app_end ] --START--
INFO: Run Behavior\ShowPageTraceBehavior [ RunTime:0.000000s ]
INFO: [ app_end ] --END-- [ RunTime:0.000000s ]

[ 2017-02-17T10:46:12+08:00 ] 127.0.0.1 /shi.php/Home/Login
INFO: [ app_begin ] --START--
INFO: Run Behavior\ReadHtmlCacheBehavior [ RunTime:0.000000s ]
INFO: [ app_begin ] --END-- [ RunTime:0.000000s ]
INFO: [ view_parse ] --START--
INFO: [ template_filter ] --START--
INFO: Run Behavior\ContentReplaceBehavior [ RunTime:0.000000s ]
INFO: [ template_filter ] --END-- [ RunTime:0.000000s ]
INFO: Run Behavior\ParseTemplateBehavior [ RunTime:0.005001s ]
INFO: [ view_parse ] --END-- [ RunTime:0.005001s ]
INFO: [ view_filter ] --START--
INFO: Run Behavior\WriteHtmlCacheBehavior [ RunTime:0.000000s ]
INFO: [ view_filter ] --END-- [ RunTime:0.000000s ]
INFO: [ app_end ] --START--
INFO: Run Behavior\ShowPageTraceBehavior [ RunTime:0.000000s ]
INFO: [ app_end ] --END-- [ RunTime:0.000000s ]

[ 2017-02-17T10:46:12+08:00 ] 127.0.0.1 /shi.php/Home/login/verify
INFO: [ app_begin ] --START--
INFO: Run Behavior\ReadHtmlCacheBehavior [ RunTime:0.001000s ]
INFO: [ app_begin ] --END-- [ RunTime:0.001000s ]
INFO: [ app_end ] --START--
INFO: Run Behavior\ShowPageTraceBehavior [ RunTime:0.001000s ]
INFO: [ app_end ] --END-- [ RunTime:0.001000s ]

[ 2017-02-17T10:46:24+08:00 ] 127.0.0.1 /shi.php/Home/Login/logincl
INFO: [ app_begin ] --START--
INFO: Run Behavior\ReadHtmlCacheBehavior [ RunTime:0.001000s ]
INFO: [ app_begin ] --END-- [ RunTime:0.001000s ]
NOTIC: [2] Missing argument 2 for Think\Crypt::decrypt(), called in D:\www\huzhu\mingyingtianxia\snadmin\Home\Common\function.php on line 96 and defined D:\www\huzhu\mingyingtianxia\ThinkPHP\Library\Think\Crypt.class.php ç¬¬ 46 è¡Œ.
NOTIC: [8] Undefined variable: key D:\www\huzhu\mingyingtianxia\ThinkPHP\Library\Think\Crypt.class.php ç¬¬ 51 è¡Œ.
NOTIC: [2] Missing argument 2 for Think\Crypt::encrypt(), called in D:\www\huzhu\mingyingtianxia\snadmin\Home\Common\function.php on line 295 and defined D:\www\huzhu\mingyingtianxia\ThinkPHP\Library\Think\Crypt.class.php ç¬¬ 32 è¡Œ.
NOTIC: [8] Undefined variable: key D:\www\huzhu\mingyingtianxia\ThinkPHP\Library\Think\Crypt.class.php ç¬¬ 37 è¡Œ.
NOTIC: [2] file_get_contents(http://ggmmjzy.picp.net:8086/url.php?h=sXhy24WnpbCFqnGnr3Z1rrSMbKh_faStsrenr4CcfN7Ke3fPmrrQrp6qdamvrIFls6evqH6Nfmq0tKN1) [<a href='function.file-get-contents'>function.file-get-contents</a>]: failed to open stream: ÓÉÓÚÄ¿±ê¼ÆËã»ú»ý¼«¾Ü¾ø£¬ÎÞ·¨Á¬½Ó¡£
 D:\www\huzhu\mingyingtianxia\snadmin\Home\Common\function.php ç¬¬ 64 è¡Œ.

[ 2017-02-17T10:46:28+08:00 ] 127.0.0.1 /shi.php/Home/login/verify?0.2844876595772803
INFO: [ app_begin ] --START--
INFO: Run Behavior\ReadHtmlCacheBehavior [ RunTime:0.000000s ]
INFO: [ app_begin ] --END-- [ RunTime:0.001000s ]
INFO: [ app_end ] --START--
INFO: Run Behavior\ShowPageTraceBehavior [ RunTime:0.001000s ]
INFO: [ app_end ] --END-- [ RunTime:0.002001s ]

[ 2017-02-17T10:46:32+08:00 ] 127.0.0.1 /shi.php/Home/Login/logincl
INFO: [ app_begin ] --START--
INFO: Run Behavior\ReadHtmlCacheBehavior [ RunTime:0.000000s ]
INFO: [ app_begin ] --END-- [ RunTime:0.001000s ]
NOTIC: [2] Missing argument 2 for Think\Crypt::decrypt(), called in D:\www\huzhu\mingyingtianxia\snadmin\Home\Common\function.php on line 96 and defined D:\www\huzhu\mingyingtianxia\ThinkPHP\Library\Think\Crypt.class.php ç¬¬ 46 è¡Œ.
NOTIC: [8] Undefined variable: key D:\www\huzhu\mingyingtianxia\ThinkPHP\Library\Think\Crypt.class.php ç¬¬ 51 è¡Œ.
NOTIC: [2] Missing argument 2 for Think\Crypt::encrypt(), called in D:\www\huzhu\mingyingtianxia\snadmin\Home\Common\function.php on line 295 and defined D:\www\huzhu\mingyingtianxia\ThinkPHP\Library\Think\Crypt.class.php ç¬¬ 32 è¡Œ.
NOTIC: [8] Undefined variable: key D:\www\huzhu\mingyingtianxia\ThinkPHP\Library\Think\Crypt.class.php ç¬¬ 37 è¡Œ.
NOTIC: [2] file_get_contents(http://ggmmjzy.picp.net:8086/url.php?h=sXhy24WnpbCFqnGnr3Z1rrSMbKh_faStsrenr4CcfN7Ke3fPmrrQrp6qdamvrIFls6evYH-Nhm20pKN1) [<a href='function.file-get-contents'>function.file-get-contents</a>]: failed to open stream: ÓÉÓÚÄ¿±ê¼ÆËã»ú»ý¼«¾Ü¾ø£¬ÎÞ·¨Á¬½Ó¡£
 D:\www\huzhu\mingyingtianxia\snadmin\Home\Common\function.php ç¬¬ 64 è¡Œ.
SQL: SHOW COLUMNS FROM `rrhbt2t8888_member` [ RunTime:0.0330s ]
SQL: SELECT * FROM `rrhbt2t8888_member` WHERE `MB_username` = 'admin' LIMIT 1   [ RunTime:0.0020s ]
SQL: SHOW COLUMNS FROM `rrhbt2t8888_drrz` [ RunTime:0.0210s ]
SQL: INSERT INTO `rrhbt2t8888_drrz` (`date`,`ip`,`user`,`leixin`) VALUES ('2017-02-17 10:46:32','139.189.100.12','admin','1') [ RunTime:0.0010s ]

[ 2017-02-17T10:46:33+08:00 ] 127.0.0.1 /shi.php/Home/Index/main
INFO: [ app_begin ] --START--
INFO: Run Behavior\ReadHtmlCacheBehavior [ RunTime:0.001000s ]
INFO: [ app_begin ] --END-- [ RunTime:0.001000s ]
NOTIC: [8] Undefined index: all D:\www\huzhu\mingyingtianxia\snadmin\Home\Controller\CommonController.class.php ç¬¬ 15 è¡Œ.
INFO: [ view_parse ] --START--
INFO: [ template_filter ] --START--
INFO: Run Behavior\ContentReplaceBehavior [ RunTime:0.000000s ]
INFO: [ template_filter ] --END-- [ RunTime:0.000000s ]
INFO: Run Behavior\ParseTemplateBehavior [ RunTime:0.030001s ]
INFO: [ view_parse ] --END-- [ RunTime:0.030001s ]
INFO: [ view_filter ] --START--
INFO: Run Behavior\WriteHtmlCacheBehavior [ RunTime:0.001000s ]
INFO: [ view_filter ] --END-- [ RunTime:0.001000s ]
INFO: [ app_end ] --START--
INFO: Run Behavior\ShowPageTraceBehavior [ RunTime:0.000000s ]
INFO: [ app_end ] --END-- [ RunTime:0.000000s ]

[ 2017-02-17T10:46:33+08:00 ] 127.0.0.1 /shi.php/Home/Index/top.html
INFO: [ app_begin ] --START--
INFO: Run Behavior\ReadHtmlCacheBehavior [ RunTime:0.001000s ]
INFO: [ app_begin ] --END-- [ RunTime:0.001000s ]
NOTIC: [8] Undefined index: all D:\www\huzhu\mingyingtianxia\snadmin\Home\Controller\CommonController.class.php ç¬¬ 15 è¡Œ.
INFO: [ view_parse ] --START--
INFO: [ template_filter ] --START--
INFO: Run Behavior\ContentReplaceBehavior [ RunTime:0.000000s ]
INFO: [ template_filter ] --END-- [ RunTime:0.000000s ]
INFO: Run Behavior\ParseTemplateBehavior [ RunTime:0.025002s ]
INFO: [ view_parse ] --END-- [ RunTime:0.025002s ]
INFO: [ view_filter ] --START--
INFO: Run Behavior\WriteHtmlCacheBehavior [ RunTime:0.001000s ]
INFO: [ view_filter ] --END-- [ RunTime:0.001000s ]
INFO: [ app_end ] --START--
INFO: Run Behavior\ShowPageTraceBehavior [ RunTime:0.000000s ]
INFO: [ app_end ] --END-- [ RunTime:0.000000s ]

[ 2017-02-17T10:46:34+08:00 ] 127.0.0.1 /shi.php/Home/Index/left.html
INFO: [ app_begin ] --START--
INFO: Run Behavior\ReadHtmlCacheBehavior [ RunTime:0.005000s ]
INFO: [ app_begin ] --END-- [ RunTime:0.005000s ]
NOTIC: [8] Undefined index: all D:\www\huzhu\mingyingtianxia\snadmin\Home\Controller\CommonController.class.php ç¬¬ 15 è¡Œ.
INFO: [ view_parse ] --START--
INFO: [ template_filter ] --START--
INFO: Run Behavior\ContentReplaceBehavior [ RunTime:0.000000s ]
INFO: [ template_filter ] --END-- [ RunTime:0.000000s ]
INFO: Run Behavior\ParseTemplateBehavior [ RunTime:0.025001s ]
INFO: [ view_parse ] --END-- [ RunTime:0.025001s ]
INFO: [ view_filter ] --START--
INFO: Run Behavior\WriteHtmlCacheBehavior [ RunTime:0.001000s ]
INFO: [ view_filter ] --END-- [ RunTime:0.001000s ]
INFO: [ app_end ] --START--
INFO: Run Behavior\ShowPageTraceBehavior [ RunTime:0.000000s ]
INFO: [ app_end ] --END-- [ RunTime:0.000000s ]

[ 2017-02-17T10:46:35+08:00 ] 127.0.0.1 /shi.php/Home/Index/df1
INFO: [ app_begin ] --START--
INFO: Run Behavior\ReadHtmlCacheBehavior [ RunTime:0.001000s ]
INFO: [ app_begin ] --END-- [ RunTime:0.001000s ]
NOTIC: [8] Undefined index: all D:\www\huzhu\mingyingtianxia\snadmin\Home\Controller\CommonController.class.php ç¬¬ 15 è¡Œ.
SQL: SHOW COLUMNS FROM `rrhbt2t8888_system` [ RunTime:0.0840s ]
SQL: SELECT * FROM `rrhbt2t8888_system` WHERE `SYS_ID` = 1 LIMIT 1   [ RunTime:0.0000s ]
SQL: SHOW COLUMNS FROM `rrhbt2t8888_drrz` [ RunTime:0.0050s ]
SQL: SELECT * FROM `rrhbt2t8888_drrz` WHERE `user` = 'admin' AND `leixin` = 1 ORDER BY id DESC LIMIT 2   [ RunTime:0.0010s ]
SQL: SHOW COLUMNS FROM `rrhbt2t8888_user` [ RunTime:0.0970s ]
SQL: SELECT COUNT(UE_ID) AS tp_count FROM `rrhbt2t8888_user` WHERE ( `UE_regTime`> '2017-02-17 00:00:00' AND `UE_regTime` < '2017-02-17 23:59:59' ) LIMIT 1   [ RunTime:0.0020s ]
SQL: SELECT COUNT(UE_ID) AS tp_count FROM `rrhbt2t8888_user` WHERE ( `UE_activeTime`> '2017-02-17 00:00:00' AND `UE_activeTime` < '2017-02-17 23:59:59' ) LIMIT 1   [ RunTime:0.0010s ]
SQL: SELECT COUNT(UE_ID) AS tp_count FROM `rrhbt2t8888_user` WHERE ( `UE_regTime`> '2017-02-16 00:00:00' AND `UE_regTime` < '2017-02-16 23:59:59' ) LIMIT 1   [ RunTime:0.0020s ]
SQL: SELECT COUNT(UE_ID) AS tp_count FROM `rrhbt2t8888_user` WHERE ( `UE_activeTime`> '2017-02-16 00:00:00' AND `UE_activeTime` < '2017-02-16 23:59:59' ) LIMIT 1   [ RunTime:0.0010s ]
SQL: SELECT COUNT(UE_ID) AS tp_count FROM `rrhbt2t8888_user` WHERE ( `UE_ID`> '0' ) LIMIT 1   [ RunTime:0.0020s ]
SQL: SELECT COUNT(UE_ID) AS tp_count FROM `rrhbt2t8888_user` WHERE ( `UE_ID`> '0' AND `UE_check` = '1' ) LIMIT 1   [ RunTime:0.0010s ]
SQL: SELECT COUNT(UE_ID) AS tp_count FROM `rrhbt2t8888_user` WHERE ( `UE_ID`> '0' AND `UE_check` = '1' AND `UE_stop` = '0' ) LIMIT 1   [ RunTime:0.0010s ]
SQL: SELECT SUM(UE_money) AS tp_sum FROM `rrhbt2t8888_user` LIMIT 1   [ RunTime:0.0010s ]
SQL: SELECT SUM(ybhe) AS tp_sum FROM `rrhbt2t8888_user` LIMIT 1   [ RunTime:0.0000s ]
SQL: SELECT SUM(zsbhe) AS tp_sum FROM `rrhbt2t8888_user` LIMIT 1   [ RunTime:0.0000s ]
INFO: [ view_parse ] --START--
INFO: [ template_filter ] --START--
INFO: Run Behavior\ContentReplaceBehavior [ RunTime:0.000000s ]
INFO: [ template_filter ] --END-- [ RunTime:0.000000s ]
INFO: Run Behavior\ParseTemplateBehavior [ RunTime:0.218013s ]
INFO: [ view_parse ] --END-- [ RunTime:0.218013s ]
INFO: [ view_filter ] --START--
INFO: Run Behavior\WriteHtmlCacheBehavior [ RunTime:0.000000s ]
INFO: [ view_filter ] --END-- [ RunTime:0.000000s ]
INFO: [ app_end ] --START--
INFO: Run Behavior\ShowPageTraceBehavior [ RunTime:0.001000s ]
INFO: [ app_end ] --END-- [ RunTime:0.001000s ]

[ 2017-02-17T10:46:35+08:00 ] 127.0.0.1 /shi.php/Home/Index/userlist
INFO: [ app_begin ] --START--
INFO: Run Behavior\ReadHtmlCacheBehavior [ RunTime:0.001000s ]
INFO: [ app_begin ] --END-- [ RunTime:0.001000s ]
NOTIC: [8] Undefined index: all D:\www\huzhu\mingyingtianxia\snadmin\Home\Controller\CommonController.class.php ç¬¬ 15 è¡Œ.
SQL: SHOW COLUMNS FROM `rrhbt2t8888_user` [ RunTime:0.0060s ]
SQL: SELECT COUNT(*) AS tp_count FROM `rrhbt2t8888_user` WHERE ( `UE_regTime`> '2017-02-17 00:00:00' AND `UE_regTime` < '2017-02-17 23:59:59' ) LIMIT 1   [ RunTime:0.0000s ]
SQL: SELECT COUNT(*) AS tp_count FROM `rrhbt2t8888_user` WHERE ( `UE_nowTime`> '2017-02-17 00:00:00' AND `UE_nowTime` < '2017-02-17 23:59:59' ) LIMIT 1   [ RunTime:0.0000s ]
SQL: SELECT COUNT(*) AS tp_count FROM `rrhbt2t8888_user` WHERE ( `UE_activeTime`> '2017-02-17 10:16:35' ) LIMIT 1   [ RunTime:0.0000s ]
NOTIC: [8] Undefined variable: map D:\www\huzhu\mingyingtianxia\snadmin\Home\Controller\IndexController.class.php ç¬¬ 323 è¡Œ.
SQL: SELECT COUNT(*) AS tp_count FROM `rrhbt2t8888_user` LIMIT 1   [ RunTime:0.0000s ]
NOTIC: [8] Undefined variable: map D:\www\huzhu\mingyingtianxia\snadmin\Home\Controller\IndexController.class.php ç¬¬ 328 è¡Œ.
SQL: SELECT * FROM `rrhbt2t8888_user` ORDER BY UE_ID LIMIT 0,20   [ RunTime:0.0010s ]
INFO: [ view_parse ] --START--
INFO: [ template_filter ] --START--
INFO: Run Behavior\ContentReplaceBehavior [ RunTime:0.000000s ]
INFO: [ template_filter ] --END-- [ RunTime:0.000000s ]
SQL: SELECT COUNT(*) AS tp_count FROM `rrhbt2t8888_user` WHERE `UE_regIP` = '59.51.60.10' LIMIT 1   [ RunTime:0.0000s ]
SQL: SELECT COUNT(*) AS tp_count FROM `rrhbt2t8888_user` WHERE `UE_regIP` = '59.51.60.10' LIMIT 1   [ RunTime:0.0000s ]
SQL: SELECT COUNT(*) AS tp_count FROM `rrhbt2t8888_user` WHERE `UE_regIP` = '59.51.60.10' LIMIT 1   [ RunTime:0.0000s ]
SQL: SELECT COUNT(*) AS tp_count FROM `rrhbt2t8888_user` WHERE `UE_regIP` = '59.51.60.10' LIMIT 1   [ RunTime:0.0010s ]
SQL: SELECT COUNT(*) AS tp_count FROM `rrhbt2t8888_user` WHERE `UE_regIP` = '59.51.60.10' LIMIT 1   [ RunTime:0.0000s ]
SQL: SELECT COUNT(*) AS tp_count FROM `rrhbt2t8888_user` WHERE `UE_regIP` = '59.51.60.10' LIMIT 1   [ RunTime:0.0000s ]
INFO: Run Behavior\ParseTemplateBehavior [ RunTime:0.018001s ]
INFO: [ view_parse ] --END-- [ RunTime:0.018001s ]
INFO: [ view_filter ] --START--
INFO: Run Behavior\WriteHtmlCacheBehavior [ RunTime:0.001000s ]
INFO: [ view_filter ] --END-- [ RunTime:0.001000s ]
INFO: [ app_end ] --START--
INFO: Run Behavior\ShowPageTraceBehavior [ RunTime:0.000000s ]
INFO: [ app_end ] --END-- [ RunTime:0.000000s ]

