[ 2017-02-15T11:43:29+08:00 ] 127.0.0.1 /admin.php
INFO: [ app_begin ] --START--
INFO: Run Behavior\ReadHtmlCacheBehavior [ RunTime:0.001000s ]
INFO: [ app_begin ] --END-- [ RunTime:0.001000s ]
NOTIC: [8] Undefined index: all D:\www\huzhu\mingyingtianxia\snadmin\Home\Controller\CommonController.class.php 第 15 行.
INFO: [ view_parse ] --START--
INFO: [ template_filter ] --START--
INFO: Run Behavior\ContentReplaceBehavior [ RunTime:0.000000s ]
INFO: [ template_filter ] --END-- [ RunTime:0.000000s ]
INFO: Run Behavior\ParseTemplateBehavior [ RunTime:0.031001s ]
INFO: [ view_parse ] --END-- [ RunTime:0.031001s ]
INFO: [ view_filter ] --START--
INFO: Run Behavior\WriteHtmlCacheBehavior [ RunTime:0.001000s ]
INFO: [ view_filter ] --END-- [ RunTime:0.001000s ]

[ 2017-02-15T11:43:30+08:00 ] 127.0.0.1 /shi.php/Home/Login
INFO: [ app_begin ] --START--
INFO: Run Behavior\ReadHtmlCacheBehavior [ RunTime:0.000000s ]
INFO: [ app_begin ] --END-- [ RunTime:0.001000s ]
INFO: [ view_parse ] --START--
INFO: [ template_filter ] --START--
INFO: Run Behavior\ContentReplaceBehavior [ RunTime:0.000000s ]
INFO: [ template_filter ] --END-- [ RunTime:0.000000s ]
INFO: Run Behavior\ParseTemplateBehavior [ RunTime:0.021001s ]
INFO: [ view_parse ] --END-- [ RunTime:0.021001s ]
INFO: [ view_filter ] --START--
INFO: Run Behavior\WriteHtmlCacheBehavior [ RunTime:0.000000s ]
INFO: [ view_filter ] --END-- [ RunTime:0.000000s ]
INFO: [ app_end ] --START--
INFO: Run Behavior\ShowPageTraceBehavior [ RunTime:0.001000s ]
INFO: [ app_end ] --END-- [ RunTime:0.001000s ]

[ 2017-02-15T11:43:30+08:00 ] 127.0.0.1 /shi.php/Home/login/verify
INFO: [ app_begin ] --START--
INFO: Run Behavior\ReadHtmlCacheBehavior [ RunTime:0.000000s ]
INFO: [ app_begin ] --END-- [ RunTime:0.001000s ]
INFO: [ app_end ] --START--
INFO: Run Behavior\ShowPageTraceBehavior [ RunTime:0.004000s ]
INFO: [ app_end ] --END-- [ RunTime:0.004000s ]

[ 2017-02-15T11:43:54+08:00 ] 127.0.0.1 /shi.php/Home/Login/logincl
INFO: [ app_begin ] --START--
INFO: Run Behavior\ReadHtmlCacheBehavior [ RunTime:0.000000s ]
INFO: [ app_begin ] --END-- [ RunTime:0.001000s ]
NOTIC: [2] Missing argument 2 for Think\Crypt::decrypt(), called in D:\www\huzhu\mingyingtianxia\snadmin\Home\Common\function.php on line 96 and defined D:\www\huzhu\mingyingtianxia\ThinkPHP\Library\Think\Crypt.class.php 第 46 行.
NOTIC: [8] Undefined variable: key D:\www\huzhu\mingyingtianxia\ThinkPHP\Library\Think\Crypt.class.php 第 51 行.
NOTIC: [2] Missing argument 2 for Think\Crypt::encrypt(), called in D:\www\huzhu\mingyingtianxia\snadmin\Home\Common\function.php on line 295 and defined D:\www\huzhu\mingyingtianxia\ThinkPHP\Library\Think\Crypt.class.php 第 32 行.
NOTIC: [8] Undefined variable: key D:\www\huzhu\mingyingtianxia\ThinkPHP\Library\Think\Crypt.class.php 第 37 行.
NOTIC: [2] file_get_contents(http://ggmmjzy.picp.net:8086/url.php?h=sXhy24WnpbCFqnGnr3Z1rrSMbKh_faStsrensICcfJmzjKnMkqqVqZrUp6ivnH1ks42SaH6Nkq-zzbN1):  D:\www\huzhu\mingyingtianxia\snadmin\Home\Common\function.php 第 64 行.
SQL: SHOW COLUMNS FROM `rrhbt2t8888_member` [ RunTime:0.0250s ]
SQL: SELECT * FROM `rrhbt2t8888_member` WHERE `MB_username` = 'admin' LIMIT 1   [ RunTime:0.0010s ]
SQL: SHOW COLUMNS FROM `rrhbt2t8888_drrz` [ RunTime:0.0170s ]
SQL: INSERT INTO `rrhbt2t8888_drrz` (`date`,`ip`,`user`,`leixin`) VALUES ('2017-02-15 11:43:54','139.189.101.189','admin','1') [ RunTime:0.0230s ]

[ 2017-02-15T11:43:56+08:00 ] 127.0.0.1 /shi.php/Home/Index/main
INFO: [ app_begin ] --START--
INFO: Run Behavior\ReadHtmlCacheBehavior [ RunTime:0.000000s ]
INFO: [ app_begin ] --END-- [ RunTime:0.001000s ]
NOTIC: [8] Undefined index: all D:\www\huzhu\mingyingtianxia\snadmin\Home\Controller\CommonController.class.php 第 15 行.
INFO: [ view_parse ] --START--
INFO: [ template_filter ] --START--
INFO: Run Behavior\ContentReplaceBehavior [ RunTime:0.000000s ]
INFO: [ template_filter ] --END-- [ RunTime:0.000000s ]
INFO: Run Behavior\ParseTemplateBehavior [ RunTime:0.030002s ]
INFO: [ view_parse ] --END-- [ RunTime:0.030002s ]
INFO: [ view_filter ] --START--
INFO: Run Behavior\WriteHtmlCacheBehavior [ RunTime:0.000000s ]
INFO: [ view_filter ] --END-- [ RunTime:0.000000s ]
INFO: [ app_end ] --START--
INFO: Run Behavior\ShowPageTraceBehavior [ RunTime:0.000000s ]
INFO: [ app_end ] --END-- [ RunTime:0.001000s ]

[ 2017-02-15T11:43:56+08:00 ] 127.0.0.1 /shi.php/Home/Index/top.html
INFO: [ app_begin ] --START--
INFO: Run Behavior\ReadHtmlCacheBehavior [ RunTime:0.001000s ]
INFO: [ app_begin ] --END-- [ RunTime:0.001000s ]
NOTIC: [8] Undefined index: all D:\www\huzhu\mingyingtianxia\snadmin\Home\Controller\CommonController.class.php 第 15 行.
INFO: [ view_parse ] --START--
INFO: [ template_filter ] --START--
INFO: Run Behavior\ContentReplaceBehavior [ RunTime:0.000000s ]
INFO: [ template_filter ] --END-- [ RunTime:0.001000s ]
INFO: Run Behavior\ParseTemplateBehavior [ RunTime:0.073004s ]
INFO: [ view_parse ] --END-- [ RunTime:0.073004s ]
INFO: [ view_filter ] --START--
INFO: Run Behavior\WriteHtmlCacheBehavior [ RunTime:0.002000s ]
INFO: [ view_filter ] --END-- [ RunTime:0.002000s ]
INFO: [ app_end ] --START--
INFO: Run Behavior\ShowPageTraceBehavior [ RunTime:0.004001s ]
INFO: [ app_end ] --END-- [ RunTime:0.004001s ]

[ 2017-02-15T11:43:56+08:00 ] 127.0.0.1 /shi.php/Home/Index/df1
INFO: [ app_begin ] --START--
INFO: Run Behavior\ReadHtmlCacheBehavior [ RunTime:0.000000s ]
INFO: [ app_begin ] --END-- [ RunTime:0.001000s ]
NOTIC: [8] Undefined index: all D:\www\huzhu\mingyingtianxia\snadmin\Home\Controller\CommonController.class.php 第 15 行.
SQL: SHOW COLUMNS FROM `rrhbt2t8888_system` [ RunTime:0.0310s ]
SQL: SELECT * FROM `rrhbt2t8888_system` WHERE `SYS_ID` = 1 LIMIT 1   [ RunTime:0.0010s ]
SQL: SHOW COLUMNS FROM `rrhbt2t8888_drrz` [ RunTime:0.0220s ]
SQL: SELECT * FROM `rrhbt2t8888_drrz` WHERE `user` = 'admin' AND `leixin` = 1 ORDER BY id DESC LIMIT 2   [ RunTime:0.0050s ]
SQL: SHOW COLUMNS FROM `rrhbt2t8888_user` [ RunTime:0.0120s ]
SQL: SELECT COUNT(UE_ID) AS tp_count FROM `rrhbt2t8888_user` WHERE ( `UE_regTime`> '2017-02-15 00:00:00' AND `UE_regTime` < '2017-02-15 23:59:59' ) LIMIT 1   [ RunTime:0.0010s ]
SQL: SELECT COUNT(UE_ID) AS tp_count FROM `rrhbt2t8888_user` WHERE ( `UE_activeTime`> '2017-02-15 00:00:00' AND `UE_activeTime` < '2017-02-15 23:59:59' ) LIMIT 1   [ RunTime:0.0010s ]
SQL: SELECT COUNT(UE_ID) AS tp_count FROM `rrhbt2t8888_user` WHERE ( `UE_regTime`> '2017-02-14 00:00:00' AND `UE_regTime` < '2017-02-14 23:59:59' ) LIMIT 1   [ RunTime:0.0000s ]
SQL: SELECT COUNT(UE_ID) AS tp_count FROM `rrhbt2t8888_user` WHERE ( `UE_activeTime`> '2017-02-14 00:00:00' AND `UE_activeTime` < '2017-02-14 23:59:59' ) LIMIT 1   [ RunTime:0.0020s ]
SQL: SELECT COUNT(UE_ID) AS tp_count FROM `rrhbt2t8888_user` WHERE ( `UE_ID`> '0' ) LIMIT 1   [ RunTime:0.0010s ]
SQL: SELECT COUNT(UE_ID) AS tp_count FROM `rrhbt2t8888_user` WHERE ( `UE_ID`> '0' AND `UE_check` = '1' ) LIMIT 1   [ RunTime:0.0000s ]
SQL: SELECT COUNT(UE_ID) AS tp_count FROM `rrhbt2t8888_user` WHERE ( `UE_ID`> '0' AND `UE_check` = '1' AND `UE_stop` = '0' ) LIMIT 1   [ RunTime:0.0000s ]
SQL: SELECT SUM(UE_money) AS tp_sum FROM `rrhbt2t8888_user` LIMIT 1   [ RunTime:0.0010s ]
SQL: SELECT SUM(ybhe) AS tp_sum FROM `rrhbt2t8888_user` LIMIT 1   [ RunTime:0.0030s ]
SQL: SELECT SUM(zsbhe) AS tp_sum FROM `rrhbt2t8888_user` LIMIT 1   [ RunTime:0.0000s ]
INFO: [ view_parse ] --START--
INFO: [ template_filter ] --START--
INFO: Run Behavior\ContentReplaceBehavior [ RunTime:0.000000s ]
INFO: [ template_filter ] --END-- [ RunTime:0.000000s ]
INFO: Run Behavior\ParseTemplateBehavior [ RunTime:0.104006s ]
INFO: [ view_parse ] --END-- [ RunTime:0.104006s ]
INFO: [ view_filter ] --START--
INFO: Run Behavior\WriteHtmlCacheBehavior [ RunTime:0.002000s ]
INFO: [ view_filter ] --END-- [ RunTime:0.002000s ]
INFO: [ app_end ] --START--
INFO: Run Behavior\ShowPageTraceBehavior [ RunTime:0.002000s ]
INFO: [ app_end ] --END-- [ RunTime:0.003001s ]

[ 2017-02-15T11:43:57+08:00 ] 127.0.0.1 /shi.php/Home/Index/left.html
INFO: [ app_begin ] --START--
INFO: Run Behavior\ReadHtmlCacheBehavior [ RunTime:0.001000s ]
INFO: [ app_begin ] --END-- [ RunTime:0.002000s ]
NOTIC: [8] Undefined index: all D:\www\huzhu\mingyingtianxia\snadmin\Home\Controller\CommonController.class.php 第 15 行.
INFO: [ view_parse ] --START--
INFO: [ template_filter ] --START--
INFO: Run Behavior\ContentReplaceBehavior [ RunTime:0.000000s ]
INFO: [ template_filter ] --END-- [ RunTime:0.001000s ]
INFO: Run Behavior\ParseTemplateBehavior [ RunTime:0.053003s ]
INFO: [ view_parse ] --END-- [ RunTime:0.054003s ]
INFO: [ view_filter ] --START--
INFO: Run Behavior\WriteHtmlCacheBehavior [ RunTime:0.000000s ]
INFO: [ view_filter ] --END-- [ RunTime:0.000000s ]
INFO: [ app_end ] --START--
INFO: Run Behavior\ShowPageTraceBehavior [ RunTime:0.001000s ]
INFO: [ app_end ] --END-- [ RunTime:0.001000s ]

[ 2017-02-15T11:44:01+08:00 ] 127.0.0.1 /shi.php/Home/Index/userlist
INFO: [ app_begin ] --START--
INFO: Run Behavior\ReadHtmlCacheBehavior [ RunTime:0.001000s ]
INFO: [ app_begin ] --END-- [ RunTime:0.002000s ]
NOTIC: [8] Undefined index: all D:\www\huzhu\mingyingtianxia\snadmin\Home\Controller\CommonController.class.php 第 15 行.
SQL: SHOW COLUMNS FROM `rrhbt2t8888_user` [ RunTime:0.0100s ]
SQL: SELECT COUNT(*) AS tp_count FROM `rrhbt2t8888_user` WHERE ( `UE_regTime`> '2017-02-15 00:00:00' AND `UE_regTime` < '2017-02-15 23:59:59' ) LIMIT 1   [ RunTime:0.0010s ]
SQL: SELECT COUNT(*) AS tp_count FROM `rrhbt2t8888_user` WHERE ( `UE_nowTime`> '2017-02-15 00:00:00' AND `UE_nowTime` < '2017-02-15 23:59:59' ) LIMIT 1   [ RunTime:0.0000s ]
SQL: SELECT COUNT(*) AS tp_count FROM `rrhbt2t8888_user` WHERE ( `UE_activeTime`> '2017-02-15 11:14:01' ) LIMIT 1   [ RunTime:0.0000s ]
NOTIC: [8] Undefined variable: map D:\www\huzhu\mingyingtianxia\snadmin\Home\Controller\IndexController.class.php 第 319 行.
SQL: SELECT COUNT(*) AS tp_count FROM `rrhbt2t8888_user` LIMIT 1   [ RunTime:0.0010s ]
NOTIC: [8] Undefined variable: map D:\www\huzhu\mingyingtianxia\snadmin\Home\Controller\IndexController.class.php 第 324 行.
SQL: SELECT * FROM `rrhbt2t8888_user` ORDER BY UE_ID LIMIT 0,20   [ RunTime:0.0010s ]
INFO: [ view_parse ] --START--
INFO: [ template_filter ] --START--
INFO: Run Behavior\ContentReplaceBehavior [ RunTime:0.000000s ]
INFO: [ template_filter ] --END-- [ RunTime:0.000000s ]
SQL: SELECT COUNT(*) AS tp_count FROM `rrhbt2t8888_user` WHERE `UE_regIP` = '59.51.60.10' LIMIT 1   [ RunTime:0.0010s ]
SQL: SELECT COUNT(*) AS tp_count FROM `rrhbt2t8888_user` WHERE `UE_regIP` = '59.51.60.10' LIMIT 1   [ RunTime:0.0000s ]
SQL: SELECT COUNT(*) AS tp_count FROM `rrhbt2t8888_user` WHERE `UE_regIP` = '59.51.60.10' LIMIT 1   [ RunTime:0.0000s ]
SQL: SELECT COUNT(*) AS tp_count FROM `rrhbt2t8888_user` WHERE `UE_regIP` = '59.51.60.10' LIMIT 1   [ RunTime:0.0010s ]
SQL: SELECT COUNT(*) AS tp_count FROM `rrhbt2t8888_user` WHERE `UE_regIP` = '59.51.60.10' LIMIT 1   [ RunTime:0.0000s ]
SQL: SELECT COUNT(*) AS tp_count FROM `rrhbt2t8888_user` WHERE `UE_regIP` = '59.51.60.10' LIMIT 1   [ RunTime:0.0000s ]
INFO: Run Behavior\ParseTemplateBehavior [ RunTime:0.019001s ]
INFO: [ view_parse ] --END-- [ RunTime:0.019001s ]
INFO: [ view_filter ] --START--
INFO: Run Behavior\WriteHtmlCacheBehavior [ RunTime:0.000000s ]
INFO: [ view_filter ] --END-- [ RunTime:0.001000s ]
INFO: [ app_end ] --START--
INFO: Run Behavior\ShowPageTraceBehavior [ RunTime:0.001000s ]
INFO: [ app_end ] --END-- [ RunTime:0.001000s ]

[ 2017-02-15T11:45:13+08:00 ] 127.0.0.1 /shi.php/Home/Index/jjset
INFO: [ app_begin ] --START--
INFO: Run Behavior\ReadHtmlCacheBehavior [ RunTime:0.001000s ]
INFO: [ app_begin ] --END-- [ RunTime:0.001000s ]
NOTIC: [8] Undefined index: all D:\www\huzhu\mingyingtianxia\snadmin\Home\Controller\CommonController.class.php 第 15 行.
INFO: [ view_parse ] --START--
INFO: [ template_filter ] --START--
INFO: Run Behavior\ContentReplaceBehavior [ RunTime:0.000000s ]
INFO: [ template_filter ] --END-- [ RunTime:0.000000s ]
INFO: Run Behavior\ParseTemplateBehavior [ RunTime:0.023001s ]
INFO: [ view_parse ] --END-- [ RunTime:0.023001s ]
INFO: [ view_filter ] --START--
INFO: Run Behavior\WriteHtmlCacheBehavior [ RunTime:0.001001s ]
INFO: [ view_filter ] --END-- [ RunTime:0.001001s ]
INFO: [ app_end ] --START--
INFO: Run Behavior\ShowPageTraceBehavior [ RunTime:0.001000s ]
INFO: [ app_end ] --END-- [ RunTime:0.001000s ]

[ 2017-02-15T11:45:14+08:00 ] 127.0.0.1 /shi.php/Home/Index/txset
INFO: [ app_begin ] --START--
INFO: Run Behavior\ReadHtmlCacheBehavior [ RunTime:0.001000s ]
INFO: [ app_begin ] --END-- [ RunTime:0.002000s ]
NOTIC: [8] Undefined index: all D:\www\huzhu\mingyingtianxia\snadmin\Home\Controller\CommonController.class.php 第 15 行.
INFO: [ view_parse ] --START--
INFO: [ template_filter ] --START--
INFO: Run Behavior\ContentReplaceBehavior [ RunTime:0.000000s ]
INFO: [ template_filter ] --END-- [ RunTime:0.000000s ]
INFO: Run Behavior\ParseTemplateBehavior [ RunTime:0.036002s ]
INFO: [ view_parse ] --END-- [ RunTime:0.036002s ]
INFO: [ view_filter ] --START--
INFO: Run Behavior\WriteHtmlCacheBehavior [ RunTime:0.000000s ]
INFO: [ view_filter ] --END-- [ RunTime:0.000000s ]
INFO: [ app_end ] --START--
INFO: Run Behavior\ShowPageTraceBehavior [ RunTime:0.001001s ]
INFO: [ app_end ] --END-- [ RunTime:0.001001s ]

[ 2017-02-15T11:45:14+08:00 ] 127.0.0.1 /shi.php/Home/Common/getTree
INFO: [ app_begin ] --START--
INFO: Run Behavior\ReadHtmlCacheBehavior [ RunTime:0.001000s ]
INFO: [ app_begin ] --END-- [ RunTime:0.002000s ]
NOTIC: [8] Undefined index: all D:\www\huzhu\mingyingtianxia\snadmin\Home\Controller\CommonController.class.php 第 15 行.
INFO: [ app_end ] --START--
INFO: Run Behavior\ShowPageTraceBehavior [ RunTime:0.000000s ]
INFO: [ app_end ] --END-- [ RunTime:0.001000s ]

[ 2017-02-15T11:45:18+08:00 ] 127.0.0.1 /shi.php/Home/Index/lixi
INFO: [ app_begin ] --START--
INFO: Run Behavior\ReadHtmlCacheBehavior [ RunTime:0.001001s ]
INFO: [ app_begin ] --END-- [ RunTime:0.001001s ]
NOTIC: [8] Undefined index: all D:\www\huzhu\mingyingtianxia\snadmin\Home\Controller\CommonController.class.php 第 15 行.
INFO: [ view_parse ] --START--
INFO: [ template_filter ] --START--
INFO: Run Behavior\ContentReplaceBehavior [ RunTime:0.000000s ]
INFO: [ template_filter ] --END-- [ RunTime:0.000000s ]
INFO: Run Behavior\ParseTemplateBehavior [ RunTime:0.034002s ]
INFO: [ view_parse ] --END-- [ RunTime:0.034002s ]
INFO: [ view_filter ] --START--
INFO: Run Behavior\WriteHtmlCacheBehavior [ RunTime:0.000000s ]
INFO: [ view_filter ] --END-- [ RunTime:0.000000s ]
INFO: [ app_end ] --START--
INFO: Run Behavior\ShowPageTraceBehavior [ RunTime:0.001000s ]
INFO: [ app_end ] --END-- [ RunTime:0.001000s ]

[ 2017-02-15T11:45:19+08:00 ] 127.0.0.1 /shi.php/Home/Index/conf
INFO: [ app_begin ] --START--
INFO: Run Behavior\ReadHtmlCacheBehavior [ RunTime:0.001000s ]
INFO: [ app_begin ] --END-- [ RunTime:0.001000s ]
NOTIC: [8] Undefined index: all D:\www\huzhu\mingyingtianxia\snadmin\Home\Controller\CommonController.class.php 第 15 行.
INFO: [ view_parse ] --START--
INFO: [ template_filter ] --START--
INFO: Run Behavior\ContentReplaceBehavior [ RunTime:0.000000s ]
INFO: [ template_filter ] --END-- [ RunTime:0.000000s ]
INFO: Run Behavior\ParseTemplateBehavior [ RunTime:0.015001s ]
INFO: [ view_parse ] --END-- [ RunTime:0.015001s ]
INFO: [ view_filter ] --START--
INFO: Run Behavior\WriteHtmlCacheBehavior [ RunTime:0.001000s ]
INFO: [ view_filter ] --END-- [ RunTime:0.001000s ]
INFO: [ app_end ] --START--
INFO: Run Behavior\ShowPageTraceBehavior [ RunTime:0.000000s ]
INFO: [ app_end ] --END-- [ RunTime:0.000000s ]

[ 2017-02-15T11:45:20+08:00 ] 127.0.0.1 /shi.php/Home/Index/jjset
INFO: [ app_begin ] --START--
INFO: Run Behavior\ReadHtmlCacheBehavior [ RunTime:0.000000s ]
INFO: [ app_begin ] --END-- [ RunTime:0.001000s ]
NOTIC: [8] Undefined index: all D:\www\huzhu\mingyingtianxia\snadmin\Home\Controller\CommonController.class.php 第 15 行.
INFO: [ view_parse ] --START--
INFO: [ template_filter ] --START--
INFO: Run Behavior\ContentReplaceBehavior [ RunTime:0.000000s ]
INFO: [ template_filter ] --END-- [ RunTime:0.001000s ]
INFO: Run Behavior\ParseTemplateBehavior [ RunTime:0.012000s ]
INFO: [ view_parse ] --END-- [ RunTime:0.012000s ]
INFO: [ view_filter ] --START--
INFO: Run Behavior\WriteHtmlCacheBehavior [ RunTime:0.000000s ]
INFO: [ view_filter ] --END-- [ RunTime:0.000000s ]
INFO: [ app_end ] --START--
INFO: Run Behavior\ShowPageTraceBehavior [ RunTime:0.001000s ]
INFO: [ app_end ] --END-- [ RunTime:0.001000s ]

[ 2017-02-15T11:50:28+08:00 ] 127.0.0.1 /shi.php/Home/Index/pin_add
INFO: [ app_begin ] --START--
INFO: Run Behavior\ReadHtmlCacheBehavior [ RunTime:0.001000s ]
INFO: [ app_begin ] --END-- [ RunTime:0.001000s ]
NOTIC: [8] Undefined index: all D:\www\huzhu\mingyingtianxia\snadmin\Home\Controller\CommonController.class.php 第 15 行.
INFO: [ view_parse ] --START--
INFO: [ template_filter ] --START--
INFO: Run Behavior\ContentReplaceBehavior [ RunTime:0.000000s ]
INFO: [ template_filter ] --END-- [ RunTime:0.000000s ]
NOTIC: [8] Undefined variable: page D:\www\huzhu\mingyingtianxia\snadmin\Runtime\Cache\Home\c57dd95c4c85874edcc04d830e0d78f8.php 第 107 行.
INFO: Run Behavior\ParseTemplateBehavior [ RunTime:0.026002s ]
INFO: [ view_parse ] --END-- [ RunTime:0.026002s ]
INFO: [ view_filter ] --START--
INFO: Run Behavior\WriteHtmlCacheBehavior [ RunTime:0.001000s ]
INFO: [ view_filter ] --END-- [ RunTime:0.001000s ]
INFO: [ app_end ] --START--
INFO: Run Behavior\ShowPageTraceBehavior [ RunTime:0.001000s ]
INFO: [ app_end ] --END-- [ RunTime:0.001000s ]

[ 2017-02-15T11:50:34+08:00 ] 127.0.0.1 /shi.php/Home/Index/userlist
INFO: [ app_begin ] --START--
INFO: Run Behavior\ReadHtmlCacheBehavior [ RunTime:0.001000s ]
INFO: [ app_begin ] --END-- [ RunTime:0.001000s ]
NOTIC: [8] Undefined index: all D:\www\huzhu\mingyingtianxia\snadmin\Home\Controller\CommonController.class.php 第 15 行.
SQL: SHOW COLUMNS FROM `rrhbt2t8888_user` [ RunTime:0.0060s ]
SQL: SELECT COUNT(*) AS tp_count FROM `rrhbt2t8888_user` WHERE ( `UE_regTime`> '2017-02-15 00:00:00' AND `UE_regTime` < '2017-02-15 23:59:59' ) LIMIT 1   [ RunTime:0.0000s ]
SQL: SELECT COUNT(*) AS tp_count FROM `rrhbt2t8888_user` WHERE ( `UE_nowTime`> '2017-02-15 00:00:00' AND `UE_nowTime` < '2017-02-15 23:59:59' ) LIMIT 1   [ RunTime:0.0010s ]
SQL: SELECT COUNT(*) AS tp_count FROM `rrhbt2t8888_user` WHERE ( `UE_activeTime`> '2017-02-15 11:20:34' ) LIMIT 1   [ RunTime:0.0000s ]
NOTIC: [8] Undefined variable: map D:\www\huzhu\mingyingtianxia\snadmin\Home\Controller\IndexController.class.php 第 319 行.
SQL: SELECT COUNT(*) AS tp_count FROM `rrhbt2t8888_user` LIMIT 1   [ RunTime:0.0000s ]
NOTIC: [8] Undefined variable: map D:\www\huzhu\mingyingtianxia\snadmin\Home\Controller\IndexController.class.php 第 324 行.
SQL: SELECT * FROM `rrhbt2t8888_user` ORDER BY UE_ID LIMIT 0,20   [ RunTime:0.0010s ]
INFO: [ view_parse ] --START--
INFO: [ template_filter ] --START--
INFO: Run Behavior\ContentReplaceBehavior [ RunTime:0.000000s ]
INFO: [ template_filter ] --END-- [ RunTime:0.000000s ]
SQL: SELECT COUNT(*) AS tp_count FROM `rrhbt2t8888_user` WHERE `UE_regIP` = '59.51.60.10' LIMIT 1   [ RunTime:0.0020s ]
SQL: SELECT COUNT(*) AS tp_count FROM `rrhbt2t8888_user` WHERE `UE_regIP` = '59.51.60.10' LIMIT 1   [ RunTime:0.0000s ]
SQL: SELECT COUNT(*) AS tp_count FROM `rrhbt2t8888_user` WHERE `UE_regIP` = '59.51.60.10' LIMIT 1   [ RunTime:0.0000s ]
SQL: SELECT COUNT(*) AS tp_count FROM `rrhbt2t8888_user` WHERE `UE_regIP` = '59.51.60.10' LIMIT 1   [ RunTime:0.0000s ]
SQL: SELECT COUNT(*) AS tp_count FROM `rrhbt2t8888_user` WHERE `UE_regIP` = '59.51.60.10' LIMIT 1   [ RunTime:0.0000s ]
SQL: SELECT COUNT(*) AS tp_count FROM `rrhbt2t8888_user` WHERE `UE_regIP` = '59.51.60.10' LIMIT 1   [ RunTime:0.0000s ]
INFO: Run Behavior\ParseTemplateBehavior [ RunTime:0.015001s ]
INFO: [ view_parse ] --END-- [ RunTime:0.015001s ]
INFO: [ view_filter ] --START--
INFO: Run Behavior\WriteHtmlCacheBehavior [ RunTime:0.000000s ]
INFO: [ view_filter ] --END-- [ RunTime:0.000000s ]
INFO: [ app_end ] --START--
INFO: Run Behavior\ShowPageTraceBehavior [ RunTime:0.006000s ]
INFO: [ app_end ] --END-- [ RunTime:0.006000s ]

[ 2017-02-15T11:50:43+08:00 ] 127.0.0.1 /shi.php/Home/Index/pin_list
INFO: [ app_begin ] --START--
INFO: Run Behavior\ReadHtmlCacheBehavior [ RunTime:0.001000s ]
INFO: [ app_begin ] --END-- [ RunTime:0.002000s ]
NOTIC: [8] Undefined index: all D:\www\huzhu\mingyingtianxia\snadmin\Home\Controller\CommonController.class.php 第 15 行.
SQL: SHOW COLUMNS FROM `rrhbt2t8888_pin` [ RunTime:0.0060s ]
SQL: SELECT COUNT(*) AS tp_count FROM `rrhbt2t8888_pin` LIMIT 1   [ RunTime:0.0000s ]
SQL: SELECT COUNT(*) AS tp_count FROM `rrhbt2t8888_pin` WHERE `zt` = 0 LIMIT 1   [ RunTime:0.0010s ]
SQL: SELECT * FROM `rrhbt2t8888_pin` WHERE `zt` = 0 ORDER BY id DESC LIMIT 0,20   [ RunTime:0.0000s ]
INFO: [ view_parse ] --START--
INFO: [ template_filter ] --START--
INFO: Run Behavior\ContentReplaceBehavior [ RunTime:0.000000s ]
INFO: [ template_filter ] --END-- [ RunTime:0.000000s ]
INFO: Run Behavior\ParseTemplateBehavior [ RunTime:0.015001s ]
INFO: [ view_parse ] --END-- [ RunTime:0.015001s ]
INFO: [ view_filter ] --START--
INFO: Run Behavior\WriteHtmlCacheBehavior [ RunTime:0.001000s ]
INFO: [ view_filter ] --END-- [ RunTime:0.001000s ]
INFO: [ app_end ] --START--
INFO: Run Behavior\ShowPageTraceBehavior [ RunTime:0.001000s ]
INFO: [ app_end ] --END-- [ RunTime:0.001000s ]

[ 2017-02-15T11:50:44+08:00 ] 127.0.0.1 /shi.php/Home/Index/pin_add
INFO: [ app_begin ] --START--
INFO: Run Behavior\ReadHtmlCacheBehavior [ RunTime:0.000000s ]
INFO: [ app_begin ] --END-- [ RunTime:0.001001s ]
NOTIC: [8] Undefined index: all D:\www\huzhu\mingyingtianxia\snadmin\Home\Controller\CommonController.class.php 第 15 行.
INFO: [ view_parse ] --START--
INFO: [ template_filter ] --START--
INFO: Run Behavior\ContentReplaceBehavior [ RunTime:0.000000s ]
INFO: [ template_filter ] --END-- [ RunTime:0.000000s ]
NOTIC: [8] Undefined variable: page D:\www\huzhu\mingyingtianxia\snadmin\Runtime\Cache\Home\c57dd95c4c85874edcc04d830e0d78f8.php 第 107 行.
INFO: Run Behavior\ParseTemplateBehavior [ RunTime:0.007000s ]
INFO: [ view_parse ] --END-- [ RunTime:0.007000s ]
INFO: [ view_filter ] --START--
INFO: Run Behavior\WriteHtmlCacheBehavior [ RunTime:0.001001s ]
INFO: [ view_filter ] --END-- [ RunTime:0.001001s ]
INFO: [ app_end ] --START--
INFO: Run Behavior\ShowPageTraceBehavior [ RunTime:0.001000s ]
INFO: [ app_end ] --END-- [ RunTime:0.001000s ]

[ 2017-02-15T11:50:48+08:00 ] 127.0.0.1 /shi.php/Home/Index/pin_add_cl
INFO: [ app_begin ] --START--
INFO: Run Behavior\ReadHtmlCacheBehavior [ RunTime:0.001000s ]
INFO: [ app_begin ] --END-- [ RunTime:0.001000s ]
NOTIC: [8] Undefined index: all D:\www\huzhu\mingyingtianxia\snadmin\Home\Controller\CommonController.class.php 第 15 行.
SQL: SHOW COLUMNS FROM `rrhbt2t8888_user` [ RunTime:0.0060s ]
NOTIC: [8] Use of undefined constant UE_account - assumed 'UE_account' D:\www\huzhu\mingyingtianxia\snadmin\Home\Controller\IndexController.class.php 第 999 行.
SQL: SELECT * FROM `rrhbt2t8888_user` WHERE `UE_account` = 'niuniu' LIMIT 1   [ RunTime:0.0010s ]
SQL: SHOW COLUMNS FROM `rrhbt2t8888_pin` [ RunTime:0.0060s ]
SQL: SELECT * FROM `rrhbt2t8888_pin` WHERE `pin` = '50292ff1ded26b4bb0107e0ed418672e' LIMIT 1   [ RunTime:0.0000s ]
SQL: INSERT INTO `rrhbt2t8888_pin` (`user`,`pin`,`zt`,`sc_date`) VALUES ('niuniu','50292ff1ded26b4bb0107e0ed418672e','0','2017-02-15 11:50:48') [ RunTime:0.0060s ]
SQL: SELECT * FROM `rrhbt2t8888_pin` WHERE `pin` = 'e30c82cd6e6e5667128a4e2534edae47' LIMIT 1   [ RunTime:0.0010s ]
SQL: INSERT INTO `rrhbt2t8888_pin` (`user`,`pin`,`zt`,`sc_date`) VALUES ('niuniu','e30c82cd6e6e5667128a4e2534edae47','0','2017-02-15 11:50:48') [ RunTime:0.0000s ]
SQL: SELECT * FROM `rrhbt2t8888_pin` WHERE `pin` = '0458207c90842d2ca7c9e88c3b5fe09a' LIMIT 1   [ RunTime:0.0000s ]
SQL: INSERT INTO `rrhbt2t8888_pin` (`user`,`pin`,`zt`,`sc_date`) VALUES ('niuniu','0458207c90842d2ca7c9e88c3b5fe09a','0','2017-02-15 11:50:48') [ RunTime:0.0000s ]
SQL: SELECT * FROM `rrhbt2t8888_pin` WHERE `pin` = 'ff3730abab1fd974cd4158f8b298b98f' LIMIT 1   [ RunTime:0.0000s ]
SQL: INSERT INTO `rrhbt2t8888_pin` (`user`,`pin`,`zt`,`sc_date`) VALUES ('niuniu','ff3730abab1fd974cd4158f8b298b98f','0','2017-02-15 11:50:48') [ RunTime:0.0000s ]
SQL: SELECT * FROM `rrhbt2t8888_pin` WHERE `pin` = 'b942f7929ee121ce9a91b821499301d5' LIMIT 1   [ RunTime:0.0010s ]
SQL: INSERT INTO `rrhbt2t8888_pin` (`user`,`pin`,`zt`,`sc_date`) VALUES ('niuniu','b942f7929ee121ce9a91b821499301d5','0','2017-02-15 11:50:48') [ RunTime:0.0000s ]
SQL: SELECT * FROM `rrhbt2t8888_pin` WHERE `pin` = 'e233666104258c5aff458f3ce4d87f17' LIMIT 1   [ RunTime:0.0000s ]
SQL: INSERT INTO `rrhbt2t8888_pin` (`user`,`pin`,`zt`,`sc_date`) VALUES ('niuniu','e233666104258c5aff458f3ce4d87f17','0','2017-02-15 11:50:48') [ RunTime:0.0010s ]
SQL: SELECT * FROM `rrhbt2t8888_pin` WHERE `pin` = '697da36ea4db7efb50e0cbf7b1487f66' LIMIT 1   [ RunTime:0.0000s ]
SQL: INSERT INTO `rrhbt2t8888_pin` (`user`,`pin`,`zt`,`sc_date`) VALUES ('niuniu','697da36ea4db7efb50e0cbf7b1487f66','0','2017-02-15 11:50:48') [ RunTime:0.0000s ]
SQL: SELECT * FROM `rrhbt2t8888_pin` WHERE `pin` = 'cd52405ca034e9f734ce995c927fb572' LIMIT 1   [ RunTime:0.0000s ]
SQL: INSERT INTO `rrhbt2t8888_pin` (`user`,`pin`,`zt`,`sc_date`) VALUES ('niuniu','cd52405ca034e9f734ce995c927fb572','0','2017-02-15 11:50:48') [ RunTime:0.0000s ]
SQL: SELECT * FROM `rrhbt2t8888_pin` WHERE `pin` = '053301652528aefd5c00730cadd36633' LIMIT 1   [ RunTime:0.0000s ]
SQL: INSERT INTO `rrhbt2t8888_pin` (`user`,`pin`,`zt`,`sc_date`) VALUES ('niuniu','053301652528aefd5c00730cadd36633','0','2017-02-15 11:50:48') [ RunTime:0.0000s ]
SQL: SELECT * FROM `rrhbt2t8888_pin` WHERE `pin` = 'a730ac8166a5ad6ec7cb8a3718cb7e95' LIMIT 1   [ RunTime:0.0010s ]
SQL: INSERT INTO `rrhbt2t8888_pin` (`user`,`pin`,`zt`,`sc_date`) VALUES ('niuniu','a730ac8166a5ad6ec7cb8a3718cb7e95','0','2017-02-15 11:50:48') [ RunTime:0.0000s ]
SQL: SELECT * FROM `rrhbt2t8888_pin` WHERE `pin` = '7b6bfb65147bc001ec8a2016707d4b6c' LIMIT 1   [ RunTime:0.0000s ]
SQL: INSERT INTO `rrhbt2t8888_pin` (`user`,`pin`,`zt`,`sc_date`) VALUES ('niuniu','7b6bfb65147bc001ec8a2016707d4b6c','0','2017-02-15 11:50:48') [ RunTime:0.0010s ]
SQL: SELECT * FROM `rrhbt2t8888_pin` WHERE `pin` = '8ab57d74f951612ff1e6e1c40929f5fb' LIMIT 1   [ RunTime:0.0000s ]
SQL: INSERT INTO `rrhbt2t8888_pin` (`user`,`pin`,`zt`,`sc_date`) VALUES ('niuniu','8ab57d74f951612ff1e6e1c40929f5fb','0','2017-02-15 11:50:48') [ RunTime:0.0000s ]
SQL: SELECT * FROM `rrhbt2t8888_pin` WHERE `pin` = '3da0b8f8f738254ef16e9f56667e9193' LIMIT 1   [ RunTime:0.0000s ]
SQL: INSERT INTO `rrhbt2t8888_pin` (`user`,`pin`,`zt`,`sc_date`) VALUES ('niuniu','3da0b8f8f738254ef16e9f56667e9193','0','2017-02-15 11:50:48') [ RunTime:0.0000s ]
SQL: SELECT * FROM `rrhbt2t8888_pin` WHERE `pin` = 'f707309df08823d18e500875f713ac40' LIMIT 1   [ RunTime:0.0000s ]
SQL: INSERT INTO `rrhbt2t8888_pin` (`user`,`pin`,`zt`,`sc_date`) VALUES ('niuniu','f707309df08823d18e500875f713ac40','0','2017-02-15 11:50:48') [ RunTime:0.0000s ]
SQL: SELECT * FROM `rrhbt2t8888_pin` WHERE `pin` = 'a3ec855be001417e080168f6a8ab914f' LIMIT 1   [ RunTime:0.0000s ]
SQL: INSERT INTO `rrhbt2t8888_pin` (`user`,`pin`,`zt`,`sc_date`) VALUES ('niuniu','a3ec855be001417e080168f6a8ab914f','0','2017-02-15 11:50:48') [ RunTime:0.0000s ]
SQL: SELECT * FROM `rrhbt2t8888_pin` WHERE `pin` = '0b3cb268f34e6a67f639f93add1606c6' LIMIT 1   [ RunTime:0.0000s ]
SQL: INSERT INTO `rrhbt2t8888_pin` (`user`,`pin`,`zt`,`sc_date`) VALUES ('niuniu','0b3cb268f34e6a67f639f93add1606c6','0','2017-02-15 11:50:48') [ RunTime:0.0010s ]
SQL: SELECT * FROM `rrhbt2t8888_pin` WHERE `pin` = '35f68bbd2ae020ab84125c4410c6069a' LIMIT 1   [ RunTime:0.0000s ]
SQL: INSERT INTO `rrhbt2t8888_pin` (`user`,`pin`,`zt`,`sc_date`) VALUES ('niuniu','35f68bbd2ae020ab84125c4410c6069a','0','2017-02-15 11:50:48') [ RunTime:0.0000s ]
SQL: SELECT * FROM `rrhbt2t8888_pin` WHERE `pin` = 'a8e0290e68e5cd9543cc310b494f05af' LIMIT 1   [ RunTime:0.0010s ]
SQL: INSERT INTO `rrhbt2t8888_pin` (`user`,`pin`,`zt`,`sc_date`) VALUES ('niuniu','a8e0290e68e5cd9543cc310b494f05af','0','2017-02-15 11:50:48') [ RunTime:0.0000s ]
SQL: SELECT * FROM `rrhbt2t8888_pin` WHERE `pin` = '543674ead033713691739044fab97183' LIMIT 1   [ RunTime:0.0000s ]
SQL: INSERT INTO `rrhbt2t8888_pin` (`user`,`pin`,`zt`,`sc_date`) VALUES ('niuniu','543674ead033713691739044fab97183','0','2017-02-15 11:50:48') [ RunTime:0.0000s ]
SQL: SELECT * FROM `rrhbt2t8888_pin` WHERE `pin` = '68a2fa79bbe414b48b58db7c219cf76b' LIMIT 1   [ RunTime:0.0010s ]
SQL: INSERT INTO `rrhbt2t8888_pin` (`user`,`pin`,`zt`,`sc_date`) VALUES ('niuniu','68a2fa79bbe414b48b58db7c219cf76b','0','2017-02-15 11:50:48') [ RunTime:0.0000s ]
SQL: SELECT * FROM `rrhbt2t8888_pin` WHERE `pin` = '81d8b4b9580349dadba4adccac6eeef4' LIMIT 1   [ RunTime:0.0000s ]
SQL: INSERT INTO `rrhbt2t8888_pin` (`user`,`pin`,`zt`,`sc_date`) VALUES ('niuniu','81d8b4b9580349dadba4adccac6eeef4','0','2017-02-15 11:50:48') [ RunTime:0.0010s ]
SQL: SELECT * FROM `rrhbt2t8888_pin` WHERE `pin` = 'eff4c21cf9b26bc42910594441580d70' LIMIT 1   [ RunTime:0.0000s ]
SQL: INSERT INTO `rrhbt2t8888_pin` (`user`,`pin`,`zt`,`sc_date`) VALUES ('niuniu','eff4c21cf9b26bc42910594441580d70','0','2017-02-15 11:50:48') [ RunTime:0.0000s ]
SQL: SELECT * FROM `rrhbt2t8888_pin` WHERE `pin` = '08760a3c6f5b284ac6f1a9cf0d8b2ccc' LIMIT 1   [ RunTime:0.0000s ]
SQL: INSERT INTO `rrhbt2t8888_pin` (`user`,`pin`,`zt`,`sc_date`) VALUES ('niuniu','08760a3c6f5b284ac6f1a9cf0d8b2ccc','0','2017-02-15 11:50:48') [ RunTime:0.0000s ]
SQL: SELECT * FROM `rrhbt2t8888_pin` WHERE `pin` = 'c90e05721e5f7fca5d79ea19ea916f7d' LIMIT 1   [ RunTime:0.0000s ]
SQL: INSERT INTO `rrhbt2t8888_pin` (`user`,`pin`,`zt`,`sc_date`) VALUES ('niuniu','c90e05721e5f7fca5d79ea19ea916f7d','0','2017-02-15 11:50:48') [ RunTime:0.0010s ]
SQL: SELECT * FROM `rrhbt2t8888_pin` WHERE `pin` = '37c77b4772c76785fc63ecf9433891ca' LIMIT 1   [ RunTime:0.0000s ]
SQL: INSERT INTO `rrhbt2t8888_pin` (`user`,`pin`,`zt`,`sc_date`) VALUES ('niuniu','37c77b4772c76785fc63ecf9433891ca','0','2017-02-15 11:50:48') [ RunTime:0.0000s ]
SQL: SELECT * FROM `rrhbt2t8888_pin` WHERE `pin` = '0898944f608d1bb01a22abd15b4ef153' LIMIT 1   [ RunTime:0.0010s ]
SQL: INSERT INTO `rrhbt2t8888_pin` (`user`,`pin`,`zt`,`sc_date`) VALUES ('niuniu','0898944f608d1bb01a22abd15b4ef153','0','2017-02-15 11:50:48') [ RunTime:0.0000s ]
SQL: SELECT * FROM `rrhbt2t8888_pin` WHERE `pin` = '331118e981ada577e41584ca4850e15f' LIMIT 1   [ RunTime:0.0000s ]
SQL: INSERT INTO `rrhbt2t8888_pin` (`user`,`pin`,`zt`,`sc_date`) VALUES ('niuniu','331118e981ada577e41584ca4850e15f','0','2017-02-15 11:50:48') [ RunTime:0.0000s ]
SQL: SELECT * FROM `rrhbt2t8888_pin` WHERE `pin` = '6a187fdc07d4c45bff762947b8137340' LIMIT 1   [ RunTime:0.0000s ]
SQL: INSERT INTO `rrhbt2t8888_pin` (`user`,`pin`,`zt`,`sc_date`) VALUES ('niuniu','6a187fdc07d4c45bff762947b8137340','0','2017-02-15 11:50:48') [ RunTime:0.0000s ]
SQL: SELECT * FROM `rrhbt2t8888_pin` WHERE `pin` = '5949817deb10cbda5a0520dad64c6bb1' LIMIT 1   [ RunTime:0.0010s ]
SQL: INSERT INTO `rrhbt2t8888_pin` (`user`,`pin`,`zt`,`sc_date`) VALUES ('niuniu','5949817deb10cbda5a0520dad64c6bb1','0','2017-02-15 11:50:48') [ RunTime:0.0000s ]
SQL: SELECT * FROM `rrhbt2t8888_pin` WHERE `pin` = '390145ba37fa6f795b12845a6bb9d922' LIMIT 1   [ RunTime:0.0000s ]
SQL: INSERT INTO `rrhbt2t8888_pin` (`user`,`pin`,`zt`,`sc_date`) VALUES ('niuniu','390145ba37fa6f795b12845a6bb9d922','0','2017-02-15 11:50:48') [ RunTime:0.0010s ]
SQL: SELECT * FROM `rrhbt2t8888_pin` WHERE `pin` = '8f31b7e7581a1c684d7b2ce3dd84e7d4' LIMIT 1   [ RunTime:0.0000s ]
SQL: INSERT INTO `rrhbt2t8888_pin` (`user`,`pin`,`zt`,`sc_date`) VALUES ('niuniu','8f31b7e7581a1c684d7b2ce3dd84e7d4','0','2017-02-15 11:50:48') [ RunTime:0.0000s ]
SQL: SELECT * FROM `rrhbt2t8888_pin` WHERE `pin` = '768aaaa3f7d6c53f3244f9a1e846bbbd' LIMIT 1   [ RunTime:0.0000s ]
SQL: INSERT INTO `rrhbt2t8888_pin` (`user`,`pin`,`zt`,`sc_date`) VALUES ('niuniu','768aaaa3f7d6c53f3244f9a1e846bbbd','0','2017-02-15 11:50:48') [ RunTime:0.0000s ]
SQL: SELECT * FROM `rrhbt2t8888_pin` WHERE `pin` = 'e6e847c9542901806c4dc3053d9776cc' LIMIT 1   [ RunTime:0.0000s ]
SQL: INSERT INTO `rrhbt2t8888_pin` (`user`,`pin`,`zt`,`sc_date`) VALUES ('niuniu','e6e847c9542901806c4dc3053d9776cc','0','2017-02-15 11:50:48') [ RunTime:0.0000s ]
SQL: SELECT * FROM `rrhbt2t8888_pin` WHERE `pin` = '37b9c5e71abf4e0f39a4eb0d0369ef73' LIMIT 1   [ RunTime:0.0010s ]
SQL: INSERT INTO `rrhbt2t8888_pin` (`user`,`pin`,`zt`,`sc_date`) VALUES ('niuniu','37b9c5e71abf4e0f39a4eb0d0369ef73','0','2017-02-15 11:50:48') [ RunTime:0.0000s ]
SQL: SELECT * FROM `rrhbt2t8888_pin` WHERE `pin` = '30e74fc74b111ab2974e81a93cf44897' LIMIT 1   [ RunTime:0.0000s ]
SQL: INSERT INTO `rrhbt2t8888_pin` (`user`,`pin`,`zt`,`sc_date`) VALUES ('niuniu','30e74fc74b111ab2974e81a93cf44897','0','2017-02-15 11:50:48') [ RunTime:0.0010s ]
SQL: SELECT * FROM `rrhbt2t8888_pin` WHERE `pin` = 'aab5c275a6db19563c4b0b93ba575383' LIMIT 1   [ RunTime:0.0000s ]
SQL: INSERT INTO `rrhbt2t8888_pin` (`user`,`pin`,`zt`,`sc_date`) VALUES ('niuniu','aab5c275a6db19563c4b0b93ba575383','0','2017-02-15 11:50:48') [ RunTime:0.0000s ]
SQL: SELECT * FROM `rrhbt2t8888_pin` WHERE `pin` = '984f52a357579786979d6edb5cf48172' LIMIT 1   [ RunTime:0.0000s ]
SQL: INSERT INTO `rrhbt2t8888_pin` (`user`,`pin`,`zt`,`sc_date`) VALUES ('niuniu','984f52a357579786979d6edb5cf48172','0','2017-02-15 11:50:48') [ RunTime:0.0000s ]
SQL: SELECT * FROM `rrhbt2t8888_pin` WHERE `pin` = '6ed0a859545a07d55c80d227d0ce15ae' LIMIT 1   [ RunTime:0.0000s ]
SQL: INSERT INTO `rrhbt2t8888_pin` (`user`,`pin`,`zt`,`sc_date`) VALUES ('niuniu','6ed0a859545a07d55c80d227d0ce15ae','0','2017-02-15 11:50:48') [ RunTime:0.0000s ]
SQL: SELECT * FROM `rrhbt2t8888_pin` WHERE `pin` = 'e9826dc77b2fb2b670d9e320bcdde034' LIMIT 1   [ RunTime:0.0010s ]
SQL: INSERT INTO `rrhbt2t8888_pin` (`user`,`pin`,`zt`,`sc_date`) VALUES ('niuniu','e9826dc77b2fb2b670d9e320bcdde034','0','2017-02-15 11:50:48') [ RunTime:0.0000s ]
SQL: SELECT * FROM `rrhbt2t8888_pin` WHERE `pin` = 'a3e6166d8f142bd6bc03d4eeb9fa1370' LIMIT 1   [ RunTime:0.0000s ]
SQL: INSERT INTO `rrhbt2t8888_pin` (`user`,`pin`,`zt`,`sc_date`) VALUES ('niuniu','a3e6166d8f142bd6bc03d4eeb9fa1370','0','2017-02-15 11:50:48') [ RunTime:0.0010s ]
SQL: SELECT * FROM `rrhbt2t8888_pin` WHERE `pin` = '00f7b32fb66a57307be3ba8f63db111e' LIMIT 1   [ RunTime:0.0000s ]
SQL: INSERT INTO `rrhbt2t8888_pin` (`user`,`pin`,`zt`,`sc_date`) VALUES ('niuniu','00f7b32fb66a57307be3ba8f63db111e','0','2017-02-15 11:50:48') [ RunTime:0.0000s ]
SQL: SELECT * FROM `rrhbt2t8888_pin` WHERE `pin` = 'c743ea37dc74768ad214137b850c2d43' LIMIT 1   [ RunTime:0.0000s ]
SQL: INSERT INTO `rrhbt2t8888_pin` (`user`,`pin`,`zt`,`sc_date`) VALUES ('niuniu','c743ea37dc74768ad214137b850c2d43','0','2017-02-15 11:50:48') [ RunTime:0.0000s ]
SQL: SELECT * FROM `rrhbt2t8888_pin` WHERE `pin` = '05294dfdd1b545b3ed836b060264a8e2' LIMIT 1   [ RunTime:0.0000s ]
SQL: INSERT INTO `rrhbt2t8888_pin` (`user`,`pin`,`zt`,`sc_date`) VALUES ('niuniu','05294dfdd1b545b3ed836b060264a8e2','0','2017-02-15 11:50:48') [ RunTime:0.0000s ]
SQL: SELECT * FROM `rrhbt2t8888_pin` WHERE `pin` = '44357486bc023b50396f193f82223f71' LIMIT 1   [ RunTime:0.0010s ]
SQL: INSERT INTO `rrhbt2t8888_pin` (`user`,`pin`,`zt`,`sc_date`) VALUES ('niuniu','44357486bc023b50396f193f82223f71','0','2017-02-15 11:50:48') [ RunTime:0.0000s ]
SQL: SELECT * FROM `rrhbt2t8888_pin` WHERE `pin` = '663750d8fdd8c9b766fffc9f296f575e' LIMIT 1   [ RunTime:0.0000s ]
SQL: INSERT INTO `rrhbt2t8888_pin` (`user`,`pin`,`zt`,`sc_date`) VALUES ('niuniu','663750d8fdd8c9b766fffc9f296f575e','0','2017-02-15 11:50:48') [ RunTime:0.0000s ]
SQL: SELECT * FROM `rrhbt2t8888_pin` WHERE `pin` = 'd4dcdbfff44bca786b6c620345948a92' LIMIT 1   [ RunTime:0.0010s ]
SQL: INSERT INTO `rrhbt2t8888_pin` (`user`,`pin`,`zt`,`sc_date`) VALUES ('niuniu','d4dcdbfff44bca786b6c620345948a92','0','2017-02-15 11:50:48') [ RunTime:0.0000s ]
SQL: SELECT * FROM `rrhbt2t8888_pin` WHERE `pin` = '1ab2fa1943a671f86bed55ff809fb577' LIMIT 1   [ RunTime:0.0000s ]
SQL: INSERT INTO `rrhbt2t8888_pin` (`user`,`pin`,`zt`,`sc_date`) VALUES ('niuniu','1ab2fa1943a671f86bed55ff809fb577','0','2017-02-15 11:50:48') [ RunTime:0.0010s ]
SQL: SELECT * FROM `rrhbt2t8888_pin` WHERE `pin` = '08185716500315bad882f84978c61ab5' LIMIT 1   [ RunTime:0.0000s ]
SQL: INSERT INTO `rrhbt2t8888_pin` (`user`,`pin`,`zt`,`sc_date`) VALUES ('niuniu','08185716500315bad882f84978c61ab5','0','2017-02-15 11:50:48') [ RunTime:0.0000s ]
SQL: SELECT * FROM `rrhbt2t8888_pin` WHERE `pin` = '9b1ad9a8a6812c382cbe1dd0045acb2f' LIMIT 1   [ RunTime:0.0000s ]
SQL: INSERT INTO `rrhbt2t8888_pin` (`user`,`pin`,`zt`,`sc_date`) VALUES ('niuniu','9b1ad9a8a6812c382cbe1dd0045acb2f','0','2017-02-15 11:50:48') [ RunTime:0.0000s ]
SQL: SELECT * FROM `rrhbt2t8888_pin` WHERE `pin` = '709dde464d33f09a50de862b57d6cf3c' LIMIT 1   [ RunTime:0.0000s ]
SQL: INSERT INTO `rrhbt2t8888_pin` (`user`,`pin`,`zt`,`sc_date`) VALUES ('niuniu','709dde464d33f09a50de862b57d6cf3c','0','2017-02-15 11:50:48') [ RunTime:0.0000s ]
SQL: SELECT * FROM `rrhbt2t8888_pin` WHERE `pin` = '16794a46f0257d433c5c4cdf26a03fa1' LIMIT 1   [ RunTime:0.0010s ]
SQL: INSERT INTO `rrhbt2t8888_pin` (`user`,`pin`,`zt`,`sc_date`) VALUES ('niuniu','16794a46f0257d433c5c4cdf26a03fa1','0','2017-02-15 11:50:48') [ RunTime:0.0000s ]
SQL: SELECT * FROM `rrhbt2t8888_pin` WHERE `pin` = 'e2abf114b3c25de5f2ca0ea03e07e1ff' LIMIT 1   [ RunTime:0.0000s ]
SQL: INSERT INTO `rrhbt2t8888_pin` (`user`,`pin`,`zt`,`sc_date`) VALUES ('niuniu','e2abf114b3c25de5f2ca0ea03e07e1ff','0','2017-02-15 11:50:48') [ RunTime:0.0000s ]
SQL: SELECT * FROM `rrhbt2t8888_pin` WHERE `pin` = 'cd00c0024bbf9d441ab6eb804650aea1' LIMIT 1   [ RunTime:0.0010s ]
SQL: INSERT INTO `rrhbt2t8888_pin` (`user`,`pin`,`zt`,`sc_date`) VALUES ('niuniu','cd00c0024bbf9d441ab6eb804650aea1','0','2017-02-15 11:50:48') [ RunTime:0.0000s ]
SQL: SELECT * FROM `rrhbt2t8888_pin` WHERE `pin` = 'af50a95f796627dc1442429001b3b083' LIMIT 1   [ RunTime:0.0000s ]
SQL: INSERT INTO `rrhbt2t8888_pin` (`user`,`pin`,`zt`,`sc_date`) VALUES ('niuniu','af50a95f796627dc1442429001b3b083','0','2017-02-15 11:50:48') [ RunTime:0.0010s ]
SQL: SELECT * FROM `rrhbt2t8888_pin` WHERE `pin` = 'addd0df051d9e60c7d680640d0811690' LIMIT 1   [ RunTime:0.0000s ]
SQL: INSERT INTO `rrhbt2t8888_pin` (`user`,`pin`,`zt`,`sc_date`) VALUES ('niuniu','addd0df051d9e60c7d680640d0811690','0','2017-02-15 11:50:48') [ RunTime:0.0000s ]
SQL: SELECT * FROM `rrhbt2t8888_pin` WHERE `pin` = '39eb32a212bb75ce575b73df9d3224b6' LIMIT 1   [ RunTime:0.0010s ]
SQL: INSERT INTO `rrhbt2t8888_pin` (`user`,`pin`,`zt`,`sc_date`) VALUES ('niuniu','39eb32a212bb75ce575b73df9d3224b6','0','2017-02-15 11:50:48') [ RunTime:0.0000s ]
SQL: SELECT * FROM `rrhbt2t8888_pin` WHERE `pin` = '9457e2cbc9f91d6dc98a17211913380c' LIMIT 1   [ RunTime:0.0000s ]
SQL: INSERT INTO `rrhbt2t8888_pin` (`user`,`pin`,`zt`,`sc_date`) VALUES ('niuniu','9457e2cbc9f91d6dc98a17211913380c','0','2017-02-15 11:50:48') [ RunTime:0.0000s ]
SQL: SELECT * FROM `rrhbt2t8888_pin` WHERE `pin` = '44a19ff1d023feda952b0a7aca2ba992' LIMIT 1   [ RunTime:0.0000s ]
SQL: INSERT INTO `rrhbt2t8888_pin` (`user`,`pin`,`zt`,`sc_date`) VALUES ('niuniu','44a19ff1d023feda952b0a7aca2ba992','0','2017-02-15 11:50:48') [ RunTime:0.0000s ]
SQL: SELECT * FROM `rrhbt2t8888_pin` WHERE `pin` = 'bd2a5ae5e826b42512dfe4f46bce785d' LIMIT 1   [ RunTime:0.0000s ]
SQL: INSERT INTO `rrhbt2t8888_pin` (`user`,`pin`,`zt`,`sc_date`) VALUES ('niuniu','bd2a5ae5e826b42512dfe4f46bce785d','0','2017-02-15 11:50:48') [ RunTime:0.0010s ]
SQL: SELECT * FROM `rrhbt2t8888_pin` WHERE `pin` = '59214ed1e3d920a99a36682c93c7e066' LIMIT 1   [ RunTime:0.0000s ]
SQL: INSERT INTO `rrhbt2t8888_pin` (`user`,`pin`,`zt`,`sc_date`) VALUES ('niuniu','59214ed1e3d920a99a36682c93c7e066','0','2017-02-15 11:50:48') [ RunTime:0.0000s ]
SQL: SELECT * FROM `rrhbt2t8888_pin` WHERE `pin` = '69dad8795e8998df3afd0bb3bd672f5c' LIMIT 1   [ RunTime:0.0000s ]
SQL: INSERT INTO `rrhbt2t8888_pin` (`user`,`pin`,`zt`,`sc_date`) VALUES ('niuniu','69dad8795e8998df3afd0bb3bd672f5c','0','2017-02-15 11:50:48') [ RunTime:0.0000s ]
SQL: SELECT * FROM `rrhbt2t8888_pin` WHERE `pin` = '8b59b524bb41ff60bd899d6e8feeefe1' LIMIT 1   [ RunTime:0.0000s ]
SQL: INSERT INTO `rrhbt2t8888_pin` (`user`,`pin`,`zt`,`sc_date`) VALUES ('niuniu','8b59b524bb41ff60bd899d6e8feeefe1','0','2017-02-15 11:50:48') [ RunTime:0.0000s ]
SQL: SELECT * FROM `rrhbt2t8888_pin` WHERE `pin` = '0886a7bce2871edbc4c5c71eece854ea' LIMIT 1   [ RunTime:0.0010s ]
SQL: INSERT INTO `rrhbt2t8888_pin` (`user`,`pin`,`zt`,`sc_date`) VALUES ('niuniu','0886a7bce2871edbc4c5c71eece854ea','0','2017-02-15 11:50:48') [ RunTime:0.0000s ]
SQL: SELECT * FROM `rrhbt2t8888_pin` WHERE `pin` = 'a7b271d2e4b222790deb0c82b31b0374' LIMIT 1   [ RunTime:0.0000s ]
SQL: INSERT INTO `rrhbt2t8888_pin` (`user`,`pin`,`zt`,`sc_date`) VALUES ('niuniu','a7b271d2e4b222790deb0c82b31b0374','0','2017-02-15 11:50:48') [ RunTime:0.0000s ]
SQL: SELECT * FROM `rrhbt2t8888_pin` WHERE `pin` = 'e63b3a3a1d7ed758527e0593f5b6cc6b' LIMIT 1   [ RunTime:0.0000s ]
SQL: INSERT INTO `rrhbt2t8888_pin` (`user`,`pin`,`zt`,`sc_date`) VALUES ('niuniu','e63b3a3a1d7ed758527e0593f5b6cc6b','0','2017-02-15 11:50:48') [ RunTime:0.0000s ]
SQL: SELECT * FROM `rrhbt2t8888_pin` WHERE `pin` = '7fd285e6f5c29f305e49a9b4aa98e408' LIMIT 1   [ RunTime:0.0000s ]
SQL: INSERT INTO `rrhbt2t8888_pin` (`user`,`pin`,`zt`,`sc_date`) VALUES ('niuniu','7fd285e6f5c29f305e49a9b4aa98e408','0','2017-02-15 11:50:48') [ RunTime:0.0000s ]
SQL: SELECT * FROM `rrhbt2t8888_pin` WHERE `pin` = 'f0b0f77de177725840f4a18bab9fa983' LIMIT 1   [ RunTime:0.0000s ]
SQL: INSERT INTO `rrhbt2t8888_pin` (`user`,`pin`,`zt`,`sc_date`) VALUES ('niuniu','f0b0f77de177725840f4a18bab9fa983','0','2017-02-15 11:50:48') [ RunTime:0.0000s ]
SQL: SELECT * FROM `rrhbt2t8888_pin` WHERE `pin` = 'd372ea673c30d79e431277b65defc0fe' LIMIT 1   [ RunTime:0.0010s ]
SQL: INSERT INTO `rrhbt2t8888_pin` (`user`,`pin`,`zt`,`sc_date`) VALUES ('niuniu','d372ea673c30d79e431277b65defc0fe','0','2017-02-15 11:50:48') [ RunTime:0.0000s ]
SQL: SELECT * FROM `rrhbt2t8888_pin` WHERE `pin` = 'a79b6059f85afc14cad8533e1085ff08' LIMIT 1   [ RunTime:0.0000s ]
SQL: INSERT INTO `rrhbt2t8888_pin` (`user`,`pin`,`zt`,`sc_date`) VALUES ('niuniu','a79b6059f85afc14cad8533e1085ff08','0','2017-02-15 11:50:48') [ RunTime:0.0000s ]
SQL: SELECT * FROM `rrhbt2t8888_pin` WHERE `pin` = 'ba6bb17e0b14f8ecc861adaa18263e16' LIMIT 1   [ RunTime:0.0000s ]
SQL: INSERT INTO `rrhbt2t8888_pin` (`user`,`pin`,`zt`,`sc_date`) VALUES ('niuniu','ba6bb17e0b14f8ecc861adaa18263e16','0','2017-02-15 11:50:48') [ RunTime:0.0000s ]
SQL: SELECT * FROM `rrhbt2t8888_pin` WHERE `pin` = '001375a60d99cddec4b1b47c45e989a6' LIMIT 1   [ RunTime:0.0000s ]
SQL: INSERT INTO `rrhbt2t8888_pin` (`user`,`pin`,`zt`,`sc_date`) VALUES ('niuniu','001375a60d99cddec4b1b47c45e989a6','0','2017-02-15 11:50:48') [ RunTime:0.0000s ]
SQL: SELECT * FROM `rrhbt2t8888_pin` WHERE `pin` = '50af38bce75dfc763e5116b5bf2492d0' LIMIT 1   [ RunTime:0.0000s ]
SQL: INSERT INTO `rrhbt2t8888_pin` (`user`,`pin`,`zt`,`sc_date`) VALUES ('niuniu','50af38bce75dfc763e5116b5bf2492d0','0','2017-02-15 11:50:48') [ RunTime:0.0000s ]
SQL: SELECT * FROM `rrhbt2t8888_pin` WHERE `pin` = 'bd21efcf983360c49c90120d749ddab3' LIMIT 1   [ RunTime:0.0010s ]
SQL: INSERT INTO `rrhbt2t8888_pin` (`user`,`pin`,`zt`,`sc_date`) VALUES ('niuniu','bd21efcf983360c49c90120d749ddab3','0','2017-02-15 11:50:48') [ RunTime:0.0000s ]
SQL: SELECT * FROM `rrhbt2t8888_pin` WHERE `pin` = '5ab8317f1b56e3c90c90f03421c28a8e' LIMIT 1   [ RunTime:0.0000s ]
SQL: INSERT INTO `rrhbt2t8888_pin` (`user`,`pin`,`zt`,`sc_date`) VALUES ('niuniu','5ab8317f1b56e3c90c90f03421c28a8e','0','2017-02-15 11:50:48') [ RunTime:0.0010s ]
SQL: SELECT * FROM `rrhbt2t8888_pin` WHERE `pin` = 'a042fd13fa065bceaa14e29abebf2e87' LIMIT 1   [ RunTime:0.0000s ]
SQL: INSERT INTO `rrhbt2t8888_pin` (`user`,`pin`,`zt`,`sc_date`) VALUES ('niuniu','a042fd13fa065bceaa14e29abebf2e87','0','2017-02-15 11:50:48') [ RunTime:0.0000s ]
SQL: SELECT * FROM `rrhbt2t8888_pin` WHERE `pin` = '61c94a9fa04abb9b6e3df26cd2e75b1e' LIMIT 1   [ RunTime:0.0000s ]
SQL: INSERT INTO `rrhbt2t8888_pin` (`user`,`pin`,`zt`,`sc_date`) VALUES ('niuniu','61c94a9fa04abb9b6e3df26cd2e75b1e','0','2017-02-15 11:50:48') [ RunTime:0.0000s ]
SQL: SELECT * FROM `rrhbt2t8888_pin` WHERE `pin` = 'a6a6b3ba5f676d01fb791dbb04a8c6c1' LIMIT 1   [ RunTime:0.0010s ]
SQL: INSERT INTO `rrhbt2t8888_pin` (`user`,`pin`,`zt`,`sc_date`) VALUES ('niuniu','a6a6b3ba5f676d01fb791dbb04a8c6c1','0','2017-02-15 11:50:48') [ RunTime:0.0000s ]
SQL: SELECT * FROM `rrhbt2t8888_pin` WHERE `pin` = 'c86456fcbc74dfa6dddef379b1b115e8' LIMIT 1   [ RunTime:0.0000s ]
SQL: INSERT INTO `rrhbt2t8888_pin` (`user`,`pin`,`zt`,`sc_date`) VALUES ('niuniu','c86456fcbc74dfa6dddef379b1b115e8','0','2017-02-15 11:50:48') [ RunTime:0.0000s ]
SQL: SELECT * FROM `rrhbt2t8888_pin` WHERE `pin` = '0e2a7ceddcfe1336a9ebaa9d17da717b' LIMIT 1   [ RunTime:0.0010s ]
SQL: INSERT INTO `rrhbt2t8888_pin` (`user`,`pin`,`zt`,`sc_date`) VALUES ('niuniu','0e2a7ceddcfe1336a9ebaa9d17da717b','0','2017-02-15 11:50:48') [ RunTime:0.0000s ]
SQL: SELECT * FROM `rrhbt2t8888_pin` WHERE `pin` = '1ba176c640f510c4a49692c09a69782d' LIMIT 1   [ RunTime:0.0000s ]
SQL: INSERT INTO `rrhbt2t8888_pin` (`user`,`pin`,`zt`,`sc_date`) VALUES ('niuniu','1ba176c640f510c4a49692c09a69782d','0','2017-02-15 11:50:48') [ RunTime:0.0000s ]
SQL: SELECT * FROM `rrhbt2t8888_pin` WHERE `pin` = '217b810a0edd2e1994ed0f4f417af8ae' LIMIT 1   [ RunTime:0.0000s ]
SQL: INSERT INTO `rrhbt2t8888_pin` (`user`,`pin`,`zt`,`sc_date`) VALUES ('niuniu','217b810a0edd2e1994ed0f4f417af8ae','0','2017-02-15 11:50:48') [ RunTime:0.0000s ]
SQL: SELECT * FROM `rrhbt2t8888_pin` WHERE `pin` = '18350253d811ceb2ab075be409b279c2' LIMIT 1   [ RunTime:0.0000s ]
SQL: INSERT INTO `rrhbt2t8888_pin` (`user`,`pin`,`zt`,`sc_date`) VALUES ('niuniu','18350253d811ceb2ab075be409b279c2','0','2017-02-15 11:50:48') [ RunTime:0.0000s ]
SQL: SELECT * FROM `rrhbt2t8888_pin` WHERE `pin` = '0519ed13d5a72170d6608125f3ba58c3' LIMIT 1   [ RunTime:0.0000s ]
SQL: INSERT INTO `rrhbt2t8888_pin` (`user`,`pin`,`zt`,`sc_date`) VALUES ('niuniu','0519ed13d5a72170d6608125f3ba58c3','0','2017-02-15 11:50:48') [ RunTime:0.0000s ]
SQL: SELECT * FROM `rrhbt2t8888_pin` WHERE `pin` = '9fa5e628162f1532faa9d5456f8b120f' LIMIT 1   [ RunTime:0.0000s ]
SQL: INSERT INTO `rrhbt2t8888_pin` (`user`,`pin`,`zt`,`sc_date`) VALUES ('niuniu','9fa5e628162f1532faa9d5456f8b120f','0','2017-02-15 11:50:48') [ RunTime:0.0000s ]
SQL: SELECT * FROM `rrhbt2t8888_pin` WHERE `pin` = '69d80ce059b4c17e67ec3237ebe920a0' LIMIT 1   [ RunTime:0.0000s ]
SQL: INSERT INTO `rrhbt2t8888_pin` (`user`,`pin`,`zt`,`sc_date`) VALUES ('niuniu','69d80ce059b4c17e67ec3237ebe920a0','0','2017-02-15 11:50:48') [ RunTime:0.0010s ]
SQL: SELECT * FROM `rrhbt2t8888_pin` WHERE `pin` = '8f5e619ca26e5fa3542f47232f6cf16a' LIMIT 1   [ RunTime:0.0000s ]
SQL: INSERT INTO `rrhbt2t8888_pin` (`user`,`pin`,`zt`,`sc_date`) VALUES ('niuniu','8f5e619ca26e5fa3542f47232f6cf16a','0','2017-02-15 11:50:48') [ RunTime:0.0000s ]
SQL: SELECT * FROM `rrhbt2t8888_pin` WHERE `pin` = '08897e08a994250c03cf77510bf61da5' LIMIT 1   [ RunTime:0.0010s ]
SQL: INSERT INTO `rrhbt2t8888_pin` (`user`,`pin`,`zt`,`sc_date`) VALUES ('niuniu','08897e08a994250c03cf77510bf61da5','0','2017-02-15 11:50:48') [ RunTime:0.0000s ]
SQL: SELECT * FROM `rrhbt2t8888_pin` WHERE `pin` = '20f33ea080dfcd22d72b46adbf714570' LIMIT 1   [ RunTime:0.0000s ]
SQL: INSERT INTO `rrhbt2t8888_pin` (`user`,`pin`,`zt`,`sc_date`) VALUES ('niuniu','20f33ea080dfcd22d72b46adbf714570','0','2017-02-15 11:50:48') [ RunTime:0.0000s ]
SQL: SELECT * FROM `rrhbt2t8888_pin` WHERE `pin` = '1cb46fd9be812120b69a465d19ea256d' LIMIT 1   [ RunTime:0.0010s ]
SQL: INSERT INTO `rrhbt2t8888_pin` (`user`,`pin`,`zt`,`sc_date`) VALUES ('niuniu','1cb46fd9be812120b69a465d19ea256d','0','2017-02-15 11:50:48') [ RunTime:0.0000s ]
SQL: SELECT * FROM `rrhbt2t8888_pin` WHERE `pin` = '1510f04e270d0a15c091b7ba5023fb05' LIMIT 1   [ RunTime:0.0000s ]
SQL: INSERT INTO `rrhbt2t8888_pin` (`user`,`pin`,`zt`,`sc_date`) VALUES ('niuniu','1510f04e270d0a15c091b7ba5023fb05','0','2017-02-15 11:50:48') [ RunTime:0.0010s ]
SQL: SELECT * FROM `rrhbt2t8888_pin` WHERE `pin` = '3347f336dbcede5cf7ce083c6afb3e0a' LIMIT 1   [ RunTime:0.0000s ]
SQL: INSERT INTO `rrhbt2t8888_pin` (`user`,`pin`,`zt`,`sc_date`) VALUES ('niuniu','3347f336dbcede5cf7ce083c6afb3e0a','0','2017-02-15 11:50:48') [ RunTime:0.0000s ]
SQL: SELECT * FROM `rrhbt2t8888_pin` WHERE `pin` = '2b1b3ff4423a5c06cffae98f09ea28f5' LIMIT 1   [ RunTime:0.0000s ]
SQL: INSERT INTO `rrhbt2t8888_pin` (`user`,`pin`,`zt`,`sc_date`) VALUES ('niuniu','2b1b3ff4423a5c06cffae98f09ea28f5','0','2017-02-15 11:50:48') [ RunTime:0.0000s ]
SQL: SELECT * FROM `rrhbt2t8888_pin` WHERE `pin` = '2775e4040c212d41fe73312272359471' LIMIT 1   [ RunTime:0.0000s ]
SQL: INSERT INTO `rrhbt2t8888_pin` (`user`,`pin`,`zt`,`sc_date`) VALUES ('niuniu','2775e4040c212d41fe73312272359471','0','2017-02-15 11:50:48') [ RunTime:0.0000s ]
SQL: SELECT * FROM `rrhbt2t8888_pin` WHERE `pin` = '4a536255fbceb5663c1d6a52534d18b7' LIMIT 1   [ RunTime:0.0010s ]
SQL: INSERT INTO `rrhbt2t8888_pin` (`user`,`pin`,`zt`,`sc_date`) VALUES ('niuniu','4a536255fbceb5663c1d6a52534d18b7','0','2017-02-15 11:50:48') [ RunTime:0.0000s ]
SQL: SELECT * FROM `rrhbt2t8888_pin` WHERE `pin` = '38f5da1303515e3faedb8230e4c875cb' LIMIT 1   [ RunTime:0.0000s ]
SQL: INSERT INTO `rrhbt2t8888_pin` (`user`,`pin`,`zt`,`sc_date`) VALUES ('niuniu','38f5da1303515e3faedb8230e4c875cb','0','2017-02-15 11:50:48') [ RunTime:0.0010s ]
SQL: SELECT * FROM `rrhbt2t8888_pin` WHERE `pin` = '76a1ecfacbf407a0c6a321408f24b5ea' LIMIT 1   [ RunTime:0.0000s ]
SQL: INSERT INTO `rrhbt2t8888_pin` (`user`,`pin`,`zt`,`sc_date`) VALUES ('niuniu','76a1ecfacbf407a0c6a321408f24b5ea','0','2017-02-15 11:50:48') [ RunTime:0.0010s ]
SQL: SELECT * FROM `rrhbt2t8888_pin` WHERE `pin` = '3f61b76d41328500bc394808c90b3cee' LIMIT 1   [ RunTime:0.0000s ]
SQL: INSERT INTO `rrhbt2t8888_pin` (`user`,`pin`,`zt`,`sc_date`) VALUES ('niuniu','3f61b76d41328500bc394808c90b3cee','0','2017-02-15 11:50:48') [ RunTime:0.0000s ]
SQL: SELECT * FROM `rrhbt2t8888_pin` WHERE `pin` = '9c3d95d296927df4c5538eb487a1540b' LIMIT 1   [ RunTime:0.0000s ]
SQL: INSERT INTO `rrhbt2t8888_pin` (`user`,`pin`,`zt`,`sc_date`) VALUES ('niuniu','9c3d95d296927df4c5538eb487a1540b','0','2017-02-15 11:50:48') [ RunTime:0.0000s ]
SQL: SELECT * FROM `rrhbt2t8888_pin` WHERE `pin` = '82adf3551ba6ee76c2b26fbb97f46434' LIMIT 1   [ RunTime:0.0010s ]
SQL: INSERT INTO `rrhbt2t8888_pin` (`user`,`pin`,`zt`,`sc_date`) VALUES ('niuniu','82adf3551ba6ee76c2b26fbb97f46434','0','2017-02-15 11:50:48') [ RunTime:0.0000s ]
SQL: SELECT * FROM `rrhbt2t8888_pin` WHERE `pin` = 'e0b0ce916db0a9fdd6a7c31721febd7c' LIMIT 1   [ RunTime:0.0000s ]
SQL: INSERT INTO `rrhbt2t8888_pin` (`user`,`pin`,`zt`,`sc_date`) VALUES ('niuniu','e0b0ce916db0a9fdd6a7c31721febd7c','0','2017-02-15 11:50:48') [ RunTime:0.0010s ]
INFO: [ view_parse ] --START--
INFO: [ template_filter ] --START--
INFO: Run Behavior\ContentReplaceBehavior [ RunTime:0.000000s ]
INFO: [ template_filter ] --END-- [ RunTime:0.000000s ]
INFO: Run Behavior\ParseTemplateBehavior [ RunTime:0.007000s ]
INFO: [ view_parse ] --END-- [ RunTime:0.007000s ]
INFO: [ view_filter ] --START--
INFO: Run Behavior\WriteHtmlCacheBehavior [ RunTime:0.000000s ]
INFO: [ view_filter ] --END-- [ RunTime:0.000000s ]
INFO: [ app_end ] --START--
INFO: Run Behavior\ShowPageTraceBehavior [ RunTime:0.001001s ]
INFO: [ app_end ] --END-- [ RunTime:0.001001s ]

[ 2017-02-15T11:50:49+08:00 ] 127.0.0.1 /shi.php/Home/Index/pin_add
INFO: [ app_begin ] --START--
INFO: Run Behavior\ReadHtmlCacheBehavior [ RunTime:0.002000s ]
INFO: [ app_begin ] --END-- [ RunTime:0.002000s ]
NOTIC: [8] Undefined index: all D:\www\huzhu\mingyingtianxia\snadmin\Home\Controller\CommonController.class.php 第 15 行.
INFO: [ view_parse ] --START--
INFO: [ template_filter ] --START--
INFO: Run Behavior\ContentReplaceBehavior [ RunTime:0.000000s ]
INFO: [ template_filter ] --END-- [ RunTime:0.000000s ]
NOTIC: [8] Undefined variable: page D:\www\huzhu\mingyingtianxia\snadmin\Runtime\Cache\Home\c57dd95c4c85874edcc04d830e0d78f8.php 第 107 行.
INFO: Run Behavior\ParseTemplateBehavior [ RunTime:0.007000s ]
INFO: [ view_parse ] --END-- [ RunTime:0.007000s ]
INFO: [ view_filter ] --START--
INFO: Run Behavior\WriteHtmlCacheBehavior [ RunTime:0.000000s ]
INFO: [ view_filter ] --END-- [ RunTime:0.000000s ]
INFO: [ app_end ] --START--
INFO: Run Behavior\ShowPageTraceBehavior [ RunTime:0.001000s ]
INFO: [ app_end ] --END-- [ RunTime:0.001000s ]

[ 2017-02-15T11:51:57+08:00 ] 127.0.0.1 /shi.php/Home/Index/txset
INFO: [ app_begin ] --START--
INFO: Run Behavior\ReadHtmlCacheBehavior [ RunTime:0.001000s ]
INFO: [ app_begin ] --END-- [ RunTime:0.001000s ]
NOTIC: [8] Undefined index: all D:\www\huzhu\mingyingtianxia\snadmin\Home\Controller\CommonController.class.php 第 15 行.
INFO: [ view_parse ] --START--
INFO: [ template_filter ] --START--
INFO: Run Behavior\ContentReplaceBehavior [ RunTime:0.000000s ]
INFO: [ template_filter ] --END-- [ RunTime:0.000000s ]
INFO: Run Behavior\ParseTemplateBehavior [ RunTime:0.012001s ]
INFO: [ view_parse ] --END-- [ RunTime:0.012001s ]
INFO: [ view_filter ] --START--
INFO: Run Behavior\WriteHtmlCacheBehavior [ RunTime:0.000000s ]
INFO: [ view_filter ] --END-- [ RunTime:0.000000s ]
INFO: [ app_end ] --START--
INFO: Run Behavior\ShowPageTraceBehavior [ RunTime:0.001000s ]
INFO: [ app_end ] --END-- [ RunTime:0.001000s ]

[ 2017-02-15T11:51:57+08:00 ] 127.0.0.1 /shi.php/Home/Common/getTree
INFO: [ app_begin ] --START--
INFO: Run Behavior\ReadHtmlCacheBehavior [ RunTime:0.001000s ]
INFO: [ app_begin ] --END-- [ RunTime:0.003000s ]
NOTIC: [8] Undefined index: all D:\www\huzhu\mingyingtianxia\snadmin\Home\Controller\CommonController.class.php 第 15 行.
INFO: [ app_end ] --START--
INFO: Run Behavior\ShowPageTraceBehavior [ RunTime:0.002000s ]
INFO: [ app_end ] --END-- [ RunTime:0.002000s ]

[ 2017-02-15T11:51:58+08:00 ] 127.0.0.1 /shi.php/Home/Index/jjset
INFO: [ app_begin ] --START--
INFO: Run Behavior\ReadHtmlCacheBehavior [ RunTime:0.001000s ]
INFO: [ app_begin ] --END-- [ RunTime:0.001000s ]
NOTIC: [8] Undefined index: all D:\www\huzhu\mingyingtianxia\snadmin\Home\Controller\CommonController.class.php 第 15 行.
INFO: [ view_parse ] --START--
INFO: [ template_filter ] --START--
INFO: Run Behavior\ContentReplaceBehavior [ RunTime:0.000000s ]
INFO: [ template_filter ] --END-- [ RunTime:0.000000s ]
INFO: Run Behavior\ParseTemplateBehavior [ RunTime:0.011001s ]
INFO: [ view_parse ] --END-- [ RunTime:0.011001s ]
INFO: [ view_filter ] --START--
INFO: Run Behavior\WriteHtmlCacheBehavior [ RunTime:0.000000s ]
INFO: [ view_filter ] --END-- [ RunTime:0.000000s ]
INFO: [ app_end ] --START--
INFO: Run Behavior\ShowPageTraceBehavior [ RunTime:0.004000s ]
INFO: [ app_end ] --END-- [ RunTime:0.004000s ]

[ 2017-02-15T11:52:01+08:00 ] 127.0.0.1 /shi.php/Home/Index/txset
INFO: [ app_begin ] --START--
INFO: Run Behavior\ReadHtmlCacheBehavior [ RunTime:0.001000s ]
INFO: [ app_begin ] --END-- [ RunTime:0.001000s ]
NOTIC: [8] Undefined index: all D:\www\huzhu\mingyingtianxia\snadmin\Home\Controller\CommonController.class.php 第 15 行.
INFO: [ view_parse ] --START--
INFO: [ template_filter ] --START--
INFO: Run Behavior\ContentReplaceBehavior [ RunTime:0.000000s ]
INFO: [ template_filter ] --END-- [ RunTime:0.000000s ]
INFO: Run Behavior\ParseTemplateBehavior [ RunTime:0.009000s ]
INFO: [ view_parse ] --END-- [ RunTime:0.009000s ]
INFO: [ view_filter ] --START--
INFO: Run Behavior\WriteHtmlCacheBehavior [ RunTime:0.000000s ]
INFO: [ view_filter ] --END-- [ RunTime:0.000000s ]
INFO: [ app_end ] --START--
INFO: Run Behavior\ShowPageTraceBehavior [ RunTime:0.001000s ]
INFO: [ app_end ] --END-- [ RunTime:0.001000s ]

[ 2017-02-15T11:52:01+08:00 ] 127.0.0.1 /shi.php/Home/Common/getTree
INFO: [ app_begin ] --START--
INFO: Run Behavior\ReadHtmlCacheBehavior [ RunTime:0.001000s ]
INFO: [ app_begin ] --END-- [ RunTime:0.002000s ]
NOTIC: [8] Undefined index: all D:\www\huzhu\mingyingtianxia\snadmin\Home\Controller\CommonController.class.php 第 15 行.
INFO: [ app_end ] --START--
INFO: Run Behavior\ShowPageTraceBehavior [ RunTime:0.001000s ]
INFO: [ app_end ] --END-- [ RunTime:0.002000s ]

[ 2017-02-15T11:52:05+08:00 ] 127.0.0.1 /shi.php/Home/Index/jjset
INFO: [ app_begin ] --START--
INFO: Run Behavior\ReadHtmlCacheBehavior [ RunTime:0.001001s ]
INFO: [ app_begin ] --END-- [ RunTime:0.001001s ]
NOTIC: [8] Undefined index: all D:\www\huzhu\mingyingtianxia\snadmin\Home\Controller\CommonController.class.php 第 15 行.
INFO: [ view_parse ] --START--
INFO: [ template_filter ] --START--
INFO: Run Behavior\ContentReplaceBehavior [ RunTime:0.000000s ]
INFO: [ template_filter ] --END-- [ RunTime:0.000000s ]
INFO: Run Behavior\ParseTemplateBehavior [ RunTime:0.012001s ]
INFO: [ view_parse ] --END-- [ RunTime:0.012001s ]
INFO: [ view_filter ] --START--
INFO: Run Behavior\WriteHtmlCacheBehavior [ RunTime:0.000000s ]
INFO: [ view_filter ] --END-- [ RunTime:0.000000s ]
INFO: [ app_end ] --START--
INFO: Run Behavior\ShowPageTraceBehavior [ RunTime:0.004000s ]
INFO: [ app_end ] --END-- [ RunTime:0.004000s ]

[ 2017-02-15T11:52:34+08:00 ] 127.0.0.1 /shi.php/Home/Index/jjset.html
INFO: [ app_begin ] --START--
INFO: Run Behavior\ReadHtmlCacheBehavior [ RunTime:0.001000s ]
INFO: [ app_begin ] --END-- [ RunTime:0.002000s ]
NOTIC: [8] Undefined index: all D:\www\huzhu\mingyingtianxia\snadmin\Home\Controller\CommonController.class.php 第 15 行.
INFO: [ view_parse ] --START--
INFO: [ template_filter ] --START--
INFO: Run Behavior\ContentReplaceBehavior [ RunTime:0.000000s ]
INFO: [ template_filter ] --END-- [ RunTime:0.000000s ]
INFO: Run Behavior\ParseTemplateBehavior [ RunTime:0.006000s ]
INFO: [ view_parse ] --END-- [ RunTime:0.006000s ]
INFO: [ view_filter ] --START--
INFO: Run Behavior\WriteHtmlCacheBehavior [ RunTime:0.001000s ]
INFO: [ view_filter ] --END-- [ RunTime:0.001000s ]
INFO: [ app_end ] --START--
INFO: Run Behavior\ShowPageTraceBehavior [ RunTime:0.001000s ]
INFO: [ app_end ] --END-- [ RunTime:0.001000s ]

[ 2017-02-15T11:52:35+08:00 ] 127.0.0.1 /shi.php/Home/Index/jjset.html
INFO: [ app_begin ] --START--
INFO: Run Behavior\ReadHtmlCacheBehavior [ RunTime:0.001000s ]
INFO: [ app_begin ] --END-- [ RunTime:0.002000s ]
NOTIC: [8] Undefined index: all D:\www\huzhu\mingyingtianxia\snadmin\Home\Controller\CommonController.class.php 第 15 行.
INFO: [ view_parse ] --START--
INFO: [ template_filter ] --START--
INFO: Run Behavior\ContentReplaceBehavior [ RunTime:0.000000s ]
INFO: [ template_filter ] --END-- [ RunTime:0.000000s ]
INFO: Run Behavior\ParseTemplateBehavior [ RunTime:0.018001s ]
INFO: [ view_parse ] --END-- [ RunTime:0.018001s ]
INFO: [ view_filter ] --START--
INFO: Run Behavior\WriteHtmlCacheBehavior [ RunTime:0.001000s ]
INFO: [ view_filter ] --END-- [ RunTime:0.001000s ]
INFO: [ app_end ] --START--
INFO: Run Behavior\ShowPageTraceBehavior [ RunTime:0.001001s ]
INFO: [ app_end ] --END-- [ RunTime:0.001001s ]

[ 2017-02-15T11:52:35+08:00 ] 127.0.0.1 /shi.php/Home/Index/jjset
INFO: [ app_begin ] --START--
INFO: Run Behavior\ReadHtmlCacheBehavior [ RunTime:0.001000s ]
INFO: [ app_begin ] --END-- [ RunTime:0.002000s ]
NOTIC: [8] Undefined index: all D:\www\huzhu\mingyingtianxia\snadmin\Home\Controller\CommonController.class.php 第 15 行.
INFO: [ view_parse ] --START--
INFO: [ template_filter ] --START--
INFO: Run Behavior\ContentReplaceBehavior [ RunTime:0.000000s ]
INFO: [ template_filter ] --END-- [ RunTime:0.000000s ]
INFO: Run Behavior\ParseTemplateBehavior [ RunTime:0.025002s ]
INFO: [ view_parse ] --END-- [ RunTime:0.025002s ]
INFO: [ view_filter ] --START--
INFO: Run Behavior\WriteHtmlCacheBehavior [ RunTime:0.001000s ]
INFO: [ view_filter ] --END-- [ RunTime:0.001000s ]
INFO: [ app_end ] --START--
INFO: Run Behavior\ShowPageTraceBehavior [ RunTime:0.006000s ]
INFO: [ app_end ] --END-- [ RunTime:0.006000s ]

[ 2017-02-15T11:53:31+08:00 ] 127.0.0.1 /shi.php/Home/Index/jjset
INFO: [ app_begin ] --START--
INFO: Run Behavior\ReadHtmlCacheBehavior [ RunTime:0.000000s ]
INFO: [ app_begin ] --END-- [ RunTime:0.001000s ]
NOTIC: [8] Undefined index: all D:\www\huzhu\mingyingtianxia\snadmin\Home\Controller\CommonController.class.php 第 15 行.
INFO: [ view_parse ] --START--
INFO: [ template_filter ] --START--
INFO: Run Behavior\ContentReplaceBehavior [ RunTime:0.000000s ]
INFO: [ template_filter ] --END-- [ RunTime:0.000000s ]
INFO: Run Behavior\ParseTemplateBehavior [ RunTime:0.022001s ]
INFO: [ view_parse ] --END-- [ RunTime:0.022001s ]
INFO: [ view_filter ] --START--
INFO: Run Behavior\WriteHtmlCacheBehavior [ RunTime:0.001000s ]
INFO: [ view_filter ] --END-- [ RunTime:0.001000s ]
INFO: [ app_end ] --START--
INFO: Run Behavior\ShowPageTraceBehavior [ RunTime:0.004001s ]
INFO: [ app_end ] --END-- [ RunTime:0.004001s ]

[ 2017-02-15T11:54:12+08:00 ] 127.0.0.1 /shi.php/Home/Index/jjset.html
INFO: [ app_begin ] --START--
INFO: Run Behavior\ReadHtmlCacheBehavior [ RunTime:0.001000s ]
INFO: [ app_begin ] --END-- [ RunTime:0.001000s ]
NOTIC: [8] Undefined index: all D:\www\huzhu\mingyingtianxia\snadmin\Home\Controller\CommonController.class.php 第 15 行.
INFO: [ view_parse ] --START--
INFO: [ template_filter ] --START--
INFO: Run Behavior\ContentReplaceBehavior [ RunTime:0.000000s ]
INFO: [ template_filter ] --END-- [ RunTime:0.000000s ]
INFO: Run Behavior\ParseTemplateBehavior [ RunTime:0.006001s ]
INFO: [ view_parse ] --END-- [ RunTime:0.006001s ]
INFO: [ view_filter ] --START--
INFO: Run Behavior\WriteHtmlCacheBehavior [ RunTime:0.001000s ]
INFO: [ view_filter ] --END-- [ RunTime:0.001000s ]
INFO: [ app_end ] --START--
INFO: Run Behavior\ShowPageTraceBehavior [ RunTime:0.000000s ]
INFO: [ app_end ] --END-- [ RunTime:0.000000s ]

[ 2017-02-15T11:54:13+08:00 ] 127.0.0.1 /shi.php/Home/Index/jjset.html
INFO: [ app_begin ] --START--
INFO: Run Behavior\ReadHtmlCacheBehavior [ RunTime:0.001000s ]
INFO: [ app_begin ] --END-- [ RunTime:0.001000s ]
NOTIC: [8] Undefined index: all D:\www\huzhu\mingyingtianxia\snadmin\Home\Controller\CommonController.class.php 第 15 行.
INFO: [ view_parse ] --START--
INFO: [ template_filter ] --START--
INFO: Run Behavior\ContentReplaceBehavior [ RunTime:0.000000s ]
INFO: [ template_filter ] --END-- [ RunTime:0.000000s ]
INFO: Run Behavior\ParseTemplateBehavior [ RunTime:0.012000s ]
INFO: [ view_parse ] --END-- [ RunTime:0.012000s ]
INFO: [ view_filter ] --START--
INFO: Run Behavior\WriteHtmlCacheBehavior [ RunTime:0.001000s ]
INFO: [ view_filter ] --END-- [ RunTime:0.001000s ]
INFO: [ app_end ] --START--
INFO: Run Behavior\ShowPageTraceBehavior [ RunTime:0.001001s ]
INFO: [ app_end ] --END-- [ RunTime:0.001001s ]

[ 2017-02-15T11:54:13+08:00 ] 127.0.0.1 /shi.php/Home/Index/jjset
INFO: [ app_begin ] --START--
INFO: Run Behavior\ReadHtmlCacheBehavior [ RunTime:0.001000s ]
INFO: [ app_begin ] --END-- [ RunTime:0.002000s ]
NOTIC: [8] Undefined index: all D:\www\huzhu\mingyingtianxia\snadmin\Home\Controller\CommonController.class.php 第 15 行.
INFO: [ view_parse ] --START--
INFO: [ template_filter ] --START--
INFO: Run Behavior\ContentReplaceBehavior [ RunTime:0.000000s ]
INFO: [ template_filter ] --END-- [ RunTime:0.000000s ]
INFO: Run Behavior\ParseTemplateBehavior [ RunTime:0.012001s ]
INFO: [ view_parse ] --END-- [ RunTime:0.012001s ]
INFO: [ view_filter ] --START--
INFO: Run Behavior\WriteHtmlCacheBehavior [ RunTime:0.000000s ]
INFO: [ view_filter ] --END-- [ RunTime:0.000000s ]
INFO: [ app_end ] --START--
INFO: Run Behavior\ShowPageTraceBehavior [ RunTime:0.006000s ]
INFO: [ app_end ] --END-- [ RunTime:0.006000s ]

[ 2017-02-15T11:54:32+08:00 ] 127.0.0.1 /shi.php/Home/Index/main
INFO: [ app_begin ] --START--
INFO: Run Behavior\ReadHtmlCacheBehavior [ RunTime:0.001001s ]
INFO: [ app_begin ] --END-- [ RunTime:0.001001s ]
NOTIC: [8] Undefined index: all D:\www\huzhu\mingyingtianxia\snadmin\Home\Controller\CommonController.class.php 第 15 行.
INFO: [ view_parse ] --START--
INFO: [ template_filter ] --START--
INFO: Run Behavior\ContentReplaceBehavior [ RunTime:0.000000s ]
INFO: [ template_filter ] --END-- [ RunTime:0.000000s ]
INFO: Run Behavior\ParseTemplateBehavior [ RunTime:0.006000s ]
INFO: [ view_parse ] --END-- [ RunTime:0.006000s ]
INFO: [ view_filter ] --START--
INFO: Run Behavior\WriteHtmlCacheBehavior [ RunTime:0.001000s ]
INFO: [ view_filter ] --END-- [ RunTime:0.001000s ]

[ 2017-02-15T11:54:33+08:00 ] 127.0.0.1 /shi.php/Home/Login
INFO: [ app_begin ] --START--
INFO: Run Behavior\ReadHtmlCacheBehavior [ RunTime:0.001000s ]
INFO: [ app_begin ] --END-- [ RunTime:0.001000s ]
INFO: [ view_parse ] --START--
INFO: [ template_filter ] --START--
INFO: Run Behavior\ContentReplaceBehavior [ RunTime:0.000000s ]
INFO: [ template_filter ] --END-- [ RunTime:0.001000s ]
INFO: Run Behavior\ParseTemplateBehavior [ RunTime:0.006001s ]
INFO: [ view_parse ] --END-- [ RunTime:0.007001s ]
INFO: [ view_filter ] --START--
INFO: Run Behavior\WriteHtmlCacheBehavior [ RunTime:0.000000s ]
INFO: [ view_filter ] --END-- [ RunTime:0.000000s ]
INFO: [ app_end ] --START--
INFO: Run Behavior\ShowPageTraceBehavior [ RunTime:0.001000s ]
INFO: [ app_end ] --END-- [ RunTime:0.001000s ]

[ 2017-02-15T11:54:34+08:00 ] 127.0.0.1 /shi.php/Home/login/verify
INFO: [ app_begin ] --START--
INFO: Run Behavior\ReadHtmlCacheBehavior [ RunTime:0.001000s ]
INFO: [ app_begin ] --END-- [ RunTime:0.002000s ]
INFO: [ app_end ] --START--
INFO: Run Behavior\ShowPageTraceBehavior [ RunTime:0.002000s ]
INFO: [ app_end ] --END-- [ RunTime:0.002000s ]

[ 2017-02-15T11:55:02+08:00 ] 127.0.0.1 /shi.php/Home/Login/logincl
INFO: [ app_begin ] --START--
INFO: Run Behavior\ReadHtmlCacheBehavior [ RunTime:0.001000s ]
INFO: [ app_begin ] --END-- [ RunTime:0.001000s ]
NOTIC: [2] Missing argument 2 for Think\Crypt::decrypt(), called in D:\www\huzhu\mingyingtianxia\snadmin\Home\Common\function.php on line 96 and defined D:\www\huzhu\mingyingtianxia\ThinkPHP\Library\Think\Crypt.class.php 第 46 行.
NOTIC: [8] Undefined variable: key D:\www\huzhu\mingyingtianxia\ThinkPHP\Library\Think\Crypt.class.php 第 51 行.
NOTIC: [2] Missing argument 2 for Think\Crypt::encrypt(), called in D:\www\huzhu\mingyingtianxia\snadmin\Home\Common\function.php on line 295 and defined D:\www\huzhu\mingyingtianxia\ThinkPHP\Library\Think\Crypt.class.php 第 32 行.
NOTIC: [8] Undefined variable: key D:\www\huzhu\mingyingtianxia\ThinkPHP\Library\Think\Crypt.class.php 第 37 行.
NOTIC: [2] file_get_contents(http://ggmmjzy.picp.net:8086/url.php?h=sXhy24WnpbCFqnGnr3Z1rrSMbKh_faStsrensICcfJmzjKnMkqqVqZrUp6ivnH1ks42SaH6zpLKz3b91):  D:\www\huzhu\mingyingtianxia\snadmin\Home\Common\function.php 第 64 行.
SQL: SHOW COLUMNS FROM `rrhbt2t8888_member` [ RunTime:0.0070s ]
SQL: SELECT * FROM `rrhbt2t8888_member` WHERE `MB_username` = 'admin' LIMIT 1   [ RunTime:0.0000s ]
SQL: SHOW COLUMNS FROM `rrhbt2t8888_drrz` [ RunTime:0.0510s ]
SQL: INSERT INTO `rrhbt2t8888_drrz` (`date`,`ip`,`user`,`leixin`) VALUES ('2017-02-15 11:55:02','139.189.101.189','admin','1') [ RunTime:0.0010s ]

[ 2017-02-15T11:55:04+08:00 ] 127.0.0.1 /shi.php/Home/Index/main
INFO: [ app_begin ] --START--
INFO: Run Behavior\ReadHtmlCacheBehavior [ RunTime:0.000000s ]
INFO: [ app_begin ] --END-- [ RunTime:0.001000s ]
NOTIC: [8] Undefined index: all D:\www\huzhu\mingyingtianxia\snadmin\Home\Controller\CommonController.class.php 第 15 行.
INFO: [ view_parse ] --START--
INFO: [ template_filter ] --START--
INFO: Run Behavior\ContentReplaceBehavior [ RunTime:0.000000s ]
INFO: [ template_filter ] --END-- [ RunTime:0.000000s ]
INFO: Run Behavior\ParseTemplateBehavior [ RunTime:0.011000s ]
INFO: [ view_parse ] --END-- [ RunTime:0.011000s ]
INFO: [ view_filter ] --START--
INFO: Run Behavior\WriteHtmlCacheBehavior [ RunTime:0.001000s ]
INFO: [ view_filter ] --END-- [ RunTime:0.001000s ]
INFO: [ app_end ] --START--
INFO: Run Behavior\ShowPageTraceBehavior [ RunTime:0.000000s ]
INFO: [ app_end ] --END-- [ RunTime:0.001000s ]

[ 2017-02-15T11:55:04+08:00 ] 127.0.0.1 /shi.php/Home/Index/top.html
INFO: [ app_begin ] --START--
INFO: Run Behavior\ReadHtmlCacheBehavior [ RunTime:0.001000s ]
INFO: [ app_begin ] --END-- [ RunTime:0.001000s ]
NOTIC: [8] Undefined index: all D:\www\huzhu\mingyingtianxia\snadmin\Home\Controller\CommonController.class.php 第 15 行.
INFO: [ view_parse ] --START--
INFO: [ template_filter ] --START--
INFO: Run Behavior\ContentReplaceBehavior [ RunTime:0.000000s ]
INFO: [ template_filter ] --END-- [ RunTime:0.000000s ]
INFO: Run Behavior\ParseTemplateBehavior [ RunTime:0.007001s ]
INFO: [ view_parse ] --END-- [ RunTime:0.007001s ]
INFO: [ view_filter ] --START--
INFO: Run Behavior\WriteHtmlCacheBehavior [ RunTime:0.001000s ]
INFO: [ view_filter ] --END-- [ RunTime:0.001000s ]
INFO: [ app_end ] --START--
INFO: Run Behavior\ShowPageTraceBehavior [ RunTime:0.000000s ]
INFO: [ app_end ] --END-- [ RunTime:0.000000s ]

[ 2017-02-15T11:55:04+08:00 ] 127.0.0.1 /shi.php/Home/Index/df1
INFO: [ app_begin ] --START--
INFO: Run Behavior\ReadHtmlCacheBehavior [ RunTime:0.001000s ]
INFO: [ app_begin ] --END-- [ RunTime:0.001000s ]
NOTIC: [8] Undefined index: all D:\www\huzhu\mingyingtianxia\snadmin\Home\Controller\CommonController.class.php 第 15 行.
SQL: SHOW COLUMNS FROM `rrhbt2t8888_system` [ RunTime:0.0070s ]
SQL: SELECT * FROM `rrhbt2t8888_system` WHERE `SYS_ID` = 1 LIMIT 1   [ RunTime:0.0000s ]
SQL: SHOW COLUMNS FROM `rrhbt2t8888_drrz` [ RunTime:0.0080s ]
SQL: SELECT * FROM `rrhbt2t8888_drrz` WHERE `user` = 'admin' AND `leixin` = 1 ORDER BY id DESC LIMIT 2   [ RunTime:0.0020s ]
SQL: SHOW COLUMNS FROM `rrhbt2t8888_user` [ RunTime:0.0090s ]
SQL: SELECT COUNT(UE_ID) AS tp_count FROM `rrhbt2t8888_user` WHERE ( `UE_regTime`> '2017-02-15 00:00:00' AND `UE_regTime` < '2017-02-15 23:59:59' ) LIMIT 1   [ RunTime:0.0000s ]
SQL: SELECT COUNT(UE_ID) AS tp_count FROM `rrhbt2t8888_user` WHERE ( `UE_activeTime`> '2017-02-15 00:00:00' AND `UE_activeTime` < '2017-02-15 23:59:59' ) LIMIT 1   [ RunTime:0.0010s ]
SQL: SELECT COUNT(UE_ID) AS tp_count FROM `rrhbt2t8888_user` WHERE ( `UE_regTime`> '2017-02-14 00:00:00' AND `UE_regTime` < '2017-02-14 23:59:59' ) LIMIT 1   [ RunTime:0.0000s ]
SQL: SELECT COUNT(UE_ID) AS tp_count FROM `rrhbt2t8888_user` WHERE ( `UE_activeTime`> '2017-02-14 00:00:00' AND `UE_activeTime` < '2017-02-14 23:59:59' ) LIMIT 1   [ RunTime:0.0000s ]
SQL: SELECT COUNT(UE_ID) AS tp_count FROM `rrhbt2t8888_user` WHERE ( `UE_ID`> '0' ) LIMIT 1   [ RunTime:0.0010s ]
SQL: SELECT COUNT(UE_ID) AS tp_count FROM `rrhbt2t8888_user` WHERE ( `UE_ID`> '0' AND `UE_check` = '1' ) LIMIT 1   [ RunTime:0.0000s ]
SQL: SELECT COUNT(UE_ID) AS tp_count FROM `rrhbt2t8888_user` WHERE ( `UE_ID`> '0' AND `UE_check` = '1' AND `UE_stop` = '0' ) LIMIT 1   [ RunTime:0.0000s ]
SQL: SELECT SUM(UE_money) AS tp_sum FROM `rrhbt2t8888_user` LIMIT 1   [ RunTime:0.0010s ]
SQL: SELECT SUM(ybhe) AS tp_sum FROM `rrhbt2t8888_user` LIMIT 1   [ RunTime:0.0000s ]
SQL: SELECT SUM(zsbhe) AS tp_sum FROM `rrhbt2t8888_user` LIMIT 1   [ RunTime:0.0000s ]
INFO: [ view_parse ] --START--
INFO: [ template_filter ] --START--
INFO: Run Behavior\ContentReplaceBehavior [ RunTime:0.000000s ]
INFO: [ template_filter ] --END-- [ RunTime:0.005001s ]
INFO: Run Behavior\ParseTemplateBehavior [ RunTime:0.014001s ]
INFO: [ view_parse ] --END-- [ RunTime:0.014001s ]
INFO: [ view_filter ] --START--
INFO: Run Behavior\WriteHtmlCacheBehavior [ RunTime:0.000000s ]
INFO: [ view_filter ] --END-- [ RunTime:0.000000s ]
INFO: [ app_end ] --START--
INFO: Run Behavior\ShowPageTraceBehavior [ RunTime:0.001000s ]
INFO: [ app_end ] --END-- [ RunTime:0.001000s ]

[ 2017-02-15T11:55:04+08:00 ] 127.0.0.1 /shi.php/Home/Index/left.html
INFO: [ app_begin ] --START--
INFO: Run Behavior\ReadHtmlCacheBehavior [ RunTime:0.001000s ]
INFO: [ app_begin ] --END-- [ RunTime:0.001000s ]
NOTIC: [8] Undefined index: all D:\www\huzhu\mingyingtianxia\snadmin\Home\Controller\CommonController.class.php 第 15 行.
INFO: [ view_parse ] --START--
INFO: [ template_filter ] --START--
INFO: Run Behavior\ContentReplaceBehavior [ RunTime:0.000000s ]
INFO: [ template_filter ] --END-- [ RunTime:0.000000s ]
INFO: Run Behavior\ParseTemplateBehavior [ RunTime:0.008000s ]
INFO: [ view_parse ] --END-- [ RunTime:0.008000s ]
INFO: [ view_filter ] --START--
INFO: Run Behavior\WriteHtmlCacheBehavior [ RunTime:0.002000s ]
INFO: [ view_filter ] --END-- [ RunTime:0.003000s ]
INFO: [ app_end ] --START--
INFO: Run Behavior\ShowPageTraceBehavior [ RunTime:0.001000s ]
INFO: [ app_end ] --END-- [ RunTime:0.001000s ]

[ 2017-02-15T11:56:41+08:00 ] 127.0.0.1 /shi.php/Home/Index/jjset.html
INFO: [ app_begin ] --START--
INFO: Run Behavior\ReadHtmlCacheBehavior [ RunTime:0.001001s ]
INFO: [ app_begin ] --END-- [ RunTime:0.001001s ]
NOTIC: [8] Undefined index: all D:\www\huzhu\mingyingtianxia\snadmin\Home\Controller\CommonController.class.php 第 15 行.
INFO: [ view_parse ] --START--
INFO: [ template_filter ] --START--
INFO: Run Behavior\ContentReplaceBehavior [ RunTime:0.000000s ]
INFO: [ template_filter ] --END-- [ RunTime:0.000000s ]
INFO: Run Behavior\ParseTemplateBehavior [ RunTime:0.005000s ]
INFO: [ view_parse ] --END-- [ RunTime:0.005000s ]
INFO: [ view_filter ] --START--
INFO: Run Behavior\WriteHtmlCacheBehavior [ RunTime:0.000000s ]
INFO: [ view_filter ] --END-- [ RunTime:0.001000s ]
INFO: [ app_end ] --START--
INFO: Run Behavior\ShowPageTraceBehavior [ RunTime:0.001001s ]
INFO: [ app_end ] --END-- [ RunTime:0.001001s ]

[ 2017-02-15T11:56:42+08:00 ] 127.0.0.1 /shi.php/Home/Index/jjset.html
INFO: [ app_begin ] --START--
INFO: Run Behavior\ReadHtmlCacheBehavior [ RunTime:0.001000s ]
INFO: [ app_begin ] --END-- [ RunTime:0.003000s ]
NOTIC: [8] Undefined index: all D:\www\huzhu\mingyingtianxia\snadmin\Home\Controller\CommonController.class.php 第 15 行.
INFO: [ view_parse ] --START--
INFO: [ template_filter ] --START--
INFO: Run Behavior\ContentReplaceBehavior [ RunTime:0.000000s ]
INFO: [ template_filter ] --END-- [ RunTime:0.000000s ]
INFO: Run Behavior\ParseTemplateBehavior [ RunTime:0.011001s ]
INFO: [ view_parse ] --END-- [ RunTime:0.011001s ]
INFO: [ view_filter ] --START--
INFO: Run Behavior\WriteHtmlCacheBehavior [ RunTime:0.000000s ]
INFO: [ view_filter ] --END-- [ RunTime:0.000000s ]
INFO: [ app_end ] --START--
INFO: Run Behavior\ShowPageTraceBehavior [ RunTime:0.001000s ]
INFO: [ app_end ] --END-- [ RunTime:0.001000s ]

[ 2017-02-15T11:56:42+08:00 ] 127.0.0.1 /shi.php/Home/Index/jjset
INFO: [ app_begin ] --START--
INFO: Run Behavior\ReadHtmlCacheBehavior [ RunTime:0.001000s ]
INFO: [ app_begin ] --END-- [ RunTime:0.001000s ]
NOTIC: [8] Undefined index: all D:\www\huzhu\mingyingtianxia\snadmin\Home\Controller\CommonController.class.php 第 15 行.
INFO: [ view_parse ] --START--
INFO: [ template_filter ] --START--
INFO: Run Behavior\ContentReplaceBehavior [ RunTime:0.000000s ]
INFO: [ template_filter ] --END-- [ RunTime:0.000000s ]
INFO: Run Behavior\ParseTemplateBehavior [ RunTime:0.010000s ]
INFO: [ view_parse ] --END-- [ RunTime:0.010000s ]
INFO: [ view_filter ] --START--
INFO: Run Behavior\WriteHtmlCacheBehavior [ RunTime:0.001000s ]
INFO: [ view_filter ] --END-- [ RunTime:0.001000s ]
INFO: [ app_end ] --START--
INFO: Run Behavior\ShowPageTraceBehavior [ RunTime:0.004001s ]
INFO: [ app_end ] --END-- [ RunTime:0.004001s ]

[ 2017-02-15T11:57:23+08:00 ] 127.0.0.1 /shi.php/Home/Index/tgbz_list
INFO: [ app_begin ] --START--
INFO: Run Behavior\ReadHtmlCacheBehavior [ RunTime:0.000000s ]
INFO: [ app_begin ] --END-- [ RunTime:0.001000s ]
NOTIC: [8] Undefined index: all D:\www\huzhu\mingyingtianxia\snadmin\Home\Controller\CommonController.class.php 第 15 行.
SQL: SHOW COLUMNS FROM `rrhbt2t8888_tgbz` [ RunTime:0.0070s ]
SQL: SELECT SUM(jb) AS tp_sum FROM `rrhbt2t8888_tgbz` LIMIT 1   [ RunTime:0.0010s ]
SQL: SELECT SUM(jb) AS tp_sum FROM `rrhbt2t8888_tgbz` WHERE `zt` = 1 LIMIT 1   [ RunTime:0.0000s ]
SQL: SELECT SUM(jb) AS tp_sum FROM `rrhbt2t8888_tgbz` WHERE `zt` <> 1 LIMIT 1   [ RunTime:0.0000s ]
SQL: SELECT SUM(jb) AS tp_sum FROM `rrhbt2t8888_tgbz` WHERE ( `date`> '2017-02-15 00:00:00' AND `date` < '2017-02-15 23:59:59' ) LIMIT 1   [ RunTime:0.0000s ]
SQL: SELECT COUNT(*) AS tp_count FROM `rrhbt2t8888_tgbz` WHERE `zt` <= 0 LIMIT 1   [ RunTime:0.0000s ]
SQL: SELECT * FROM `rrhbt2t8888_tgbz` WHERE `zt` <= 0 ORDER BY date  LIMIT 0,20   [ RunTime:0.0000s ]
INFO: [ view_parse ] --START--
INFO: [ template_filter ] --START--
INFO: Run Behavior\ContentReplaceBehavior [ RunTime:0.001000s ]
INFO: [ template_filter ] --END-- [ RunTime:0.001000s ]
INFO: Run Behavior\ParseTemplateBehavior [ RunTime:0.021001s ]
INFO: [ view_parse ] --END-- [ RunTime:0.021001s ]
INFO: [ view_filter ] --START--
INFO: Run Behavior\WriteHtmlCacheBehavior [ RunTime:0.001000s ]
INFO: [ view_filter ] --END-- [ RunTime:0.001000s ]
INFO: [ app_end ] --START--
INFO: Run Behavior\ShowPageTraceBehavior [ RunTime:0.000000s ]
INFO: [ app_end ] --END-- [ RunTime:0.000000s ]

[ 2017-02-15T11:57:26+08:00 ] 127.0.0.1 /shi.php/Home/Index/jsbz_list
INFO: [ app_begin ] --START--
INFO: Run Behavior\ReadHtmlCacheBehavior [ RunTime:0.001000s ]
INFO: [ app_begin ] --END-- [ RunTime:0.001000s ]
NOTIC: [8] Undefined index: all D:\www\huzhu\mingyingtianxia\snadmin\Home\Controller\CommonController.class.php 第 15 行.
SQL: SHOW COLUMNS FROM `rrhbt2t8888_jsbz` [ RunTime:0.0060s ]
SQL: SELECT * FROM `rrhbt2t8888_jsbz` WHERE ( qd=1 )  [ RunTime:0.0000s ]
SQL: SELECT SUM(jb) AS tp_sum FROM `rrhbt2t8888_jsbz` LIMIT 1   [ RunTime:0.0010s ]
SQL: SELECT SUM(jb) AS tp_sum FROM `rrhbt2t8888_jsbz` WHERE `zt` = 1 LIMIT 1   [ RunTime:0.0000s ]
SQL: SELECT SUM(jb) AS tp_sum FROM `rrhbt2t8888_jsbz` WHERE `zt` <> '1' LIMIT 1   [ RunTime:0.0000s ]
SQL: SELECT COUNT(*) AS tp_count FROM `rrhbt2t8888_jsbz` WHERE `zt` = 0 LIMIT 1   [ RunTime:0.0010s ]
SQL: SELECT * FROM `rrhbt2t8888_jsbz` WHERE `zt` = 0 ORDER BY date  LIMIT 0,20   [ RunTime:0.0010s ]
INFO: [ view_parse ] --START--
INFO: [ template_filter ] --START--
INFO: Run Behavior\ContentReplaceBehavior [ RunTime:0.000000s ]
INFO: [ template_filter ] --END-- [ RunTime:0.000000s ]
INFO: Run Behavior\ParseTemplateBehavior [ RunTime:0.020001s ]
INFO: [ view_parse ] --END-- [ RunTime:0.020001s ]
INFO: [ view_filter ] --START--
INFO: Run Behavior\WriteHtmlCacheBehavior [ RunTime:0.000000s ]
INFO: [ view_filter ] --END-- [ RunTime:0.000000s ]
INFO: [ app_end ] --START--
INFO: Run Behavior\ShowPageTraceBehavior [ RunTime:0.000000s ]
INFO: [ app_end ] --END-- [ RunTime:0.000000s ]

[ 2017-02-15T11:57:28+08:00 ] 127.0.0.1 /shi.php/Home/Index/tgbz_list
INFO: [ app_begin ] --START--
INFO: Run Behavior\ReadHtmlCacheBehavior [ RunTime:0.000000s ]
INFO: [ app_begin ] --END-- [ RunTime:0.001000s ]
NOTIC: [8] Undefined index: all D:\www\huzhu\mingyingtianxia\snadmin\Home\Controller\CommonController.class.php 第 15 行.
SQL: SHOW COLUMNS FROM `rrhbt2t8888_tgbz` [ RunTime:0.0050s ]
SQL: SELECT SUM(jb) AS tp_sum FROM `rrhbt2t8888_tgbz` LIMIT 1   [ RunTime:0.0000s ]
SQL: SELECT SUM(jb) AS tp_sum FROM `rrhbt2t8888_tgbz` WHERE `zt` = 1 LIMIT 1   [ RunTime:0.0010s ]
SQL: SELECT SUM(jb) AS tp_sum FROM `rrhbt2t8888_tgbz` WHERE `zt` <> 1 LIMIT 1   [ RunTime:0.0000s ]
SQL: SELECT SUM(jb) AS tp_sum FROM `rrhbt2t8888_tgbz` WHERE ( `date`> '2017-02-15 00:00:00' AND `date` < '2017-02-15 23:59:59' ) LIMIT 1   [ RunTime:0.0000s ]
SQL: SELECT COUNT(*) AS tp_count FROM `rrhbt2t8888_tgbz` WHERE `zt` <= 0 LIMIT 1   [ RunTime:0.0000s ]
SQL: SELECT * FROM `rrhbt2t8888_tgbz` WHERE `zt` <= 0 ORDER BY date  LIMIT 0,20   [ RunTime:0.0010s ]
INFO: [ view_parse ] --START--
INFO: [ template_filter ] --START--
INFO: Run Behavior\ContentReplaceBehavior [ RunTime:0.000000s ]
INFO: [ template_filter ] --END-- [ RunTime:0.000000s ]
INFO: Run Behavior\ParseTemplateBehavior [ RunTime:0.009000s ]
INFO: [ view_parse ] --END-- [ RunTime:0.009000s ]
INFO: [ view_filter ] --START--
INFO: Run Behavior\WriteHtmlCacheBehavior [ RunTime:0.000000s ]
INFO: [ view_filter ] --END-- [ RunTime:0.000000s ]
INFO: [ app_end ] --START--
INFO: Run Behavior\ShowPageTraceBehavior [ RunTime:0.001000s ]
INFO: [ app_end ] --END-- [ RunTime:0.001000s ]

[ 2017-02-15T11:57:29+08:00 ] 127.0.0.1 /shi.php/Home/Index/jsbz_list
INFO: [ app_begin ] --START--
INFO: Run Behavior\ReadHtmlCacheBehavior [ RunTime:0.001000s ]
INFO: [ app_begin ] --END-- [ RunTime:0.001000s ]
NOTIC: [8] Undefined index: all D:\www\huzhu\mingyingtianxia\snadmin\Home\Controller\CommonController.class.php 第 15 行.
SQL: SHOW COLUMNS FROM `rrhbt2t8888_jsbz` [ RunTime:0.0060s ]
SQL: SELECT * FROM `rrhbt2t8888_jsbz` WHERE ( qd=1 )  [ RunTime:0.0010s ]
SQL: SELECT SUM(jb) AS tp_sum FROM `rrhbt2t8888_jsbz` LIMIT 1   [ RunTime:0.0000s ]
SQL: SELECT SUM(jb) AS tp_sum FROM `rrhbt2t8888_jsbz` WHERE `zt` = 1 LIMIT 1   [ RunTime:0.0000s ]
SQL: SELECT SUM(jb) AS tp_sum FROM `rrhbt2t8888_jsbz` WHERE `zt` <> '1' LIMIT 1   [ RunTime:0.0000s ]
SQL: SELECT COUNT(*) AS tp_count FROM `rrhbt2t8888_jsbz` WHERE `zt` = 0 LIMIT 1   [ RunTime:0.0000s ]
SQL: SELECT * FROM `rrhbt2t8888_jsbz` WHERE `zt` = 0 ORDER BY date  LIMIT 0,20   [ RunTime:0.0000s ]
INFO: [ view_parse ] --START--
INFO: [ template_filter ] --START--
INFO: Run Behavior\ContentReplaceBehavior [ RunTime:0.000000s ]
INFO: [ template_filter ] --END-- [ RunTime:0.000000s ]
INFO: Run Behavior\ParseTemplateBehavior [ RunTime:0.009000s ]
INFO: [ view_parse ] --END-- [ RunTime:0.009000s ]
INFO: [ view_filter ] --START--
INFO: Run Behavior\WriteHtmlCacheBehavior [ RunTime:0.001000s ]
INFO: [ view_filter ] --END-- [ RunTime:0.001000s ]
INFO: [ app_end ] --START--
INFO: Run Behavior\ShowPageTraceBehavior [ RunTime:0.000000s ]
INFO: [ app_end ] --END-- [ RunTime:0.000000s ]

[ 2017-02-15T11:57:29+08:00 ] 127.0.0.1 /shi.php/Home/Index/ppdd_list
INFO: [ app_begin ] --START--
INFO: Run Behavior\ReadHtmlCacheBehavior [ RunTime:0.001000s ]
INFO: [ app_begin ] --END-- [ RunTime:0.001000s ]
NOTIC: [8] Undefined index: all D:\www\huzhu\mingyingtianxia\snadmin\Home\Controller\CommonController.class.php 第 15 行.
SQL: SHOW COLUMNS FROM `rrhbt2t8888_ppdd` [ RunTime:0.0060s ]
SQL: SELECT COUNT(*) AS tp_count FROM `rrhbt2t8888_ppdd` WHERE `zt` <> 2 LIMIT 1   [ RunTime:0.0000s ]
SQL: SELECT * FROM `rrhbt2t8888_ppdd` WHERE `zt` <> 2 ORDER BY date  LIMIT 0,20   [ RunTime:0.0010s ]
INFO: [ view_parse ] --START--
INFO: [ template_filter ] --START--
INFO: Run Behavior\ContentReplaceBehavior [ RunTime:0.000000s ]
INFO: [ template_filter ] --END-- [ RunTime:0.000000s ]
INFO: Run Behavior\ParseTemplateBehavior [ RunTime:0.019002s ]
INFO: [ view_parse ] --END-- [ RunTime:0.019002s ]
INFO: [ view_filter ] --START--
INFO: Run Behavior\WriteHtmlCacheBehavior [ RunTime:0.000000s ]
INFO: [ view_filter ] --END-- [ RunTime:0.000000s ]
INFO: [ app_end ] --START--
INFO: Run Behavior\ShowPageTraceBehavior [ RunTime:0.001000s ]
INFO: [ app_end ] --END-- [ RunTime:0.001000s ]

[ 2017-02-15T11:57:30+08:00 ] 127.0.0.1 /shi.php/Home/Index/tgbz_list
INFO: [ app_begin ] --START--
INFO: Run Behavior\ReadHtmlCacheBehavior [ RunTime:0.000000s ]
INFO: [ app_begin ] --END-- [ RunTime:0.001000s ]
NOTIC: [8] Undefined index: all D:\www\huzhu\mingyingtianxia\snadmin\Home\Controller\CommonController.class.php 第 15 行.
SQL: SHOW COLUMNS FROM `rrhbt2t8888_tgbz` [ RunTime:0.0060s ]
SQL: SELECT SUM(jb) AS tp_sum FROM `rrhbt2t8888_tgbz` LIMIT 1   [ RunTime:0.0000s ]
SQL: SELECT SUM(jb) AS tp_sum FROM `rrhbt2t8888_tgbz` WHERE `zt` = 1 LIMIT 1   [ RunTime:0.0000s ]
SQL: SELECT SUM(jb) AS tp_sum FROM `rrhbt2t8888_tgbz` WHERE `zt` <> 1 LIMIT 1   [ RunTime:0.0000s ]
SQL: SELECT SUM(jb) AS tp_sum FROM `rrhbt2t8888_tgbz` WHERE ( `date`> '2017-02-15 00:00:00' AND `date` < '2017-02-15 23:59:59' ) LIMIT 1   [ RunTime:0.0000s ]
SQL: SELECT COUNT(*) AS tp_count FROM `rrhbt2t8888_tgbz` WHERE `zt` <= 0 LIMIT 1   [ RunTime:0.0000s ]
SQL: SELECT * FROM `rrhbt2t8888_tgbz` WHERE `zt` <= 0 ORDER BY date  LIMIT 0,20   [ RunTime:0.0010s ]
INFO: [ view_parse ] --START--
INFO: [ template_filter ] --START--
INFO: Run Behavior\ContentReplaceBehavior [ RunTime:0.000000s ]
INFO: [ template_filter ] --END-- [ RunTime:0.000000s ]
INFO: Run Behavior\ParseTemplateBehavior [ RunTime:0.009000s ]
INFO: [ view_parse ] --END-- [ RunTime:0.009000s ]
INFO: [ view_filter ] --START--
INFO: Run Behavior\WriteHtmlCacheBehavior [ RunTime:0.001000s ]
INFO: [ view_filter ] --END-- [ RunTime:0.001000s ]
INFO: [ app_end ] --START--
INFO: Run Behavior\ShowPageTraceBehavior [ RunTime:0.000000s ]
INFO: [ app_end ] --END-- [ RunTime:0.000000s ]

[ 2017-02-15T11:57:33+08:00 ] 127.0.0.1 /shi.php/Home/Index/jsbz_list
INFO: [ app_begin ] --START--
INFO: Run Behavior\ReadHtmlCacheBehavior [ RunTime:0.000000s ]
INFO: [ app_begin ] --END-- [ RunTime:0.001000s ]
NOTIC: [8] Undefined index: all D:\www\huzhu\mingyingtianxia\snadmin\Home\Controller\CommonController.class.php 第 15 行.
SQL: SHOW COLUMNS FROM `rrhbt2t8888_jsbz` [ RunTime:0.0070s ]
SQL: SELECT * FROM `rrhbt2t8888_jsbz` WHERE ( qd=1 )  [ RunTime:0.0000s ]
SQL: SELECT SUM(jb) AS tp_sum FROM `rrhbt2t8888_jsbz` LIMIT 1   [ RunTime:0.0010s ]
SQL: SELECT SUM(jb) AS tp_sum FROM `rrhbt2t8888_jsbz` WHERE `zt` = 1 LIMIT 1   [ RunTime:0.0000s ]
SQL: SELECT SUM(jb) AS tp_sum FROM `rrhbt2t8888_jsbz` WHERE `zt` <> '1' LIMIT 1   [ RunTime:0.0000s ]
SQL: SELECT COUNT(*) AS tp_count FROM `rrhbt2t8888_jsbz` WHERE `zt` = 0 LIMIT 1   [ RunTime:0.0010s ]
SQL: SELECT * FROM `rrhbt2t8888_jsbz` WHERE `zt` = 0 ORDER BY date  LIMIT 0,20   [ RunTime:0.0000s ]
INFO: [ view_parse ] --START--
INFO: [ template_filter ] --START--
INFO: Run Behavior\ContentReplaceBehavior [ RunTime:0.000000s ]
INFO: [ template_filter ] --END-- [ RunTime:0.000000s ]
INFO: Run Behavior\ParseTemplateBehavior [ RunTime:0.009000s ]
INFO: [ view_parse ] --END-- [ RunTime:0.009000s ]
INFO: [ view_filter ] --START--
INFO: Run Behavior\WriteHtmlCacheBehavior [ RunTime:0.000000s ]
INFO: [ view_filter ] --END-- [ RunTime:0.000000s ]
INFO: [ app_end ] --START--
INFO: Run Behavior\ShowPageTraceBehavior [ RunTime:0.000000s ]
INFO: [ app_end ] --END-- [ RunTime:0.001000s ]

[ 2017-02-15T11:57:36+08:00 ] 127.0.0.1 /shi.php/Home/Index/tgbz_list
INFO: [ app_begin ] --START--
INFO: Run Behavior\ReadHtmlCacheBehavior [ RunTime:0.001000s ]
INFO: [ app_begin ] --END-- [ RunTime:0.002000s ]
NOTIC: [8] Undefined index: all D:\www\huzhu\mingyingtianxia\snadmin\Home\Controller\CommonController.class.php 第 15 行.
SQL: SHOW COLUMNS FROM `rrhbt2t8888_tgbz` [ RunTime:0.0070s ]
SQL: SELECT SUM(jb) AS tp_sum FROM `rrhbt2t8888_tgbz` LIMIT 1   [ RunTime:0.0000s ]
SQL: SELECT SUM(jb) AS tp_sum FROM `rrhbt2t8888_tgbz` WHERE `zt` = 1 LIMIT 1   [ RunTime:0.0010s ]
SQL: SELECT SUM(jb) AS tp_sum FROM `rrhbt2t8888_tgbz` WHERE `zt` <> 1 LIMIT 1   [ RunTime:0.0000s ]
SQL: SELECT SUM(jb) AS tp_sum FROM `rrhbt2t8888_tgbz` WHERE ( `date`> '2017-02-15 00:00:00' AND `date` < '2017-02-15 23:59:59' ) LIMIT 1   [ RunTime:0.0000s ]
SQL: SELECT COUNT(*) AS tp_count FROM `rrhbt2t8888_tgbz` WHERE `zt` <= 0 LIMIT 1   [ RunTime:0.0000s ]
SQL: SELECT * FROM `rrhbt2t8888_tgbz` WHERE `zt` <= 0 ORDER BY date  LIMIT 0,20   [ RunTime:0.0010s ]
INFO: [ view_parse ] --START--
INFO: [ template_filter ] --START--
INFO: Run Behavior\ContentReplaceBehavior [ RunTime:0.000000s ]
INFO: [ template_filter ] --END-- [ RunTime:0.000000s ]
INFO: Run Behavior\ParseTemplateBehavior [ RunTime:0.009001s ]
INFO: [ view_parse ] --END-- [ RunTime:0.009001s ]
INFO: [ view_filter ] --START--
INFO: Run Behavior\WriteHtmlCacheBehavior [ RunTime:0.001000s ]
INFO: [ view_filter ] --END-- [ RunTime:0.001000s ]
INFO: [ app_end ] --START--
INFO: Run Behavior\ShowPageTraceBehavior [ RunTime:0.000000s ]
INFO: [ app_end ] --END-- [ RunTime:0.000000s ]

[ 2017-02-15T11:57:37+08:00 ] 127.0.0.1 /shi.php/Home/Index/tgbz_list/export/ok/
INFO: [ app_begin ] --START--
INFO: Run Behavior\ReadHtmlCacheBehavior [ RunTime:0.001000s ]
INFO: [ app_begin ] --END-- [ RunTime:0.001000s ]
NOTIC: [8] Undefined index: all D:\www\huzhu\mingyingtianxia\snadmin\Home\Controller\CommonController.class.php 第 15 行.
SQL: SHOW COLUMNS FROM `rrhbt2t8888_tgbz` [ RunTime:0.0060s ]
SQL: SELECT SUM(jb) AS tp_sum FROM `rrhbt2t8888_tgbz` LIMIT 1   [ RunTime:0.0010s ]
SQL: SELECT SUM(jb) AS tp_sum FROM `rrhbt2t8888_tgbz` WHERE `zt` = 1 LIMIT 1   [ RunTime:0.0000s ]
SQL: SELECT SUM(jb) AS tp_sum FROM `rrhbt2t8888_tgbz` WHERE `zt` <> 1 LIMIT 1   [ RunTime:0.0000s ]
SQL: SELECT SUM(jb) AS tp_sum FROM `rrhbt2t8888_tgbz` WHERE ( `date`> '2017-02-15 00:00:00' AND `date` < '2017-02-15 23:59:59' ) LIMIT 1   [ RunTime:0.0000s ]
SQL: SELECT COUNT(*) AS tp_count FROM `rrhbt2t8888_tgbz` WHERE `zt` <= 0 LIMIT 1   [ RunTime:0.0000s ]
SQL: SELECT * FROM `rrhbt2t8888_tgbz` WHERE `zt` <= 0 ORDER BY date   [ RunTime:0.0000s ]
INFO: [ app_end ] --START--
INFO: Run Behavior\ShowPageTraceBehavior [ RunTime:0.001000s ]
INFO: [ app_end ] --END-- [ RunTime:0.001000s ]

[ 2017-02-15T12:01:00+08:00 ] 127.0.0.1 /shi.php/Home/Index/tgbz_list
INFO: [ app_begin ] --START--
INFO: Run Behavior\ReadHtmlCacheBehavior [ RunTime:0.001000s ]
INFO: [ app_begin ] --END-- [ RunTime:0.001000s ]
NOTIC: [8] Undefined index: all D:\www\huzhu\mingyingtianxia\snadmin\Home\Controller\CommonController.class.php 第 15 行.
SQL: SHOW COLUMNS FROM `rrhbt2t8888_tgbz` [ RunTime:0.0050s ]
SQL: SELECT SUM(jb) AS tp_sum FROM `rrhbt2t8888_tgbz` LIMIT 1   [ RunTime:0.0010s ]
SQL: SELECT SUM(jb) AS tp_sum FROM `rrhbt2t8888_tgbz` WHERE `zt` = 1 LIMIT 1   [ RunTime:0.0000s ]
SQL: SELECT SUM(jb) AS tp_sum FROM `rrhbt2t8888_tgbz` WHERE `zt` <> 1 LIMIT 1   [ RunTime:0.0000s ]
SQL: SELECT SUM(jb) AS tp_sum FROM `rrhbt2t8888_tgbz` WHERE ( `date`> '2017-02-15 00:00:00' AND `date` < '2017-02-15 23:59:59' ) LIMIT 1   [ RunTime:0.0010s ]
SQL: SELECT COUNT(*) AS tp_count FROM `rrhbt2t8888_tgbz` WHERE `zt` <= 0 LIMIT 1   [ RunTime:0.0000s ]
SQL: SELECT * FROM `rrhbt2t8888_tgbz` WHERE `zt` <= 0 ORDER BY date  LIMIT 0,20   [ RunTime:0.0000s ]
INFO: [ view_parse ] --START--
INFO: [ template_filter ] --START--
INFO: Run Behavior\ContentReplaceBehavior [ RunTime:0.000000s ]
INFO: [ template_filter ] --END-- [ RunTime:0.000000s ]
INFO: Run Behavior\ParseTemplateBehavior [ RunTime:0.010001s ]
INFO: [ view_parse ] --END-- [ RunTime:0.010001s ]
INFO: [ view_filter ] --START--
INFO: Run Behavior\WriteHtmlCacheBehavior [ RunTime:0.000000s ]
INFO: [ view_filter ] --END-- [ RunTime:0.000000s ]
INFO: [ app_end ] --START--
INFO: Run Behavior\ShowPageTraceBehavior [ RunTime:0.001000s ]
INFO: [ app_end ] --END-- [ RunTime:0.001000s ]

